{"/home/nineleaps/Store_Pet/app/test/controllers/PetController.test.ts":{"path":"/home/nineleaps/Store_Pet/app/test/controllers/PetController.test.ts","statementMap":{"0":{"start":{"line":2,"column":16},"end":{"line":9,"column":1}},"1":{"start":{"line":3,"column":4},"end":{"line":8,"column":7}},"2":{"start":{"line":4,"column":36},"end":{"line":4,"column":97}},"3":{"start":{"line":4,"column":42},"end":{"line":4,"column":70}},"4":{"start":{"line":4,"column":85},"end":{"line":4,"column":95}},"5":{"start":{"line":5,"column":35},"end":{"line":5,"column":100}},"6":{"start":{"line":5,"column":41},"end":{"line":5,"column":73}},"7":{"start":{"line":5,"column":88},"end":{"line":5,"column":98}},"8":{"start":{"line":6,"column":32},"end":{"line":6,"column":149}},"9":{"start":{"line":6,"column":97},"end":{"line":6,"column":119}},"10":{"start":{"line":7,"column":8},"end":{"line":7,"column":78}},"11":{"start":{"line":10,"column":22},"end":{"line":12,"column":1}},"12":{"start":{"line":11,"column":4},"end":{"line":11,"column":62}},"13":{"start":{"line":13,"column":0},"end":{"line":13,"column":62}},"14":{"start":{"line":14,"column":24},"end":{"line":14,"column":67}},"15":{"start":{"line":15,"column":21},"end":{"line":15,"column":74}},"16":{"start":{"line":16,"column":15},"end":{"line":16,"column":47}},"17":{"start":{"line":17,"column":27},"end":{"line":17,"column":71}},"18":{"start":{"line":18,"column":16},"end":{"line":18,"column":49}},"19":{"start":{"line":19,"column":15},"end":{"line":19,"column":36}},"20":{"start":{"line":20,"column":24},"end":{"line":20,"column":83}},"21":{"start":{"line":21,"column":18},"end":{"line":21,"column":67}},"22":{"start":{"line":22,"column":22},"end":{"line":22,"column":77}},"23":{"start":{"line":23,"column":23},"end":{"line":23,"column":76}},"24":{"start":{"line":24,"column":0},"end":{"line":24,"column":47}},"25":{"start":{"line":25,"column":0},"end":{"line":418,"column":3}},"26":{"start":{"line":30,"column":4},"end":{"line":34,"column":7}},"27":{"start":{"line":31,"column":8},"end":{"line":31,"column":86}},"28":{"start":{"line":32,"column":8},"end":{"line":32,"column":91}},"29":{"start":{"line":33,"column":8},"end":{"line":33,"column":68}},"30":{"start":{"line":35,"column":4},"end":{"line":37,"column":7}},"31":{"start":{"line":36,"column":8},"end":{"line":36,"column":34}},"32":{"start":{"line":38,"column":16},"end":{"line":38,"column":66}},"33":{"start":{"line":38,"column":30},"end":{"line":38,"column":62}},"34":{"start":{"line":39,"column":4},"end":{"line":107,"column":8}},"35":{"start":{"line":39,"column":56},"end":{"line":107,"column":6}},"36":{"start":{"line":40,"column":8},"end":{"line":87,"column":12}},"37":{"start":{"line":40,"column":39},"end":{"line":87,"column":10}},"38":{"start":{"line":41,"column":36},"end":{"line":61,"column":13}},"39":{"start":{"line":62,"column":25},"end":{"line":75,"column":18}},"40":{"start":{"line":76,"column":12},"end":{"line":76,"column":58}},"41":{"start":{"line":77,"column":32},"end":{"line":77,"column":121}},"42":{"start":{"line":78,"column":29},"end":{"line":78,"column":69}},"43":{"start":{"line":79,"column":12},"end":{"line":79,"column":73}},"44":{"start":{"line":80,"column":12},"end":{"line":80,"column":59}},"45":{"start":{"line":81,"column":12},"end":{"line":81,"column":47}},"46":{"start":{"line":82,"column":12},"end":{"line":82,"column":53}},"47":{"start":{"line":83,"column":12},"end":{"line":83,"column":52}},"48":{"start":{"line":84,"column":12},"end":{"line":84,"column":57}},"49":{"start":{"line":85,"column":12},"end":{"line":85,"column":57}},"50":{"start":{"line":86,"column":12},"end":{"line":86,"column":52}},"51":{"start":{"line":88,"column":8},"end":{"line":101,"column":12}},"52":{"start":{"line":88,"column":65},"end":{"line":101,"column":10}},"53":{"start":{"line":89,"column":35},"end":{"line":92,"column":13}},"54":{"start":{"line":93,"column":26},"end":{"line":93,"column":153}},"55":{"start":{"line":94,"column":12},"end":{"line":94,"column":52}},"56":{"start":{"line":95,"column":30},"end":{"line":96,"column":40}},"57":{"start":{"line":97,"column":29},"end":{"line":97,"column":69}},"58":{"start":{"line":98,"column":12},"end":{"line":98,"column":73}},"59":{"start":{"line":99,"column":12},"end":{"line":99,"column":57}},"60":{"start":{"line":100,"column":12},"end":{"line":100,"column":51}},"61":{"start":{"line":102,"column":8},"end":{"line":106,"column":12}},"62":{"start":{"line":102,"column":39},"end":{"line":106,"column":10}},"63":{"start":{"line":103,"column":26},"end":{"line":103,"column":37}},"64":{"start":{"line":104,"column":12},"end":{"line":104,"column":58}},"65":{"start":{"line":105,"column":12},"end":{"line":105,"column":76}},"66":{"start":{"line":108,"column":4},"end":{"line":185,"column":8}},"67":{"start":{"line":108,"column":68},"end":{"line":185,"column":6}},"68":{"start":{"line":109,"column":8},"end":{"line":115,"column":11}},"69":{"start":{"line":110,"column":12},"end":{"line":114,"column":14}},"70":{"start":{"line":116,"column":8},"end":{"line":165,"column":12}},"71":{"start":{"line":116,"column":45},"end":{"line":165,"column":10}},"72":{"start":{"line":117,"column":36},"end":{"line":137,"column":13}},"73":{"start":{"line":138,"column":25},"end":{"line":152,"column":18}},"74":{"start":{"line":153,"column":12},"end":{"line":153,"column":56}},"75":{"start":{"line":154,"column":32},"end":{"line":155,"column":41}},"76":{"start":{"line":156,"column":29},"end":{"line":156,"column":67}},"77":{"start":{"line":157,"column":12},"end":{"line":157,"column":71}},"78":{"start":{"line":158,"column":12},"end":{"line":158,"column":59}},"79":{"start":{"line":159,"column":12},"end":{"line":159,"column":47}},"80":{"start":{"line":160,"column":12},"end":{"line":160,"column":53}},"81":{"start":{"line":161,"column":12},"end":{"line":161,"column":52}},"82":{"start":{"line":162,"column":12},"end":{"line":162,"column":59}},"83":{"start":{"line":163,"column":12},"end":{"line":163,"column":59}},"84":{"start":{"line":164,"column":12},"end":{"line":164,"column":52}},"85":{"start":{"line":166,"column":8},"end":{"line":179,"column":12}},"86":{"start":{"line":166,"column":65},"end":{"line":179,"column":10}},"87":{"start":{"line":167,"column":35},"end":{"line":170,"column":13}},"88":{"start":{"line":171,"column":26},"end":{"line":171,"column":153}},"89":{"start":{"line":172,"column":30},"end":{"line":173,"column":40}},"90":{"start":{"line":174,"column":12},"end":{"line":174,"column":50}},"91":{"start":{"line":175,"column":29},"end":{"line":175,"column":67}},"92":{"start":{"line":176,"column":12},"end":{"line":176,"column":71}},"93":{"start":{"line":177,"column":12},"end":{"line":177,"column":57}},"94":{"start":{"line":178,"column":12},"end":{"line":178,"column":51}},"95":{"start":{"line":180,"column":8},"end":{"line":184,"column":12}},"96":{"start":{"line":180,"column":39},"end":{"line":184,"column":10}},"97":{"start":{"line":181,"column":26},"end":{"line":181,"column":37}},"98":{"start":{"line":182,"column":12},"end":{"line":182,"column":56}},"99":{"start":{"line":183,"column":12},"end":{"line":183,"column":74}},"100":{"start":{"line":186,"column":4},"end":{"line":259,"column":8}},"101":{"start":{"line":186,"column":57},"end":{"line":259,"column":6}},"102":{"start":{"line":187,"column":8},"end":{"line":204,"column":11}},"103":{"start":{"line":188,"column":12},"end":{"line":203,"column":14}},"104":{"start":{"line":205,"column":8},"end":{"line":239,"column":12}},"105":{"start":{"line":205,"column":39},"end":{"line":239,"column":10}},"106":{"start":{"line":206,"column":36},"end":{"line":226,"column":13}},"107":{"start":{"line":227,"column":25},"end":{"line":227,"column":27}},"108":{"start":{"line":228,"column":12},"end":{"line":228,"column":57}},"109":{"start":{"line":229,"column":32},"end":{"line":230,"column":41}},"110":{"start":{"line":231,"column":29},"end":{"line":231,"column":68}},"111":{"start":{"line":232,"column":12},"end":{"line":232,"column":72}},"112":{"start":{"line":233,"column":12},"end":{"line":233,"column":59}},"113":{"start":{"line":234,"column":12},"end":{"line":234,"column":47}},"114":{"start":{"line":235,"column":12},"end":{"line":235,"column":53}},"115":{"start":{"line":236,"column":12},"end":{"line":236,"column":52}},"116":{"start":{"line":237,"column":12},"end":{"line":237,"column":57}},"117":{"start":{"line":238,"column":12},"end":{"line":238,"column":58}},"118":{"start":{"line":240,"column":8},"end":{"line":253,"column":12}},"119":{"start":{"line":240,"column":69},"end":{"line":253,"column":10}},"120":{"start":{"line":241,"column":35},"end":{"line":244,"column":13}},"121":{"start":{"line":245,"column":26},"end":{"line":245,"column":177}},"122":{"start":{"line":246,"column":12},"end":{"line":246,"column":51}},"123":{"start":{"line":247,"column":30},"end":{"line":248,"column":40}},"124":{"start":{"line":249,"column":29},"end":{"line":249,"column":68}},"125":{"start":{"line":250,"column":12},"end":{"line":250,"column":72}},"126":{"start":{"line":251,"column":12},"end":{"line":251,"column":57}},"127":{"start":{"line":252,"column":12},"end":{"line":252,"column":51}},"128":{"start":{"line":254,"column":8},"end":{"line":258,"column":12}},"129":{"start":{"line":254,"column":39},"end":{"line":258,"column":10}},"130":{"start":{"line":255,"column":26},"end":{"line":255,"column":37}},"131":{"start":{"line":256,"column":12},"end":{"line":256,"column":57}},"132":{"start":{"line":257,"column":12},"end":{"line":257,"column":67}},"133":{"start":{"line":260,"column":4},"end":{"line":363,"column":8}},"134":{"start":{"line":260,"column":63},"end":{"line":363,"column":6}},"135":{"start":{"line":261,"column":8},"end":{"line":326,"column":12}},"136":{"start":{"line":261,"column":46},"end":{"line":326,"column":10}},"137":{"start":{"line":262,"column":12},"end":{"line":278,"column":14}},"138":{"start":{"line":279,"column":36},"end":{"line":299,"column":13}},"139":{"start":{"line":300,"column":25},"end":{"line":314,"column":18}},"140":{"start":{"line":315,"column":12},"end":{"line":315,"column":57}},"141":{"start":{"line":316,"column":32},"end":{"line":317,"column":41}},"142":{"start":{"line":318,"column":29},"end":{"line":318,"column":68}},"143":{"start":{"line":319,"column":12},"end":{"line":319,"column":72}},"144":{"start":{"line":320,"column":12},"end":{"line":320,"column":59}},"145":{"start":{"line":321,"column":12},"end":{"line":321,"column":47}},"146":{"start":{"line":322,"column":12},"end":{"line":322,"column":53}},"147":{"start":{"line":323,"column":12},"end":{"line":323,"column":52}},"148":{"start":{"line":324,"column":12},"end":{"line":324,"column":59}},"149":{"start":{"line":325,"column":12},"end":{"line":325,"column":58}},"150":{"start":{"line":327,"column":8},"end":{"line":357,"column":12}},"151":{"start":{"line":327,"column":65},"end":{"line":357,"column":10}},"152":{"start":{"line":328,"column":12},"end":{"line":344,"column":14}},"153":{"start":{"line":345,"column":35},"end":{"line":348,"column":13}},"154":{"start":{"line":349,"column":26},"end":{"line":349,"column":153}},"155":{"start":{"line":350,"column":12},"end":{"line":350,"column":51}},"156":{"start":{"line":351,"column":30},"end":{"line":352,"column":40}},"157":{"start":{"line":353,"column":29},"end":{"line":353,"column":68}},"158":{"start":{"line":354,"column":12},"end":{"line":354,"column":72}},"159":{"start":{"line":355,"column":12},"end":{"line":355,"column":57}},"160":{"start":{"line":356,"column":12},"end":{"line":356,"column":51}},"161":{"start":{"line":358,"column":8},"end":{"line":362,"column":12}},"162":{"start":{"line":358,"column":39},"end":{"line":362,"column":10}},"163":{"start":{"line":359,"column":26},"end":{"line":359,"column":37}},"164":{"start":{"line":360,"column":12},"end":{"line":360,"column":57}},"165":{"start":{"line":361,"column":12},"end":{"line":361,"column":75}},"166":{"start":{"line":364,"column":4},"end":{"line":417,"column":8}},"167":{"start":{"line":364,"column":59},"end":{"line":417,"column":6}},"168":{"start":{"line":365,"column":8},"end":{"line":367,"column":10}},"169":{"start":{"line":368,"column":8},"end":{"line":397,"column":12}},"170":{"start":{"line":368,"column":47},"end":{"line":397,"column":10}},"171":{"start":{"line":369,"column":36},"end":{"line":372,"column":13}},"172":{"start":{"line":373,"column":25},"end":{"line":387,"column":18}},"173":{"start":{"line":388,"column":12},"end":{"line":388,"column":57}},"174":{"start":{"line":389,"column":32},"end":{"line":390,"column":41}},"175":{"start":{"line":391,"column":29},"end":{"line":391,"column":68}},"176":{"start":{"line":392,"column":12},"end":{"line":392,"column":72}},"177":{"start":{"line":393,"column":12},"end":{"line":393,"column":59}},"178":{"start":{"line":394,"column":12},"end":{"line":394,"column":47}},"179":{"start":{"line":395,"column":12},"end":{"line":395,"column":53}},"180":{"start":{"line":396,"column":12},"end":{"line":396,"column":58}},"181":{"start":{"line":398,"column":8},"end":{"line":411,"column":12}},"182":{"start":{"line":398,"column":65},"end":{"line":411,"column":10}},"183":{"start":{"line":399,"column":35},"end":{"line":402,"column":13}},"184":{"start":{"line":403,"column":26},"end":{"line":403,"column":153}},"185":{"start":{"line":404,"column":12},"end":{"line":404,"column":51}},"186":{"start":{"line":405,"column":30},"end":{"line":406,"column":40}},"187":{"start":{"line":407,"column":29},"end":{"line":407,"column":68}},"188":{"start":{"line":408,"column":12},"end":{"line":408,"column":72}},"189":{"start":{"line":409,"column":12},"end":{"line":409,"column":57}},"190":{"start":{"line":410,"column":12},"end":{"line":410,"column":51}},"191":{"start":{"line":412,"column":8},"end":{"line":416,"column":12}},"192":{"start":{"line":412,"column":39},"end":{"line":416,"column":10}},"193":{"start":{"line":413,"column":26},"end":{"line":413,"column":37}},"194":{"start":{"line":414,"column":12},"end":{"line":414,"column":57}},"195":{"start":{"line":415,"column":12},"end":{"line":415,"column":75}}},"fnMap":{"0":{"name":"(anonymous_0)","decl":{"start":{"line":2,"column":44},"end":{"line":2,"column":45}},"loc":{"start":{"line":2,"column":89},"end":{"line":9,"column":1}},"line":2},"1":{"name":"(anonymous_1)","decl":{"start":{"line":3,"column":36},"end":{"line":3,"column":37}},"loc":{"start":{"line":3,"column":63},"end":{"line":8,"column":5}},"line":3},"2":{"name":"fulfilled","decl":{"start":{"line":4,"column":17},"end":{"line":4,"column":26}},"loc":{"start":{"line":4,"column":34},"end":{"line":4,"column":99}},"line":4},"3":{"name":"rejected","decl":{"start":{"line":5,"column":17},"end":{"line":5,"column":25}},"loc":{"start":{"line":5,"column":33},"end":{"line":5,"column":102}},"line":5},"4":{"name":"step","decl":{"start":{"line":6,"column":17},"end":{"line":6,"column":21}},"loc":{"start":{"line":6,"column":30},"end":{"line":6,"column":151}},"line":6},"5":{"name":"(anonymous_5)","decl":{"start":{"line":6,"column":76},"end":{"line":6,"column":77}},"loc":{"start":{"line":6,"column":95},"end":{"line":6,"column":121}},"line":6},"6":{"name":"(anonymous_6)","decl":{"start":{"line":10,"column":56},"end":{"line":10,"column":57}},"loc":{"start":{"line":10,"column":71},"end":{"line":12,"column":1}},"line":10},"7":{"name":"(anonymous_7)","decl":{"start":{"line":25,"column":32},"end":{"line":25,"column":33}},"loc":{"start":{"line":25,"column":38},"end":{"line":418,"column":1}},"line":25},"8":{"name":"(anonymous_8)","decl":{"start":{"line":30,"column":15},"end":{"line":30,"column":16}},"loc":{"start":{"line":30,"column":21},"end":{"line":34,"column":5}},"line":30},"9":{"name":"(anonymous_9)","decl":{"start":{"line":35,"column":14},"end":{"line":35,"column":15}},"loc":{"start":{"line":35,"column":20},"end":{"line":37,"column":5}},"line":35},"10":{"name":"(anonymous_10)","decl":{"start":{"line":38,"column":18},"end":{"line":38,"column":19}},"loc":{"start":{"line":38,"column":28},"end":{"line":38,"column":64}},"line":38},"11":{"name":"(anonymous_11)","decl":{"start":{"line":39,"column":50},"end":{"line":39,"column":51}},"loc":{"start":{"line":39,"column":56},"end":{"line":107,"column":6}},"line":39},"12":{"name":"(anonymous_12)","decl":{"start":{"line":39,"column":88},"end":{"line":39,"column":89}},"loc":{"start":{"line":39,"column":101},"end":{"line":107,"column":5}},"line":39},"13":{"name":"(anonymous_13)","decl":{"start":{"line":40,"column":33},"end":{"line":40,"column":34}},"loc":{"start":{"line":40,"column":39},"end":{"line":87,"column":10}},"line":40},"14":{"name":"(anonymous_14)","decl":{"start":{"line":40,"column":71},"end":{"line":40,"column":72}},"loc":{"start":{"line":40,"column":84},"end":{"line":87,"column":9}},"line":40},"15":{"name":"(anonymous_15)","decl":{"start":{"line":88,"column":59},"end":{"line":88,"column":60}},"loc":{"start":{"line":88,"column":65},"end":{"line":101,"column":10}},"line":88},"16":{"name":"(anonymous_16)","decl":{"start":{"line":88,"column":97},"end":{"line":88,"column":98}},"loc":{"start":{"line":88,"column":110},"end":{"line":101,"column":9}},"line":88},"17":{"name":"(anonymous_17)","decl":{"start":{"line":102,"column":33},"end":{"line":102,"column":34}},"loc":{"start":{"line":102,"column":39},"end":{"line":106,"column":10}},"line":102},"18":{"name":"(anonymous_18)","decl":{"start":{"line":102,"column":71},"end":{"line":102,"column":72}},"loc":{"start":{"line":102,"column":84},"end":{"line":106,"column":9}},"line":102},"19":{"name":"(anonymous_19)","decl":{"start":{"line":108,"column":62},"end":{"line":108,"column":63}},"loc":{"start":{"line":108,"column":68},"end":{"line":185,"column":6}},"line":108},"20":{"name":"(anonymous_20)","decl":{"start":{"line":108,"column":100},"end":{"line":108,"column":101}},"loc":{"start":{"line":108,"column":113},"end":{"line":185,"column":5}},"line":108},"21":{"name":"(anonymous_21)","decl":{"start":{"line":109,"column":19},"end":{"line":109,"column":20}},"loc":{"start":{"line":109,"column":25},"end":{"line":115,"column":9}},"line":109},"22":{"name":"(anonymous_22)","decl":{"start":{"line":116,"column":39},"end":{"line":116,"column":40}},"loc":{"start":{"line":116,"column":45},"end":{"line":165,"column":10}},"line":116},"23":{"name":"(anonymous_23)","decl":{"start":{"line":116,"column":77},"end":{"line":116,"column":78}},"loc":{"start":{"line":116,"column":90},"end":{"line":165,"column":9}},"line":116},"24":{"name":"(anonymous_24)","decl":{"start":{"line":166,"column":59},"end":{"line":166,"column":60}},"loc":{"start":{"line":166,"column":65},"end":{"line":179,"column":10}},"line":166},"25":{"name":"(anonymous_25)","decl":{"start":{"line":166,"column":97},"end":{"line":166,"column":98}},"loc":{"start":{"line":166,"column":110},"end":{"line":179,"column":9}},"line":166},"26":{"name":"(anonymous_26)","decl":{"start":{"line":180,"column":33},"end":{"line":180,"column":34}},"loc":{"start":{"line":180,"column":39},"end":{"line":184,"column":10}},"line":180},"27":{"name":"(anonymous_27)","decl":{"start":{"line":180,"column":71},"end":{"line":180,"column":72}},"loc":{"start":{"line":180,"column":84},"end":{"line":184,"column":9}},"line":180},"28":{"name":"(anonymous_28)","decl":{"start":{"line":186,"column":51},"end":{"line":186,"column":52}},"loc":{"start":{"line":186,"column":57},"end":{"line":259,"column":6}},"line":186},"29":{"name":"(anonymous_29)","decl":{"start":{"line":186,"column":89},"end":{"line":186,"column":90}},"loc":{"start":{"line":186,"column":102},"end":{"line":259,"column":5}},"line":186},"30":{"name":"(anonymous_30)","decl":{"start":{"line":187,"column":19},"end":{"line":187,"column":20}},"loc":{"start":{"line":187,"column":25},"end":{"line":204,"column":9}},"line":187},"31":{"name":"(anonymous_31)","decl":{"start":{"line":205,"column":33},"end":{"line":205,"column":34}},"loc":{"start":{"line":205,"column":39},"end":{"line":239,"column":10}},"line":205},"32":{"name":"(anonymous_32)","decl":{"start":{"line":205,"column":71},"end":{"line":205,"column":72}},"loc":{"start":{"line":205,"column":84},"end":{"line":239,"column":9}},"line":205},"33":{"name":"(anonymous_33)","decl":{"start":{"line":240,"column":63},"end":{"line":240,"column":64}},"loc":{"start":{"line":240,"column":69},"end":{"line":253,"column":10}},"line":240},"34":{"name":"(anonymous_34)","decl":{"start":{"line":240,"column":101},"end":{"line":240,"column":102}},"loc":{"start":{"line":240,"column":114},"end":{"line":253,"column":9}},"line":240},"35":{"name":"(anonymous_35)","decl":{"start":{"line":254,"column":33},"end":{"line":254,"column":34}},"loc":{"start":{"line":254,"column":39},"end":{"line":258,"column":10}},"line":254},"36":{"name":"(anonymous_36)","decl":{"start":{"line":254,"column":71},"end":{"line":254,"column":72}},"loc":{"start":{"line":254,"column":84},"end":{"line":258,"column":9}},"line":254},"37":{"name":"(anonymous_37)","decl":{"start":{"line":260,"column":57},"end":{"line":260,"column":58}},"loc":{"start":{"line":260,"column":63},"end":{"line":363,"column":6}},"line":260},"38":{"name":"(anonymous_38)","decl":{"start":{"line":260,"column":95},"end":{"line":260,"column":96}},"loc":{"start":{"line":260,"column":108},"end":{"line":363,"column":5}},"line":260},"39":{"name":"(anonymous_39)","decl":{"start":{"line":261,"column":40},"end":{"line":261,"column":41}},"loc":{"start":{"line":261,"column":46},"end":{"line":326,"column":10}},"line":261},"40":{"name":"(anonymous_40)","decl":{"start":{"line":261,"column":78},"end":{"line":261,"column":79}},"loc":{"start":{"line":261,"column":91},"end":{"line":326,"column":9}},"line":261},"41":{"name":"(anonymous_41)","decl":{"start":{"line":327,"column":59},"end":{"line":327,"column":60}},"loc":{"start":{"line":327,"column":65},"end":{"line":357,"column":10}},"line":327},"42":{"name":"(anonymous_42)","decl":{"start":{"line":327,"column":97},"end":{"line":327,"column":98}},"loc":{"start":{"line":327,"column":110},"end":{"line":357,"column":9}},"line":327},"43":{"name":"(anonymous_43)","decl":{"start":{"line":358,"column":33},"end":{"line":358,"column":34}},"loc":{"start":{"line":358,"column":39},"end":{"line":362,"column":10}},"line":358},"44":{"name":"(anonymous_44)","decl":{"start":{"line":358,"column":71},"end":{"line":358,"column":72}},"loc":{"start":{"line":358,"column":84},"end":{"line":362,"column":9}},"line":358},"45":{"name":"(anonymous_45)","decl":{"start":{"line":364,"column":53},"end":{"line":364,"column":54}},"loc":{"start":{"line":364,"column":59},"end":{"line":417,"column":6}},"line":364},"46":{"name":"(anonymous_46)","decl":{"start":{"line":364,"column":91},"end":{"line":364,"column":92}},"loc":{"start":{"line":364,"column":104},"end":{"line":417,"column":5}},"line":364},"47":{"name":"(anonymous_47)","decl":{"start":{"line":368,"column":41},"end":{"line":368,"column":42}},"loc":{"start":{"line":368,"column":47},"end":{"line":397,"column":10}},"line":368},"48":{"name":"(anonymous_48)","decl":{"start":{"line":368,"column":79},"end":{"line":368,"column":80}},"loc":{"start":{"line":368,"column":92},"end":{"line":397,"column":9}},"line":368},"49":{"name":"(anonymous_49)","decl":{"start":{"line":398,"column":59},"end":{"line":398,"column":60}},"loc":{"start":{"line":398,"column":65},"end":{"line":411,"column":10}},"line":398},"50":{"name":"(anonymous_50)","decl":{"start":{"line":398,"column":97},"end":{"line":398,"column":98}},"loc":{"start":{"line":398,"column":110},"end":{"line":411,"column":9}},"line":398},"51":{"name":"(anonymous_51)","decl":{"start":{"line":412,"column":33},"end":{"line":412,"column":34}},"loc":{"start":{"line":412,"column":39},"end":{"line":416,"column":10}},"line":412},"52":{"name":"(anonymous_52)","decl":{"start":{"line":412,"column":71},"end":{"line":412,"column":72}},"loc":{"start":{"line":412,"column":84},"end":{"line":416,"column":9}},"line":412}},"branchMap":{"0":{"loc":{"start":{"line":2,"column":16},"end":{"line":9,"column":1}},"type":"binary-expr","locations":[{"start":{"line":2,"column":17},"end":{"line":2,"column":21}},{"start":{"line":2,"column":25},"end":{"line":2,"column":39}},{"start":{"line":2,"column":44},"end":{"line":9,"column":1}}],"line":2},"1":{"loc":{"start":{"line":3,"column":16},"end":{"line":3,"column":34}},"type":"binary-expr","locations":[{"start":{"line":3,"column":16},"end":{"line":3,"column":17}},{"start":{"line":3,"column":22},"end":{"line":3,"column":33}}],"line":3},"2":{"loc":{"start":{"line":6,"column":32},"end":{"line":6,"column":148}},"type":"cond-expr","locations":[{"start":{"line":6,"column":46},"end":{"line":6,"column":67}},{"start":{"line":6,"column":70},"end":{"line":6,"column":148}}],"line":6},"3":{"loc":{"start":{"line":7,"column":51},"end":{"line":7,"column":67}},"type":"binary-expr","locations":[{"start":{"line":7,"column":51},"end":{"line":7,"column":61}},{"start":{"line":7,"column":65},"end":{"line":7,"column":67}}],"line":7},"4":{"loc":{"start":{"line":10,"column":22},"end":{"line":12,"column":1}},"type":"binary-expr","locations":[{"start":{"line":10,"column":23},"end":{"line":10,"column":27}},{"start":{"line":10,"column":31},"end":{"line":10,"column":51}},{"start":{"line":10,"column":56},"end":{"line":12,"column":1}}],"line":10},"5":{"loc":{"start":{"line":11,"column":11},"end":{"line":11,"column":61}},"type":"cond-expr","locations":[{"start":{"line":11,"column":37},"end":{"line":11,"column":40}},{"start":{"line":11,"column":43},"end":{"line":11,"column":61}}],"line":11},"6":{"loc":{"start":{"line":11,"column":12},"end":{"line":11,"column":33}},"type":"binary-expr","locations":[{"start":{"line":11,"column":12},"end":{"line":11,"column":15}},{"start":{"line":11,"column":19},"end":{"line":11,"column":33}}],"line":11}},"s":{"0":1,"1":20,"2":35,"3":35,"4":0,"5":0,"6":0,"7":0,"8":55,"9":35,"10":20,"11":1,"12":8,"13":1,"14":1,"15":1,"16":1,"17":1,"18":1,"19":1,"20":1,"21":1,"22":1,"23":1,"24":1,"25":1,"26":1,"27":15,"28":15,"29":15,"30":1,"31":15,"32":1,"33":0,"34":1,"35":1,"36":1,"37":1,"38":1,"39":1,"40":1,"41":1,"42":1,"43":1,"44":1,"45":1,"46":1,"47":1,"48":1,"49":1,"50":1,"51":1,"52":1,"53":1,"54":1,"55":1,"56":1,"57":1,"58":1,"59":1,"60":1,"61":1,"62":1,"63":1,"64":1,"65":1,"66":1,"67":1,"68":1,"69":3,"70":1,"71":1,"72":1,"73":1,"74":1,"75":1,"76":1,"77":1,"78":1,"79":1,"80":1,"81":1,"82":1,"83":1,"84":1,"85":1,"86":1,"87":1,"88":1,"89":1,"90":1,"91":1,"92":1,"93":1,"94":1,"95":1,"96":1,"97":1,"98":1,"99":1,"100":1,"101":1,"102":1,"103":3,"104":1,"105":1,"106":1,"107":1,"108":1,"109":1,"110":1,"111":1,"112":1,"113":1,"114":1,"115":1,"116":1,"117":1,"118":1,"119":1,"120":1,"121":1,"122":1,"123":1,"124":1,"125":1,"126":1,"127":1,"128":1,"129":1,"130":1,"131":1,"132":1,"133":1,"134":1,"135":1,"136":1,"137":1,"138":1,"139":1,"140":1,"141":1,"142":1,"143":1,"144":1,"145":1,"146":1,"147":1,"148":1,"149":1,"150":1,"151":1,"152":1,"153":1,"154":1,"155":1,"156":1,"157":1,"158":1,"159":1,"160":1,"161":1,"162":1,"163":1,"164":1,"165":1,"166":1,"167":1,"168":1,"169":1,"170":1,"171":1,"172":1,"173":1,"174":1,"175":1,"176":1,"177":1,"178":1,"179":1,"180":1,"181":1,"182":1,"183":1,"184":1,"185":1,"186":1,"187":1,"188":1,"189":1,"190":1,"191":1,"192":1,"193":1,"194":1,"195":1},"f":{"0":20,"1":20,"2":35,"3":0,"4":55,"5":35,"6":8,"7":1,"8":15,"9":15,"10":0,"11":1,"12":1,"13":1,"14":1,"15":1,"16":1,"17":1,"18":1,"19":1,"20":1,"21":3,"22":1,"23":1,"24":1,"25":1,"26":1,"27":1,"28":1,"29":1,"30":3,"31":1,"32":1,"33":1,"34":1,"35":1,"36":1,"37":1,"38":1,"39":1,"40":1,"41":1,"42":1,"43":1,"44":1,"45":1,"46":1,"47":1,"48":1,"49":1,"50":1,"51":1,"52":1},"b":{"0":[1,1,1],"1":[20,20],"2":[20,35],"3":[20,20],"4":[1,1,1],"5":[4,4],"6":[8,8]},"_coverageSchema":"43e27e138ebf9cfc5966b082cf9a028302ed4184","hash":"0114ea87f5d6f8e10aa3b4dd92b1ae13a4075691","contentHash":"e0738b0fab649f926f1c3aad81f16e7a41dbe17ad6c94edd635896a751cf3d84"},"/home/nineleaps/Store_Pet/app/repositories/PetRepository.ts":{"path":"/home/nineleaps/Store_Pet/app/repositories/PetRepository.ts","statementMap":{"0":{"start":{"line":2,"column":22},"end":{"line":4,"column":1}},"1":{"start":{"line":3,"column":4},"end":{"line":3,"column":62}},"2":{"start":{"line":5,"column":0},"end":{"line":5,"column":62}},"3":{"start":{"line":6,"column":14},"end":{"line":6,"column":55}},"4":{"start":{"line":9,"column":8},"end":{"line":11,"column":10}},"5":{"start":{"line":10,"column":12},"end":{"line":10,"column":40}},"6":{"start":{"line":12,"column":8},"end":{"line":14,"column":10}},"7":{"start":{"line":13,"column":12},"end":{"line":13,"column":48}},"8":{"start":{"line":15,"column":8},"end":{"line":17,"column":10}},"9":{"start":{"line":16,"column":12},"end":{"line":16,"column":55}},"10":{"start":{"line":18,"column":8},"end":{"line":20,"column":10}},"11":{"start":{"line":19,"column":12},"end":{"line":19,"column":101}},"12":{"start":{"line":21,"column":8},"end":{"line":29,"column":10}},"13":{"start":{"line":22,"column":12},"end":{"line":28,"column":13}},"14":{"start":{"line":23,"column":16},"end":{"line":23,"column":70}},"15":{"start":{"line":24,"column":17},"end":{"line":28,"column":13}},"16":{"start":{"line":25,"column":16},"end":{"line":25,"column":55}},"17":{"start":{"line":27,"column":16},"end":{"line":27,"column":79}},"18":{"start":{"line":32,"column":0},"end":{"line":32,"column":38}},"19":{"start":{"line":33,"column":0},"end":{"line":33,"column":32}}},"fnMap":{"0":{"name":"(anonymous_0)","decl":{"start":{"line":2,"column":56},"end":{"line":2,"column":57}},"loc":{"start":{"line":2,"column":71},"end":{"line":4,"column":1}},"line":2},"1":{"name":"(anonymous_1)","decl":{"start":{"line":8,"column":4},"end":{"line":8,"column":5}},"loc":{"start":{"line":8,"column":18},"end":{"line":30,"column":5}},"line":8},"2":{"name":"(anonymous_2)","decl":{"start":{"line":9,"column":26},"end":{"line":9,"column":27}},"loc":{"start":{"line":9,"column":32},"end":{"line":11,"column":9}},"line":9},"3":{"name":"(anonymous_3)","decl":{"start":{"line":12,"column":25},"end":{"line":12,"column":26}},"loc":{"start":{"line":12,"column":37},"end":{"line":14,"column":9}},"line":12},"4":{"name":"(anonymous_4)","decl":{"start":{"line":15,"column":25},"end":{"line":15,"column":26}},"loc":{"start":{"line":15,"column":33},"end":{"line":17,"column":9}},"line":15},"5":{"name":"(anonymous_5)","decl":{"start":{"line":18,"column":25},"end":{"line":18,"column":26}},"loc":{"start":{"line":18,"column":45},"end":{"line":20,"column":9}},"line":18},"6":{"name":"(anonymous_6)","decl":{"start":{"line":21,"column":24},"end":{"line":21,"column":25}},"loc":{"start":{"line":21,"column":38},"end":{"line":29,"column":9}},"line":21}},"branchMap":{"0":{"loc":{"start":{"line":2,"column":22},"end":{"line":4,"column":1}},"type":"binary-expr","locations":[{"start":{"line":2,"column":23},"end":{"line":2,"column":27}},{"start":{"line":2,"column":31},"end":{"line":2,"column":51}},{"start":{"line":2,"column":56},"end":{"line":4,"column":1}}],"line":2},"1":{"loc":{"start":{"line":3,"column":11},"end":{"line":3,"column":61}},"type":"cond-expr","locations":[{"start":{"line":3,"column":37},"end":{"line":3,"column":40}},{"start":{"line":3,"column":43},"end":{"line":3,"column":61}}],"line":3},"2":{"loc":{"start":{"line":3,"column":12},"end":{"line":3,"column":33}},"type":"binary-expr","locations":[{"start":{"line":3,"column":12},"end":{"line":3,"column":15}},{"start":{"line":3,"column":19},"end":{"line":3,"column":33}}],"line":3},"3":{"loc":{"start":{"line":22,"column":12},"end":{"line":28,"column":13}},"type":"if","locations":[{"start":{"line":22,"column":12},"end":{"line":28,"column":13}},{"start":{"line":22,"column":12},"end":{"line":28,"column":13}}],"line":22},"4":{"loc":{"start":{"line":24,"column":17},"end":{"line":28,"column":13}},"type":"if","locations":[{"start":{"line":24,"column":17},"end":{"line":28,"column":13}},{"start":{"line":24,"column":17},"end":{"line":28,"column":13}}],"line":24}},"s":{"0":1,"1":1,"2":1,"3":1,"4":32,"5":1,"6":32,"7":1,"8":32,"9":1,"10":32,"11":1,"12":32,"13":3,"14":1,"15":2,"16":1,"17":1,"18":1,"19":1},"f":{"0":1,"1":32,"2":1,"3":1,"4":1,"5":1,"6":3},"b":{"0":[1,1,1],"1":[1,0],"2":[1,1],"3":[1,2],"4":[1,1]},"_coverageSchema":"43e27e138ebf9cfc5966b082cf9a028302ed4184","hash":"e91bd285f88976ea3081a06820881680a30aff66","contentHash":"25eb5eda5df6a4ff5774fdb3975b59ec8f182a12f7eab0168a607e6bd4422ea5"},"/home/nineleaps/Store_Pet/app/models/Pet.ts":{"path":"/home/nineleaps/Store_Pet/app/models/Pet.ts","statementMap":{"0":{"start":{"line":2,"column":19},"end":{"line":8,"column":1}},"1":{"start":{"line":3,"column":4},"end":{"line":3,"column":42}},"2":{"start":{"line":3,"column":31},"end":{"line":3,"column":42}},"3":{"start":{"line":4,"column":17},"end":{"line":4,"column":19}},"4":{"start":{"line":5,"column":4},"end":{"line":5,"column":99}},"5":{"start":{"line":5,"column":21},"end":{"line":5,"column":99}},"6":{"start":{"line":5,"column":40},"end":{"line":5,"column":99}},"7":{"start":{"line":5,"column":80},"end":{"line":5,"column":99}},"8":{"start":{"line":6,"column":4},"end":{"line":6,"column":28}},"9":{"start":{"line":7,"column":4},"end":{"line":7,"column":18}},"10":{"start":{"line":9,"column":0},"end":{"line":9,"column":62}},"11":{"start":{"line":10,"column":17},"end":{"line":10,"column":50}},"12":{"start":{"line":11,"column":15},"end":{"line":11,"column":30}},"13":{"start":{"line":12,"column":0},"end":{"line":25,"column":3}},"14":{"start":{"line":26,"column":12},"end":{"line":26,"column":52}},"15":{"start":{"line":27,"column":0},"end":{"line":27,"column":22}}},"fnMap":{"0":{"name":"(anonymous_0)","decl":{"start":{"line":2,"column":50},"end":{"line":2,"column":51}},"loc":{"start":{"line":2,"column":65},"end":{"line":8,"column":1}},"line":2}},"branchMap":{"0":{"loc":{"start":{"line":2,"column":19},"end":{"line":8,"column":1}},"type":"binary-expr","locations":[{"start":{"line":2,"column":20},"end":{"line":2,"column":24}},{"start":{"line":2,"column":28},"end":{"line":2,"column":45}},{"start":{"line":2,"column":50},"end":{"line":8,"column":1}}],"line":2},"1":{"loc":{"start":{"line":3,"column":4},"end":{"line":3,"column":42}},"type":"if","locations":[{"start":{"line":3,"column":4},"end":{"line":3,"column":42}},{"start":{"line":3,"column":4},"end":{"line":3,"column":42}}],"line":3},"2":{"loc":{"start":{"line":3,"column":8},"end":{"line":3,"column":29}},"type":"binary-expr","locations":[{"start":{"line":3,"column":8},"end":{"line":3,"column":11}},{"start":{"line":3,"column":15},"end":{"line":3,"column":29}}],"line":3},"3":{"loc":{"start":{"line":5,"column":4},"end":{"line":5,"column":99}},"type":"if","locations":[{"start":{"line":5,"column":4},"end":{"line":5,"column":99}},{"start":{"line":5,"column":4},"end":{"line":5,"column":99}}],"line":5},"4":{"loc":{"start":{"line":5,"column":40},"end":{"line":5,"column":99}},"type":"if","locations":[{"start":{"line":5,"column":40},"end":{"line":5,"column":99}},{"start":{"line":5,"column":40},"end":{"line":5,"column":99}}],"line":5}},"s":{"0":1,"1":1,"2":0,"3":1,"4":1,"5":1,"6":44,"7":8,"8":1,"9":1,"10":1,"11":1,"12":1,"13":1,"14":1,"15":1},"f":{"0":1},"b":{"0":[1,1,1],"1":[0,1],"2":[1,1],"3":[1,0],"4":[8,36]},"_coverageSchema":"43e27e138ebf9cfc5966b082cf9a028302ed4184","hash":"545eb33b7145c7fd13835b457f77edb63203e4af","contentHash":"71d025fc2611d285d5b61a8dfaafd2e1b32891be86be16595d6b1c509b147208"},"/home/nineleaps/Store_Pet/app/services/PetService.ts":{"path":"/home/nineleaps/Store_Pet/app/services/PetService.ts","statementMap":{"0":{"start":{"line":2,"column":16},"end":{"line":9,"column":1}},"1":{"start":{"line":3,"column":4},"end":{"line":8,"column":7}},"2":{"start":{"line":4,"column":36},"end":{"line":4,"column":97}},"3":{"start":{"line":4,"column":42},"end":{"line":4,"column":70}},"4":{"start":{"line":4,"column":85},"end":{"line":4,"column":95}},"5":{"start":{"line":5,"column":35},"end":{"line":5,"column":100}},"6":{"start":{"line":5,"column":41},"end":{"line":5,"column":73}},"7":{"start":{"line":5,"column":88},"end":{"line":5,"column":98}},"8":{"start":{"line":6,"column":32},"end":{"line":6,"column":149}},"9":{"start":{"line":6,"column":97},"end":{"line":6,"column":119}},"10":{"start":{"line":7,"column":8},"end":{"line":7,"column":78}},"11":{"start":{"line":10,"column":22},"end":{"line":12,"column":1}},"12":{"start":{"line":11,"column":4},"end":{"line":11,"column":62}},"13":{"start":{"line":13,"column":0},"end":{"line":13,"column":62}},"14":{"start":{"line":14,"column":23},"end":{"line":14,"column":73}},"15":{"start":{"line":15,"column":22},"end":{"line":15,"column":74}},"16":{"start":{"line":18,"column":8},"end":{"line":24,"column":11}},"17":{"start":{"line":18,"column":32},"end":{"line":24,"column":10}},"18":{"start":{"line":19,"column":27},"end":{"line":19,"column":64}},"19":{"start":{"line":20,"column":12},"end":{"line":22,"column":13}},"20":{"start":{"line":21,"column":16},"end":{"line":21,"column":150}},"21":{"start":{"line":23,"column":12},"end":{"line":23,"column":26}},"22":{"start":{"line":25,"column":8},"end":{"line":32,"column":11}},"23":{"start":{"line":25,"column":37},"end":{"line":32,"column":10}},"24":{"start":{"line":26,"column":12},"end":{"line":31,"column":13}},"25":{"start":{"line":27,"column":16},"end":{"line":27,"column":66}},"26":{"start":{"line":30,"column":16},"end":{"line":30,"column":174}},"27":{"start":{"line":33,"column":8},"end":{"line":45,"column":11}},"28":{"start":{"line":33,"column":45},"end":{"line":45,"column":10}},"29":{"start":{"line":34,"column":12},"end":{"line":44,"column":13}},"30":{"start":{"line":35,"column":31},"end":{"line":35,"column":81}},"31":{"start":{"line":36,"column":16},"end":{"line":36,"column":58}},"32":{"start":{"line":37,"column":16},"end":{"line":39,"column":17}},"33":{"start":{"line":38,"column":20},"end":{"line":38,"column":154}},"34":{"start":{"line":40,"column":16},"end":{"line":40,"column":30}},"35":{"start":{"line":43,"column":16},"end":{"line":43,"column":28}},"36":{"start":{"line":46,"column":8},"end":{"line":57,"column":11}},"37":{"start":{"line":46,"column":33},"end":{"line":57,"column":10}},"38":{"start":{"line":47,"column":12},"end":{"line":56,"column":13}},"39":{"start":{"line":48,"column":31},"end":{"line":48,"column":69}},"40":{"start":{"line":49,"column":16},"end":{"line":51,"column":17}},"41":{"start":{"line":50,"column":20},"end":{"line":50,"column":154}},"42":{"start":{"line":52,"column":16},"end":{"line":52,"column":30}},"43":{"start":{"line":55,"column":16},"end":{"line":55,"column":28}},"44":{"start":{"line":58,"column":8},"end":{"line":69,"column":11}},"45":{"start":{"line":58,"column":38},"end":{"line":69,"column":10}},"46":{"start":{"line":59,"column":12},"end":{"line":68,"column":13}},"47":{"start":{"line":60,"column":31},"end":{"line":60,"column":74}},"48":{"start":{"line":61,"column":16},"end":{"line":63,"column":17}},"49":{"start":{"line":62,"column":20},"end":{"line":62,"column":154}},"50":{"start":{"line":64,"column":16},"end":{"line":64,"column":30}},"51":{"start":{"line":67,"column":16},"end":{"line":67,"column":28}},"52":{"start":{"line":70,"column":8},"end":{"line":70,"column":43}},"53":{"start":{"line":73,"column":0},"end":{"line":73,"column":32}},"54":{"start":{"line":74,"column":0},"end":{"line":74,"column":29}}},"fnMap":{"0":{"name":"(anonymous_0)","decl":{"start":{"line":2,"column":44},"end":{"line":2,"column":45}},"loc":{"start":{"line":2,"column":89},"end":{"line":9,"column":1}},"line":2},"1":{"name":"(anonymous_1)","decl":{"start":{"line":3,"column":36},"end":{"line":3,"column":37}},"loc":{"start":{"line":3,"column":63},"end":{"line":8,"column":5}},"line":3},"2":{"name":"fulfilled","decl":{"start":{"line":4,"column":17},"end":{"line":4,"column":26}},"loc":{"start":{"line":4,"column":34},"end":{"line":4,"column":99}},"line":4},"3":{"name":"rejected","decl":{"start":{"line":5,"column":17},"end":{"line":5,"column":25}},"loc":{"start":{"line":5,"column":33},"end":{"line":5,"column":102}},"line":5},"4":{"name":"step","decl":{"start":{"line":6,"column":17},"end":{"line":6,"column":21}},"loc":{"start":{"line":6,"column":30},"end":{"line":6,"column":151}},"line":6},"5":{"name":"(anonymous_5)","decl":{"start":{"line":6,"column":76},"end":{"line":6,"column":77}},"loc":{"start":{"line":6,"column":95},"end":{"line":6,"column":121}},"line":6},"6":{"name":"(anonymous_6)","decl":{"start":{"line":10,"column":56},"end":{"line":10,"column":57}},"loc":{"start":{"line":10,"column":71},"end":{"line":12,"column":1}},"line":10},"7":{"name":"(anonymous_7)","decl":{"start":{"line":17,"column":4},"end":{"line":17,"column":5}},"loc":{"start":{"line":17,"column":31},"end":{"line":71,"column":5}},"line":17},"8":{"name":"(anonymous_8)","decl":{"start":{"line":18,"column":26},"end":{"line":18,"column":27}},"loc":{"start":{"line":18,"column":32},"end":{"line":24,"column":10}},"line":18},"9":{"name":"(anonymous_9)","decl":{"start":{"line":18,"column":64},"end":{"line":18,"column":65}},"loc":{"start":{"line":18,"column":77},"end":{"line":24,"column":9}},"line":18},"10":{"name":"(anonymous_10)","decl":{"start":{"line":25,"column":25},"end":{"line":25,"column":26}},"loc":{"start":{"line":25,"column":37},"end":{"line":32,"column":10}},"line":25},"11":{"name":"(anonymous_11)","decl":{"start":{"line":25,"column":69},"end":{"line":25,"column":70}},"loc":{"start":{"line":25,"column":82},"end":{"line":32,"column":9}},"line":25},"12":{"name":"(anonymous_12)","decl":{"start":{"line":33,"column":25},"end":{"line":33,"column":26}},"loc":{"start":{"line":33,"column":45},"end":{"line":45,"column":10}},"line":33},"13":{"name":"(anonymous_13)","decl":{"start":{"line":33,"column":77},"end":{"line":33,"column":78}},"loc":{"start":{"line":33,"column":90},"end":{"line":45,"column":9}},"line":33},"14":{"name":"(anonymous_14)","decl":{"start":{"line":46,"column":25},"end":{"line":46,"column":26}},"loc":{"start":{"line":46,"column":33},"end":{"line":57,"column":10}},"line":46},"15":{"name":"(anonymous_15)","decl":{"start":{"line":46,"column":65},"end":{"line":46,"column":66}},"loc":{"start":{"line":46,"column":78},"end":{"line":57,"column":9}},"line":46},"16":{"name":"(anonymous_16)","decl":{"start":{"line":58,"column":24},"end":{"line":58,"column":25}},"loc":{"start":{"line":58,"column":38},"end":{"line":69,"column":10}},"line":58},"17":{"name":"(anonymous_17)","decl":{"start":{"line":58,"column":70},"end":{"line":58,"column":71}},"loc":{"start":{"line":58,"column":83},"end":{"line":69,"column":9}},"line":58}},"branchMap":{"0":{"loc":{"start":{"line":2,"column":16},"end":{"line":9,"column":1}},"type":"binary-expr","locations":[{"start":{"line":2,"column":17},"end":{"line":2,"column":21}},{"start":{"line":2,"column":25},"end":{"line":2,"column":39}},{"start":{"line":2,"column":44},"end":{"line":9,"column":1}}],"line":2},"1":{"loc":{"start":{"line":3,"column":16},"end":{"line":3,"column":34}},"type":"binary-expr","locations":[{"start":{"line":3,"column":16},"end":{"line":3,"column":17}},{"start":{"line":3,"column":22},"end":{"line":3,"column":33}}],"line":3},"2":{"loc":{"start":{"line":6,"column":32},"end":{"line":6,"column":148}},"type":"cond-expr","locations":[{"start":{"line":6,"column":46},"end":{"line":6,"column":67}},{"start":{"line":6,"column":70},"end":{"line":6,"column":148}}],"line":6},"3":{"loc":{"start":{"line":7,"column":51},"end":{"line":7,"column":67}},"type":"binary-expr","locations":[{"start":{"line":7,"column":51},"end":{"line":7,"column":61}},{"start":{"line":7,"column":65},"end":{"line":7,"column":67}}],"line":7},"4":{"loc":{"start":{"line":10,"column":22},"end":{"line":12,"column":1}},"type":"binary-expr","locations":[{"start":{"line":10,"column":23},"end":{"line":10,"column":27}},{"start":{"line":10,"column":31},"end":{"line":10,"column":51}},{"start":{"line":10,"column":56},"end":{"line":12,"column":1}}],"line":10},"5":{"loc":{"start":{"line":11,"column":11},"end":{"line":11,"column":61}},"type":"cond-expr","locations":[{"start":{"line":11,"column":37},"end":{"line":11,"column":40}},{"start":{"line":11,"column":43},"end":{"line":11,"column":61}}],"line":11},"6":{"loc":{"start":{"line":11,"column":12},"end":{"line":11,"column":33}},"type":"binary-expr","locations":[{"start":{"line":11,"column":12},"end":{"line":11,"column":15}},{"start":{"line":11,"column":19},"end":{"line":11,"column":33}}],"line":11},"7":{"loc":{"start":{"line":20,"column":12},"end":{"line":22,"column":13}},"type":"if","locations":[{"start":{"line":20,"column":12},"end":{"line":22,"column":13}},{"start":{"line":20,"column":12},"end":{"line":22,"column":13}}],"line":20},"8":{"loc":{"start":{"line":37,"column":16},"end":{"line":39,"column":17}},"type":"if","locations":[{"start":{"line":37,"column":16},"end":{"line":39,"column":17}},{"start":{"line":37,"column":16},"end":{"line":39,"column":17}}],"line":37},"9":{"loc":{"start":{"line":49,"column":16},"end":{"line":51,"column":17}},"type":"if","locations":[{"start":{"line":49,"column":16},"end":{"line":51,"column":17}},{"start":{"line":49,"column":16},"end":{"line":51,"column":17}}],"line":49},"10":{"loc":{"start":{"line":61,"column":16},"end":{"line":63,"column":17}},"type":"if","locations":[{"start":{"line":61,"column":16},"end":{"line":63,"column":17}},{"start":{"line":61,"column":16},"end":{"line":63,"column":17}}],"line":61},"11":{"loc":{"start":{"line":61,"column":20},"end":{"line":61,"column":71}},"type":"binary-expr","locations":[{"start":{"line":61,"column":20},"end":{"line":61,"column":35}},{"start":{"line":61,"column":39},"end":{"line":61,"column":71}}],"line":61}},"s":{"0":1,"1":10,"2":5,"3":5,"4":0,"5":0,"6":0,"7":0,"8":10,"9":5,"10":10,"11":1,"12":2,"13":1,"14":1,"15":1,"16":25,"17":1,"18":1,"19":1,"20":0,"21":1,"22":25,"23":2,"24":2,"25":2,"26":1,"27":25,"28":3,"29":3,"30":3,"31":1,"32":1,"33":0,"34":1,"35":2,"36":25,"37":2,"38":2,"39":2,"40":1,"41":0,"42":1,"43":1,"44":25,"45":2,"46":2,"47":2,"48":1,"49":0,"50":1,"51":1,"52":25,"53":1,"54":1},"f":{"0":10,"1":10,"2":5,"3":0,"4":10,"5":5,"6":2,"7":25,"8":1,"9":1,"10":2,"11":2,"12":3,"13":3,"14":2,"15":2,"16":2,"17":2},"b":{"0":[1,1,1],"1":[10,10],"2":[5,5],"3":[10,10],"4":[1,1,1],"5":[2,0],"6":[2,2],"7":[0,1],"8":[0,1],"9":[0,1],"10":[0,1],"11":[1,1]},"_coverageSchema":"43e27e138ebf9cfc5966b082cf9a028302ed4184","hash":"6c01f54505c2124fb29fc3bb60421fbe56732bd3","contentHash":"8acc70a70cd7d55180a46454921865f4829de0cb8247290a5140ff3206de9efa"},"/home/nineleaps/Store_Pet/app/errors/ServiceError.ts":{"path":"/home/nineleaps/Store_Pet/app/errors/ServiceError.ts","statementMap":{"0":{"start":{"line":2,"column":0},"end":{"line":2,"column":62}},"1":{"start":{"line":5,"column":8},"end":{"line":5,"column":23}},"2":{"start":{"line":6,"column":8},"end":{"line":6,"column":25}},"3":{"start":{"line":9,"column":0},"end":{"line":9,"column":31}}},"fnMap":{"0":{"name":"(anonymous_0)","decl":{"start":{"line":4,"column":4},"end":{"line":4,"column":5}},"loc":{"start":{"line":4,"column":31},"end":{"line":7,"column":5}},"line":4}},"branchMap":{},"s":{"0":1,"1":8,"2":8,"3":1},"f":{"0":8},"b":{},"_coverageSchema":"43e27e138ebf9cfc5966b082cf9a028302ed4184","hash":"88f454b214d075b4d598af1383baf9021f64eac9","contentHash":"ab646bd163e86c1c67d12dc8155c6449a52adbb0f32a3df415c9173c2cde2513"},"/home/nineleaps/Store_Pet/app/constants/AppConstant.ts":{"path":"/home/nineleaps/Store_Pet/app/constants/AppConstant.ts","statementMap":{"0":{"start":{"line":2,"column":0},"end":{"line":2,"column":62}},"1":{"start":{"line":3,"column":0},"end":{"line":10,"column":2}},"2":{"start":{"line":11,"column":0},"end":{"line":18,"column":2}},"3":{"start":{"line":19,"column":0},"end":{"line":22,"column":2}}},"fnMap":{},"branchMap":{},"s":{"0":1,"1":1,"2":1,"3":1},"f":{},"b":{},"_coverageSchema":"43e27e138ebf9cfc5966b082cf9a028302ed4184","hash":"aa752655443d89d8493ff88cf9f56453eae85ce5","contentHash":"fcd2ccc83ca8e4fdfb6403fb74be9cb3bc702553bb7bf4e7e7a788731c5497fa"},"/home/nineleaps/Store_Pet/app/controllers/PetController.ts":{"path":"/home/nineleaps/Store_Pet/app/controllers/PetController.ts","statementMap":{"0":{"start":{"line":2,"column":16},"end":{"line":9,"column":1}},"1":{"start":{"line":3,"column":4},"end":{"line":8,"column":7}},"2":{"start":{"line":4,"column":36},"end":{"line":4,"column":97}},"3":{"start":{"line":4,"column":42},"end":{"line":4,"column":70}},"4":{"start":{"line":4,"column":85},"end":{"line":4,"column":95}},"5":{"start":{"line":5,"column":35},"end":{"line":5,"column":100}},"6":{"start":{"line":5,"column":41},"end":{"line":5,"column":73}},"7":{"start":{"line":5,"column":88},"end":{"line":5,"column":98}},"8":{"start":{"line":6,"column":32},"end":{"line":6,"column":149}},"9":{"start":{"line":6,"column":97},"end":{"line":6,"column":119}},"10":{"start":{"line":7,"column":8},"end":{"line":7,"column":78}},"11":{"start":{"line":10,"column":22},"end":{"line":12,"column":1}},"12":{"start":{"line":11,"column":4},"end":{"line":11,"column":62}},"13":{"start":{"line":13,"column":0},"end":{"line":13,"column":62}},"14":{"start":{"line":14,"column":19},"end":{"line":14,"column":55}},"15":{"start":{"line":15,"column":22},"end":{"line":15,"column":74}},"16":{"start":{"line":16,"column":14},"end":{"line":16,"column":55}},"17":{"start":{"line":17,"column":25},"end":{"line":17,"column":69}},"18":{"start":{"line":18,"column":23},"end":{"line":18,"column":73}},"19":{"start":{"line":21,"column":8},"end":{"line":21,"column":16}},"20":{"start":{"line":22,"column":8},"end":{"line":49,"column":11}},"21":{"start":{"line":22,"column":39},"end":{"line":49,"column":10}},"22":{"start":{"line":23,"column":12},"end":{"line":48,"column":13}},"23":{"start":{"line":24,"column":31},"end":{"line":37,"column":18}},"24":{"start":{"line":38,"column":33},"end":{"line":38,"column":72}},"25":{"start":{"line":39,"column":16},"end":{"line":39,"column":73}},"26":{"start":{"line":42,"column":16},"end":{"line":47,"column":17}},"27":{"start":{"line":43,"column":20},"end":{"line":43,"column":195}},"28":{"start":{"line":46,"column":20},"end":{"line":46,"column":32}},"29":{"start":{"line":50,"column":8},"end":{"line":63,"column":11}},"30":{"start":{"line":50,"column":40},"end":{"line":63,"column":10}},"31":{"start":{"line":51,"column":12},"end":{"line":62,"column":13}},"32":{"start":{"line":52,"column":29},"end":{"line":52,"column":63}},"33":{"start":{"line":53,"column":16},"end":{"line":53,"column":63}},"34":{"start":{"line":56,"column":16},"end":{"line":61,"column":17}},"35":{"start":{"line":57,"column":20},"end":{"line":57,"column":174}},"36":{"start":{"line":60,"column":20},"end":{"line":60,"column":32}},"37":{"start":{"line":64,"column":8},"end":{"line":82,"column":11}},"38":{"start":{"line":64,"column":38},"end":{"line":82,"column":10}},"39":{"start":{"line":65,"column":12},"end":{"line":81,"column":13}},"40":{"start":{"line":66,"column":27},"end":{"line":66,"column":42}},"41":{"start":{"line":67,"column":29},"end":{"line":67,"column":46}},"42":{"start":{"line":68,"column":31},"end":{"line":68,"column":71}},"43":{"start":{"line":69,"column":16},"end":{"line":69,"column":65}},"44":{"start":{"line":72,"column":16},"end":{"line":80,"column":17}},"45":{"start":{"line":73,"column":20},"end":{"line":73,"column":174}},"46":{"start":{"line":75,"column":21},"end":{"line":80,"column":17}},"47":{"start":{"line":76,"column":20},"end":{"line":76,"column":180}},"48":{"start":{"line":79,"column":20},"end":{"line":79,"column":32}},"49":{"start":{"line":83,"column":8},"end":{"line":100,"column":11}},"50":{"start":{"line":83,"column":39},"end":{"line":100,"column":10}},"51":{"start":{"line":84,"column":12},"end":{"line":99,"column":13}},"52":{"start":{"line":85,"column":27},"end":{"line":85,"column":43}},"53":{"start":{"line":86,"column":31},"end":{"line":86,"column":76}},"54":{"start":{"line":87,"column":16},"end":{"line":87,"column":65}},"55":{"start":{"line":90,"column":16},"end":{"line":98,"column":17}},"56":{"start":{"line":91,"column":20},"end":{"line":91,"column":174}},"57":{"start":{"line":93,"column":21},"end":{"line":98,"column":17}},"58":{"start":{"line":94,"column":20},"end":{"line":94,"column":180}},"59":{"start":{"line":97,"column":20},"end":{"line":97,"column":32}},"60":{"start":{"line":101,"column":8},"end":{"line":118,"column":11}},"61":{"start":{"line":101,"column":39},"end":{"line":118,"column":10}},"62":{"start":{"line":102,"column":12},"end":{"line":117,"column":13}},"63":{"start":{"line":103,"column":27},"end":{"line":103,"column":43}},"64":{"start":{"line":104,"column":16},"end":{"line":104,"column":52}},"65":{"start":{"line":105,"column":16},"end":{"line":105,"column":88}},"66":{"start":{"line":108,"column":16},"end":{"line":116,"column":17}},"67":{"start":{"line":109,"column":20},"end":{"line":109,"column":174}},"68":{"start":{"line":111,"column":21},"end":{"line":116,"column":17}},"69":{"start":{"line":112,"column":20},"end":{"line":112,"column":180}},"70":{"start":{"line":115,"column":20},"end":{"line":115,"column":32}},"71":{"start":{"line":119,"column":8},"end":{"line":119,"column":37}},"72":{"start":{"line":122,"column":0},"end":{"line":122,"column":38}},"73":{"start":{"line":123,"column":0},"end":{"line":123,"column":32}}},"fnMap":{"0":{"name":"(anonymous_0)","decl":{"start":{"line":2,"column":44},"end":{"line":2,"column":45}},"loc":{"start":{"line":2,"column":89},"end":{"line":9,"column":1}},"line":2},"1":{"name":"(anonymous_1)","decl":{"start":{"line":3,"column":36},"end":{"line":3,"column":37}},"loc":{"start":{"line":3,"column":63},"end":{"line":8,"column":5}},"line":3},"2":{"name":"fulfilled","decl":{"start":{"line":4,"column":17},"end":{"line":4,"column":26}},"loc":{"start":{"line":4,"column":34},"end":{"line":4,"column":99}},"line":4},"3":{"name":"rejected","decl":{"start":{"line":5,"column":17},"end":{"line":5,"column":25}},"loc":{"start":{"line":5,"column":33},"end":{"line":5,"column":102}},"line":5},"4":{"name":"step","decl":{"start":{"line":6,"column":17},"end":{"line":6,"column":21}},"loc":{"start":{"line":6,"column":30},"end":{"line":6,"column":151}},"line":6},"5":{"name":"(anonymous_5)","decl":{"start":{"line":6,"column":76},"end":{"line":6,"column":77}},"loc":{"start":{"line":6,"column":95},"end":{"line":6,"column":121}},"line":6},"6":{"name":"(anonymous_6)","decl":{"start":{"line":10,"column":56},"end":{"line":10,"column":57}},"loc":{"start":{"line":10,"column":71},"end":{"line":12,"column":1}},"line":10},"7":{"name":"(anonymous_7)","decl":{"start":{"line":20,"column":4},"end":{"line":20,"column":5}},"loc":{"start":{"line":20,"column":28},"end":{"line":120,"column":5}},"line":20},"8":{"name":"(anonymous_8)","decl":{"start":{"line":22,"column":25},"end":{"line":22,"column":26}},"loc":{"start":{"line":22,"column":39},"end":{"line":49,"column":10}},"line":22},"9":{"name":"(anonymous_9)","decl":{"start":{"line":22,"column":71},"end":{"line":22,"column":72}},"loc":{"start":{"line":22,"column":84},"end":{"line":49,"column":9}},"line":22},"10":{"name":"(anonymous_10)","decl":{"start":{"line":50,"column":26},"end":{"line":50,"column":27}},"loc":{"start":{"line":50,"column":40},"end":{"line":63,"column":10}},"line":50},"11":{"name":"(anonymous_11)","decl":{"start":{"line":50,"column":72},"end":{"line":50,"column":73}},"loc":{"start":{"line":50,"column":85},"end":{"line":63,"column":9}},"line":50},"12":{"name":"(anonymous_12)","decl":{"start":{"line":64,"column":24},"end":{"line":64,"column":25}},"loc":{"start":{"line":64,"column":38},"end":{"line":82,"column":10}},"line":64},"13":{"name":"(anonymous_13)","decl":{"start":{"line":64,"column":70},"end":{"line":64,"column":71}},"loc":{"start":{"line":64,"column":83},"end":{"line":82,"column":9}},"line":64},"14":{"name":"(anonymous_14)","decl":{"start":{"line":83,"column":25},"end":{"line":83,"column":26}},"loc":{"start":{"line":83,"column":39},"end":{"line":100,"column":10}},"line":83},"15":{"name":"(anonymous_15)","decl":{"start":{"line":83,"column":71},"end":{"line":83,"column":72}},"loc":{"start":{"line":83,"column":84},"end":{"line":100,"column":9}},"line":83},"16":{"name":"(anonymous_16)","decl":{"start":{"line":101,"column":25},"end":{"line":101,"column":26}},"loc":{"start":{"line":101,"column":39},"end":{"line":118,"column":10}},"line":101},"17":{"name":"(anonymous_17)","decl":{"start":{"line":101,"column":71},"end":{"line":101,"column":72}},"loc":{"start":{"line":101,"column":84},"end":{"line":118,"column":9}},"line":101}},"branchMap":{"0":{"loc":{"start":{"line":2,"column":16},"end":{"line":9,"column":1}},"type":"binary-expr","locations":[{"start":{"line":2,"column":17},"end":{"line":2,"column":21}},{"start":{"line":2,"column":25},"end":{"line":2,"column":39}},{"start":{"line":2,"column":44},"end":{"line":9,"column":1}}],"line":2},"1":{"loc":{"start":{"line":3,"column":16},"end":{"line":3,"column":34}},"type":"binary-expr","locations":[{"start":{"line":3,"column":16},"end":{"line":3,"column":17}},{"start":{"line":3,"column":22},"end":{"line":3,"column":33}}],"line":3},"2":{"loc":{"start":{"line":6,"column":32},"end":{"line":6,"column":148}},"type":"cond-expr","locations":[{"start":{"line":6,"column":46},"end":{"line":6,"column":67}},{"start":{"line":6,"column":70},"end":{"line":6,"column":148}}],"line":6},"3":{"loc":{"start":{"line":7,"column":51},"end":{"line":7,"column":67}},"type":"binary-expr","locations":[{"start":{"line":7,"column":51},"end":{"line":7,"column":61}},{"start":{"line":7,"column":65},"end":{"line":7,"column":67}}],"line":7},"4":{"loc":{"start":{"line":10,"column":22},"end":{"line":12,"column":1}},"type":"binary-expr","locations":[{"start":{"line":10,"column":23},"end":{"line":10,"column":27}},{"start":{"line":10,"column":31},"end":{"line":10,"column":51}},{"start":{"line":10,"column":56},"end":{"line":12,"column":1}}],"line":10},"5":{"loc":{"start":{"line":11,"column":11},"end":{"line":11,"column":61}},"type":"cond-expr","locations":[{"start":{"line":11,"column":37},"end":{"line":11,"column":40}},{"start":{"line":11,"column":43},"end":{"line":11,"column":61}}],"line":11},"6":{"loc":{"start":{"line":11,"column":12},"end":{"line":11,"column":33}},"type":"binary-expr","locations":[{"start":{"line":11,"column":12},"end":{"line":11,"column":15}},{"start":{"line":11,"column":19},"end":{"line":11,"column":33}}],"line":11},"7":{"loc":{"start":{"line":42,"column":16},"end":{"line":47,"column":17}},"type":"if","locations":[{"start":{"line":42,"column":16},"end":{"line":47,"column":17}},{"start":{"line":42,"column":16},"end":{"line":47,"column":17}}],"line":42},"8":{"loc":{"start":{"line":56,"column":16},"end":{"line":61,"column":17}},"type":"if","locations":[{"start":{"line":56,"column":16},"end":{"line":61,"column":17}},{"start":{"line":56,"column":16},"end":{"line":61,"column":17}}],"line":56},"9":{"loc":{"start":{"line":72,"column":16},"end":{"line":80,"column":17}},"type":"if","locations":[{"start":{"line":72,"column":16},"end":{"line":80,"column":17}},{"start":{"line":72,"column":16},"end":{"line":80,"column":17}}],"line":72},"10":{"loc":{"start":{"line":75,"column":21},"end":{"line":80,"column":17}},"type":"if","locations":[{"start":{"line":75,"column":21},"end":{"line":80,"column":17}},{"start":{"line":75,"column":21},"end":{"line":80,"column":17}}],"line":75},"11":{"loc":{"start":{"line":75,"column":25},"end":{"line":75,"column":103}},"type":"binary-expr","locations":[{"start":{"line":75,"column":25},"end":{"line":75,"column":40}},{"start":{"line":75,"column":44},"end":{"line":75,"column":103}}],"line":75},"12":{"loc":{"start":{"line":90,"column":16},"end":{"line":98,"column":17}},"type":"if","locations":[{"start":{"line":90,"column":16},"end":{"line":98,"column":17}},{"start":{"line":90,"column":16},"end":{"line":98,"column":17}}],"line":90},"13":{"loc":{"start":{"line":93,"column":21},"end":{"line":98,"column":17}},"type":"if","locations":[{"start":{"line":93,"column":21},"end":{"line":98,"column":17}},{"start":{"line":93,"column":21},"end":{"line":98,"column":17}}],"line":93},"14":{"loc":{"start":{"line":108,"column":16},"end":{"line":116,"column":17}},"type":"if","locations":[{"start":{"line":108,"column":16},"end":{"line":116,"column":17}},{"start":{"line":108,"column":16},"end":{"line":116,"column":17}}],"line":108},"15":{"loc":{"start":{"line":111,"column":21},"end":{"line":116,"column":17}},"type":"if","locations":[{"start":{"line":111,"column":21},"end":{"line":116,"column":17}},{"start":{"line":111,"column":21},"end":{"line":116,"column":17}}],"line":111}},"s":{"0":1,"1":15,"2":7,"3":7,"4":0,"5":0,"6":0,"7":0,"8":17,"9":7,"10":15,"11":1,"12":5,"13":1,"14":1,"15":1,"16":1,"17":1,"18":1,"19":15,"20":15,"21":3,"22":3,"23":3,"24":2,"25":1,"26":2,"27":1,"28":1,"29":15,"30":3,"31":3,"32":3,"33":1,"34":2,"35":1,"36":1,"37":15,"38":3,"39":3,"40":3,"41":3,"42":3,"43":1,"44":2,"45":1,"46":1,"47":0,"48":1,"49":15,"50":3,"51":3,"52":3,"53":3,"54":1,"55":2,"56":1,"57":1,"58":0,"59":1,"60":15,"61":3,"62":3,"63":3,"64":3,"65":1,"66":2,"67":1,"68":1,"69":0,"70":1,"71":15,"72":1,"73":1},"f":{"0":15,"1":15,"2":7,"3":0,"4":17,"5":7,"6":5,"7":15,"8":3,"9":3,"10":3,"11":3,"12":3,"13":3,"14":3,"15":3,"16":3,"17":3},"b":{"0":[1,1,1],"1":[15,15],"2":[10,7],"3":[15,15],"4":[1,1,1],"5":[4,1],"6":[5,5],"7":[1,1],"8":[1,1],"9":[1,1],"10":[0,1],"11":[1,1],"12":[1,1],"13":[0,1],"14":[1,1],"15":[0,1]},"_coverageSchema":"43e27e138ebf9cfc5966b082cf9a028302ed4184","hash":"7d4dec706008209789a43f81c2fff5feffe2dcd5","contentHash":"03e5cd6f3e4b6228e4c8984cc942393715cf5ed871f28882afca284303555b9c"},"/home/nineleaps/Store_Pet/app/controllers/BaseController.ts":{"path":"/home/nineleaps/Store_Pet/app/controllers/BaseController.ts","statementMap":{"0":{"start":{"line":2,"column":0},"end":{"line":2,"column":62}},"1":{"start":{"line":3,"column":22},"end":{"line":3,"column":56}},"2":{"start":{"line":6,"column":8},"end":{"line":6,"column":59}},"3":{"start":{"line":9,"column":0},"end":{"line":9,"column":33}}},"fnMap":{"0":{"name":"(anonymous_0)","decl":{"start":{"line":5,"column":4},"end":{"line":5,"column":5}},"loc":{"start":{"line":5,"column":18},"end":{"line":7,"column":5}},"line":5}},"branchMap":{},"s":{"0":1,"1":1,"2":15,"3":1},"f":{"0":15},"b":{},"_coverageSchema":"43e27e138ebf9cfc5966b082cf9a028302ed4184","hash":"3ae19131ede360b52d91b21619121d65bcc17201","contentHash":"fd5ab476979b49e79d3f7c14a96d26960835134cd5203a741f563450abfb8182"},"/home/nineleaps/Store_Pet/app/services/AppResponse.ts":{"path":"/home/nineleaps/Store_Pet/app/services/AppResponse.ts","statementMap":{"0":{"start":{"line":2,"column":0},"end":{"line":2,"column":62}},"1":{"start":{"line":5,"column":8},"end":{"line":5,"column":27}},"2":{"start":{"line":6,"column":8},"end":{"line":6,"column":31}},"3":{"start":{"line":7,"column":8},"end":{"line":7,"column":29}},"4":{"start":{"line":8,"column":8},"end":{"line":8,"column":40}},"5":{"start":{"line":9,"column":8},"end":{"line":9,"column":41}},"6":{"start":{"line":10,"column":8},"end":{"line":15,"column":10}},"7":{"start":{"line":11,"column":12},"end":{"line":14,"column":15}},"8":{"start":{"line":16,"column":8},"end":{"line":27,"column":10}},"9":{"start":{"line":17,"column":12},"end":{"line":26,"column":15}},"10":{"start":{"line":28,"column":8},"end":{"line":39,"column":10}},"11":{"start":{"line":29,"column":12},"end":{"line":38,"column":15}},"12":{"start":{"line":40,"column":8},"end":{"line":51,"column":10}},"13":{"start":{"line":41,"column":12},"end":{"line":50,"column":15}},"14":{"start":{"line":54,"column":0},"end":{"line":54,"column":34}}},"fnMap":{"0":{"name":"(anonymous_0)","decl":{"start":{"line":4,"column":4},"end":{"line":4,"column":5}},"loc":{"start":{"line":4,"column":18},"end":{"line":52,"column":5}},"line":4},"1":{"name":"(anonymous_1)","decl":{"start":{"line":10,"column":23},"end":{"line":10,"column":24}},"loc":{"start":{"line":10,"column":38},"end":{"line":15,"column":9}},"line":10},"2":{"name":"(anonymous_2)","decl":{"start":{"line":16,"column":21},"end":{"line":16,"column":22}},"loc":{"start":{"line":16,"column":58},"end":{"line":27,"column":9}},"line":16},"3":{"name":"(anonymous_3)","decl":{"start":{"line":28,"column":26},"end":{"line":28,"column":27}},"loc":{"start":{"line":28,"column":63},"end":{"line":39,"column":9}},"line":28},"4":{"name":"(anonymous_4)","decl":{"start":{"line":40,"column":24},"end":{"line":40,"column":25}},"loc":{"start":{"line":40,"column":61},"end":{"line":51,"column":9}},"line":40}},"branchMap":{},"s":{"0":1,"1":19,"2":19,"3":19,"4":19,"5":19,"6":19,"7":1,"8":19,"9":1,"10":19,"11":1,"12":19,"13":1,"14":1},"f":{"0":19,"1":1,"2":1,"3":1,"4":1},"b":{},"_coverageSchema":"43e27e138ebf9cfc5966b082cf9a028302ed4184","hash":"325ed4ad63799e15852c50bf1212710de958751f","contentHash":"4d86dfcb2cb943ba76769a2202dc68da8ab3984bcd1d31a6da8ca86ca5bb9064"},"/home/nineleaps/Store_Pet/app/test/repositories/PetRepository.test.ts":{"path":"/home/nineleaps/Store_Pet/app/test/repositories/PetRepository.test.ts","statementMap":{"0":{"start":{"line":2,"column":16},"end":{"line":9,"column":1}},"1":{"start":{"line":3,"column":4},"end":{"line":8,"column":7}},"2":{"start":{"line":4,"column":36},"end":{"line":4,"column":97}},"3":{"start":{"line":4,"column":42},"end":{"line":4,"column":70}},"4":{"start":{"line":4,"column":85},"end":{"line":4,"column":95}},"5":{"start":{"line":5,"column":35},"end":{"line":5,"column":100}},"6":{"start":{"line":5,"column":41},"end":{"line":5,"column":73}},"7":{"start":{"line":5,"column":88},"end":{"line":5,"column":98}},"8":{"start":{"line":6,"column":32},"end":{"line":6,"column":149}},"9":{"start":{"line":6,"column":97},"end":{"line":6,"column":119}},"10":{"start":{"line":7,"column":8},"end":{"line":7,"column":78}},"11":{"start":{"line":10,"column":22},"end":{"line":12,"column":1}},"12":{"start":{"line":11,"column":4},"end":{"line":11,"column":62}},"13":{"start":{"line":13,"column":0},"end":{"line":13,"column":62}},"14":{"start":{"line":14,"column":14},"end":{"line":14,"column":58}},"15":{"start":{"line":15,"column":24},"end":{"line":15,"column":67}},"16":{"start":{"line":16,"column":15},"end":{"line":16,"column":47}},"17":{"start":{"line":17,"column":16},"end":{"line":17,"column":49}},"18":{"start":{"line":18,"column":15},"end":{"line":18,"column":36}},"19":{"start":{"line":19,"column":0},"end":{"line":166,"column":4}},"20":{"start":{"line":19,"column":38},"end":{"line":166,"column":2}},"21":{"start":{"line":21,"column":4},"end":{"line":23,"column":7}},"22":{"start":{"line":22,"column":8},"end":{"line":22,"column":59}},"23":{"start":{"line":24,"column":4},"end":{"line":43,"column":8}},"24":{"start":{"line":24,"column":49},"end":{"line":43,"column":6}},"25":{"start":{"line":25,"column":21},"end":{"line":38,"column":14}},"26":{"start":{"line":39,"column":8},"end":{"line":39,"column":46}},"27":{"start":{"line":40,"column":25},"end":{"line":40,"column":79}},"28":{"start":{"line":41,"column":8},"end":{"line":41,"column":61}},"29":{"start":{"line":42,"column":8},"end":{"line":42,"column":44}},"30":{"start":{"line":44,"column":4},"end":{"line":105,"column":8}},"31":{"start":{"line":44,"column":70},"end":{"line":105,"column":6}},"32":{"start":{"line":45,"column":8},"end":{"line":64,"column":12}},"33":{"start":{"line":45,"column":68},"end":{"line":64,"column":10}},"34":{"start":{"line":46,"column":24},"end":{"line":59,"column":18}},"35":{"start":{"line":60,"column":12},"end":{"line":60,"column":49}},"36":{"start":{"line":61,"column":29},"end":{"line":61,"column":104}},"37":{"start":{"line":62,"column":12},"end":{"line":62,"column":66}},"38":{"start":{"line":63,"column":12},"end":{"line":63,"column":47}},"39":{"start":{"line":65,"column":8},"end":{"line":84,"column":12}},"40":{"start":{"line":65,"column":62},"end":{"line":84,"column":10}},"41":{"start":{"line":66,"column":24},"end":{"line":79,"column":18}},"42":{"start":{"line":80,"column":12},"end":{"line":80,"column":49}},"43":{"start":{"line":81,"column":29},"end":{"line":81,"column":102}},"44":{"start":{"line":82,"column":12},"end":{"line":82,"column":67}},"45":{"start":{"line":83,"column":12},"end":{"line":83,"column":47}},"46":{"start":{"line":85,"column":8},"end":{"line":104,"column":12}},"47":{"start":{"line":85,"column":62},"end":{"line":104,"column":10}},"48":{"start":{"line":86,"column":24},"end":{"line":99,"column":18}},"49":{"start":{"line":100,"column":12},"end":{"line":100,"column":49}},"50":{"start":{"line":101,"column":29},"end":{"line":101,"column":103}},"51":{"start":{"line":102,"column":12},"end":{"line":102,"column":67}},"52":{"start":{"line":103,"column":12},"end":{"line":103,"column":47}},"53":{"start":{"line":106,"column":4},"end":{"line":125,"column":8}},"54":{"start":{"line":106,"column":48},"end":{"line":125,"column":6}},"55":{"start":{"line":107,"column":20},"end":{"line":120,"column":14}},"56":{"start":{"line":121,"column":8},"end":{"line":121,"column":47}},"57":{"start":{"line":122,"column":25},"end":{"line":122,"column":81}},"58":{"start":{"line":123,"column":8},"end":{"line":123,"column":63}},"59":{"start":{"line":124,"column":8},"end":{"line":124,"column":43}},"60":{"start":{"line":126,"column":4},"end":{"line":145,"column":8}},"61":{"start":{"line":126,"column":56},"end":{"line":145,"column":6}},"62":{"start":{"line":127,"column":20},"end":{"line":140,"column":14}},"63":{"start":{"line":141,"column":8},"end":{"line":141,"column":58}},"64":{"start":{"line":142,"column":25},"end":{"line":142,"column":88}},"65":{"start":{"line":143,"column":8},"end":{"line":143,"column":74}},"66":{"start":{"line":144,"column":8},"end":{"line":144,"column":43}},"67":{"start":{"line":146,"column":4},"end":{"line":165,"column":8}},"68":{"start":{"line":146,"column":54},"end":{"line":165,"column":6}},"69":{"start":{"line":147,"column":20},"end":{"line":160,"column":14}},"70":{"start":{"line":161,"column":8},"end":{"line":161,"column":58}},"71":{"start":{"line":162,"column":25},"end":{"line":162,"column":93}},"72":{"start":{"line":163,"column":8},"end":{"line":163,"column":74}},"73":{"start":{"line":164,"column":8},"end":{"line":164,"column":43}}},"fnMap":{"0":{"name":"(anonymous_0)","decl":{"start":{"line":2,"column":44},"end":{"line":2,"column":45}},"loc":{"start":{"line":2,"column":89},"end":{"line":9,"column":1}},"line":2},"1":{"name":"(anonymous_1)","decl":{"start":{"line":3,"column":36},"end":{"line":3,"column":37}},"loc":{"start":{"line":3,"column":63},"end":{"line":8,"column":5}},"line":3},"2":{"name":"fulfilled","decl":{"start":{"line":4,"column":17},"end":{"line":4,"column":26}},"loc":{"start":{"line":4,"column":34},"end":{"line":4,"column":99}},"line":4},"3":{"name":"rejected","decl":{"start":{"line":5,"column":17},"end":{"line":5,"column":25}},"loc":{"start":{"line":5,"column":33},"end":{"line":5,"column":102}},"line":5},"4":{"name":"step","decl":{"start":{"line":6,"column":17},"end":{"line":6,"column":21}},"loc":{"start":{"line":6,"column":30},"end":{"line":6,"column":151}},"line":6},"5":{"name":"(anonymous_5)","decl":{"start":{"line":6,"column":76},"end":{"line":6,"column":77}},"loc":{"start":{"line":6,"column":95},"end":{"line":6,"column":121}},"line":6},"6":{"name":"(anonymous_6)","decl":{"start":{"line":10,"column":56},"end":{"line":10,"column":57}},"loc":{"start":{"line":10,"column":71},"end":{"line":12,"column":1}},"line":10},"7":{"name":"(anonymous_7)","decl":{"start":{"line":19,"column":32},"end":{"line":19,"column":33}},"loc":{"start":{"line":19,"column":38},"end":{"line":166,"column":2}},"line":19},"8":{"name":"(anonymous_8)","decl":{"start":{"line":19,"column":70},"end":{"line":19,"column":71}},"loc":{"start":{"line":19,"column":83},"end":{"line":166,"column":1}},"line":19},"9":{"name":"(anonymous_9)","decl":{"start":{"line":21,"column":11},"end":{"line":21,"column":12}},"loc":{"start":{"line":21,"column":17},"end":{"line":23,"column":5}},"line":21},"10":{"name":"(anonymous_10)","decl":{"start":{"line":24,"column":43},"end":{"line":24,"column":44}},"loc":{"start":{"line":24,"column":49},"end":{"line":43,"column":6}},"line":24},"11":{"name":"(anonymous_11)","decl":{"start":{"line":24,"column":81},"end":{"line":24,"column":82}},"loc":{"start":{"line":24,"column":94},"end":{"line":43,"column":5}},"line":24},"12":{"name":"(anonymous_12)","decl":{"start":{"line":44,"column":64},"end":{"line":44,"column":65}},"loc":{"start":{"line":44,"column":70},"end":{"line":105,"column":6}},"line":44},"13":{"name":"(anonymous_13)","decl":{"start":{"line":44,"column":102},"end":{"line":44,"column":103}},"loc":{"start":{"line":44,"column":115},"end":{"line":105,"column":5}},"line":44},"14":{"name":"(anonymous_14)","decl":{"start":{"line":45,"column":62},"end":{"line":45,"column":63}},"loc":{"start":{"line":45,"column":68},"end":{"line":64,"column":10}},"line":45},"15":{"name":"(anonymous_15)","decl":{"start":{"line":45,"column":100},"end":{"line":45,"column":101}},"loc":{"start":{"line":45,"column":113},"end":{"line":64,"column":9}},"line":45},"16":{"name":"(anonymous_16)","decl":{"start":{"line":65,"column":56},"end":{"line":65,"column":57}},"loc":{"start":{"line":65,"column":62},"end":{"line":84,"column":10}},"line":65},"17":{"name":"(anonymous_17)","decl":{"start":{"line":65,"column":94},"end":{"line":65,"column":95}},"loc":{"start":{"line":65,"column":107},"end":{"line":84,"column":9}},"line":65},"18":{"name":"(anonymous_18)","decl":{"start":{"line":85,"column":56},"end":{"line":85,"column":57}},"loc":{"start":{"line":85,"column":62},"end":{"line":104,"column":10}},"line":85},"19":{"name":"(anonymous_19)","decl":{"start":{"line":85,"column":94},"end":{"line":85,"column":95}},"loc":{"start":{"line":85,"column":107},"end":{"line":104,"column":9}},"line":85},"20":{"name":"(anonymous_20)","decl":{"start":{"line":106,"column":42},"end":{"line":106,"column":43}},"loc":{"start":{"line":106,"column":48},"end":{"line":125,"column":6}},"line":106},"21":{"name":"(anonymous_21)","decl":{"start":{"line":106,"column":80},"end":{"line":106,"column":81}},"loc":{"start":{"line":106,"column":93},"end":{"line":125,"column":5}},"line":106},"22":{"name":"(anonymous_22)","decl":{"start":{"line":126,"column":50},"end":{"line":126,"column":51}},"loc":{"start":{"line":126,"column":56},"end":{"line":145,"column":6}},"line":126},"23":{"name":"(anonymous_23)","decl":{"start":{"line":126,"column":88},"end":{"line":126,"column":89}},"loc":{"start":{"line":126,"column":101},"end":{"line":145,"column":5}},"line":126},"24":{"name":"(anonymous_24)","decl":{"start":{"line":146,"column":48},"end":{"line":146,"column":49}},"loc":{"start":{"line":146,"column":54},"end":{"line":165,"column":6}},"line":146},"25":{"name":"(anonymous_25)","decl":{"start":{"line":146,"column":86},"end":{"line":146,"column":87}},"loc":{"start":{"line":146,"column":99},"end":{"line":165,"column":5}},"line":146}},"branchMap":{"0":{"loc":{"start":{"line":2,"column":16},"end":{"line":9,"column":1}},"type":"binary-expr","locations":[{"start":{"line":2,"column":17},"end":{"line":2,"column":21}},{"start":{"line":2,"column":25},"end":{"line":2,"column":39}},{"start":{"line":2,"column":44},"end":{"line":9,"column":1}}],"line":2},"1":{"loc":{"start":{"line":3,"column":16},"end":{"line":3,"column":34}},"type":"binary-expr","locations":[{"start":{"line":3,"column":16},"end":{"line":3,"column":17}},{"start":{"line":3,"column":22},"end":{"line":3,"column":33}}],"line":3},"2":{"loc":{"start":{"line":6,"column":32},"end":{"line":6,"column":148}},"type":"cond-expr","locations":[{"start":{"line":6,"column":46},"end":{"line":6,"column":67}},{"start":{"line":6,"column":70},"end":{"line":6,"column":148}}],"line":6},"3":{"loc":{"start":{"line":7,"column":51},"end":{"line":7,"column":67}},"type":"binary-expr","locations":[{"start":{"line":7,"column":51},"end":{"line":7,"column":61}},{"start":{"line":7,"column":65},"end":{"line":7,"column":67}}],"line":7},"4":{"loc":{"start":{"line":10,"column":22},"end":{"line":12,"column":1}},"type":"binary-expr","locations":[{"start":{"line":10,"column":23},"end":{"line":10,"column":27}},{"start":{"line":10,"column":31},"end":{"line":10,"column":51}},{"start":{"line":10,"column":56},"end":{"line":12,"column":1}}],"line":10},"5":{"loc":{"start":{"line":11,"column":11},"end":{"line":11,"column":61}},"type":"cond-expr","locations":[{"start":{"line":11,"column":37},"end":{"line":11,"column":40}},{"start":{"line":11,"column":43},"end":{"line":11,"column":61}}],"line":11},"6":{"loc":{"start":{"line":11,"column":12},"end":{"line":11,"column":33}},"type":"binary-expr","locations":[{"start":{"line":11,"column":12},"end":{"line":11,"column":15}},{"start":{"line":11,"column":19},"end":{"line":11,"column":33}}],"line":11}},"s":{"0":1,"1":9,"2":21,"3":21,"4":0,"5":0,"6":0,"7":0,"8":30,"9":21,"10":9,"11":1,"12":3,"13":1,"14":1,"15":1,"16":1,"17":1,"18":1,"19":1,"20":1,"21":1,"22":1,"23":1,"24":1,"25":1,"26":1,"27":1,"28":1,"29":1,"30":1,"31":1,"32":1,"33":1,"34":1,"35":1,"36":1,"37":1,"38":1,"39":1,"40":1,"41":1,"42":1,"43":1,"44":1,"45":1,"46":1,"47":1,"48":1,"49":1,"50":1,"51":1,"52":1,"53":1,"54":1,"55":1,"56":1,"57":1,"58":1,"59":1,"60":1,"61":1,"62":1,"63":1,"64":1,"65":1,"66":1,"67":1,"68":1,"69":1,"70":1,"71":1,"72":1,"73":1},"f":{"0":9,"1":9,"2":21,"3":0,"4":30,"5":21,"6":3,"7":1,"8":1,"9":1,"10":1,"11":1,"12":1,"13":1,"14":1,"15":1,"16":1,"17":1,"18":1,"19":1,"20":1,"21":1,"22":1,"23":1,"24":1,"25":1},"b":{"0":[1,1,1],"1":[9,9],"2":[9,21],"3":[9,9],"4":[1,1,1],"5":[1,2],"6":[3,3]},"_coverageSchema":"43e27e138ebf9cfc5966b082cf9a028302ed4184","hash":"932f911428bd43d93d49959d41ccc40da06781ac","contentHash":"4beb8671c2850455a9e75afc99dc9f20c9f19f410e914f8903b8fd77474f0fb5"},"/home/nineleaps/Store_Pet/app/test/services/AppResponse.test.ts":{"path":"/home/nineleaps/Store_Pet/app/test/services/AppResponse.test.ts","statementMap":{"0":{"start":{"line":2,"column":16},"end":{"line":9,"column":1}},"1":{"start":{"line":3,"column":4},"end":{"line":8,"column":7}},"2":{"start":{"line":4,"column":36},"end":{"line":4,"column":97}},"3":{"start":{"line":4,"column":42},"end":{"line":4,"column":70}},"4":{"start":{"line":4,"column":85},"end":{"line":4,"column":95}},"5":{"start":{"line":5,"column":35},"end":{"line":5,"column":100}},"6":{"start":{"line":5,"column":41},"end":{"line":5,"column":73}},"7":{"start":{"line":5,"column":88},"end":{"line":5,"column":98}},"8":{"start":{"line":6,"column":32},"end":{"line":6,"column":149}},"9":{"start":{"line":6,"column":97},"end":{"line":6,"column":119}},"10":{"start":{"line":7,"column":8},"end":{"line":7,"column":78}},"11":{"start":{"line":10,"column":22},"end":{"line":12,"column":1}},"12":{"start":{"line":11,"column":4},"end":{"line":11,"column":62}},"13":{"start":{"line":13,"column":0},"end":{"line":13,"column":62}},"14":{"start":{"line":14,"column":15},"end":{"line":14,"column":47}},"15":{"start":{"line":15,"column":27},"end":{"line":15,"column":71}},"16":{"start":{"line":16,"column":16},"end":{"line":16,"column":49}},"17":{"start":{"line":17,"column":29},"end":{"line":17,"column":58}},"18":{"start":{"line":18,"column":22},"end":{"line":18,"column":59}},"19":{"start":{"line":19,"column":15},"end":{"line":19,"column":36}},"20":{"start":{"line":20,"column":0},"end":{"line":20,"column":47}},"21":{"start":{"line":21,"column":0},"end":{"line":111,"column":4}},"22":{"start":{"line":21,"column":43},"end":{"line":111,"column":2}},"23":{"start":{"line":24,"column":4},"end":{"line":27,"column":8}},"24":{"start":{"line":24,"column":21},"end":{"line":27,"column":6}},"25":{"start":{"line":25,"column":8},"end":{"line":25,"column":45}},"26":{"start":{"line":26,"column":8},"end":{"line":26,"column":60}},"27":{"start":{"line":28,"column":4},"end":{"line":30,"column":8}},"28":{"start":{"line":28,"column":16},"end":{"line":30,"column":6}},"29":{"start":{"line":29,"column":8},"end":{"line":29,"column":34}},"30":{"start":{"line":31,"column":4},"end":{"line":44,"column":8}},"31":{"start":{"line":31,"column":52},"end":{"line":44,"column":6}},"32":{"start":{"line":32,"column":27},"end":{"line":32,"column":30}},"33":{"start":{"line":33,"column":21},"end":{"line":33,"column":23}},"34":{"start":{"line":34,"column":25},"end":{"line":38,"column":9}},"35":{"start":{"line":39,"column":8},"end":{"line":39,"column":45}},"36":{"start":{"line":40,"column":8},"end":{"line":40,"column":54}},"37":{"start":{"line":41,"column":8},"end":{"line":41,"column":52}},"38":{"start":{"line":4
[...]
":{"line":89,"column":85},"end":{"line":89,"column":86}},"loc":{"start":{"line":89,"column":98},"end":{"line":110,"column":5}},"line":89}},"branchMap":{"0":{"loc":{"start":{"line":2,"column":16},"end":{"line":9,"column":1}},"type":"binary-expr","locations":[{"start":{"line":2,"column":17},"end":{"line":2,"column":21}},{"start":{"line":2,"column":25},"end":{"line":2,"column":39}},{"start":{"line":2,"column":44},"end":{"line":9,"column":1}}],"line":2},"1":{"loc":{"start":{"line":3,"column":16},"end":{"line":3,"column":34}},"type":"binary-expr","locations":[{"start":{"line":3,"column":16},"end":{"line":3,"column":17}},{"start":{"line":3,"column":22},"end":{"line":3,"column":33}}],"line":3},"2":{"loc":{"start":{"line":6,"column":32},"end":{"line":6,"column":148}},"type":"cond-expr","locations":[{"start":{"line":6,"column":46},"end":{"line":6,"column":67}},{"start":{"line":6,"column":70},"end":{"line":6,"column":148}}],"line":6},"3":{"loc":{"start":{"line":7,"column":51},"end":{"line":7,"column":67}},"type":"binary-expr","locations":[{"start":{"line":7,"column":51},"end":{"line":7,"column":61}},{"start":{"line":7,"column":65},"end":{"line":7,"column":67}}],"line":7},"4":{"loc":{"start":{"line":10,"column":22},"end":{"line":12,"column":1}},"type":"binary-expr","locations":[{"start":{"line":10,"column":23},"end":{"line":10,"column":27}},{"start":{"line":10,"column":31},"end":{"line":10,"column":51}},{"start":{"line":10,"column":56},"end":{"line":12,"column":1}}],"line":10},"5":{"loc":{"start":{"line":11,"column":11},"end":{"line":11,"column":61}},"type":"cond-expr","locations":[{"start":{"line":11,"column":37},"end":{"line":11,"column":40}},{"start":{"line":11,"column":43},"end":{"line":11,"column":61}}],"line":11},"6":{"loc":{"start":{"line":11,"column":12},"end":{"line":11,"column":33}},"type":"binary-expr","locations":[{"start":{"line":11,"column":12},"end":{"line":11,"column":15}},{"start":{"line":11,"column":19},"end":{"line":11,"column":33}}],"line":11}},"s":{"0":1,"1":10,"2":8,"3":8,"4":0,"5":0,"6":0,"7":0,"8":18,"9":8,"10":10,"11":1,"12":3,"13":1,"14":1,"15":1,"16":1,"17":1,"18":1,"19":1,"20":1,"21":1,"22":1,"23":1,"24":4,"25":4,"26":4,"27":1,"28":1,"29":1,"30":1,"31":1,"32":1,"33":1,"34":1,"35":1,"36":1,"37":1,"38":1,"39":1,"40":1,"41":1,"42":1,"43":1,"44":1,"45":1,"46":1,"47":1,"48":1,"49":1,"50":1,"51":1,"52":1,"53":1,"54":1,"55":1,"56":1,"57":1,"58":1,"59":1,"60":1,"61":1,"62":1,"63":1,"64":1,"65":1,"66":1,"67":1,"68":1,"69":1,"70":1,"71":1,"72":1,"73":1,"74":1,"75":1},"f":{"0":10,"1":10,"2":8,"3":0,"4":18,"5":8,"6":3,"7":1,"8":1,"9":4,"10":4,"11":1,"12":1,"13":1,"14":1,"15":1,"16":1,"17":1,"18":1,"19":1,"20":1},"b":{"0":[1,1,1],"1":[10,10],"2":[10,8],"3":[10,10],"4":[1,1,1],"5":[0,3],"6":[3,3]},"_coverageSchema":"43e27e138ebf9cfc5966b082cf9a028302ed4184","hash":"876ff6ea4f57a9607f22ace35d2b5b0495e32ca6","contentHash":"6b57bf7ec3eaf1c8a8b6a0002df7cdb52a21f6fcc6886fd46a8356dd6d1872e5"},"/home/nineleaps/Store_Pet/app/test/services/PetServices.test.ts":{"path":"/home/nineleaps/Store_Pet/app/test/services/PetServices.test.ts","statementMap":{"0":{"start":{"line":2,"column":16},"end":{"line":9,"column":1}},"1":{"start":{"line":3,"column":4},"end":{"line":8,"column":7}},"2":{"start":{"line":4,"column":36},"end":{"line":4,"column":97}},"3":{"start":{"line":4,"column":42},"end":{"line":4,"column":70}},"4":{"start":{"line":4,"column":85},"end":{"line":4,"column":95}},"5":{"start":{"line":5,"column":35},"end":{"line":5,"column":100}},"6":{"start":{"line":5,"column":41},"end":{"line":5,"column":73}},"7":{"start":{"line":5,"column":88},"end":{"line":5,"column":98}},"8":{"start":{"line":6,"column":32},"end":{"line":6,"column":149}},"9":{"start":{"line":6,"column":97},"end":{"line":6,"column":119}},"10":{"start":{"line":7,"column":8},"end":{"line":7,"column":78}},"11":{"start":{"line":10,"column":22},"end":{"line":12,"column":1}},"12":{"start":{"line":11,"column":4},"end":{"line":11,"column":62}},"13":{"start":{"line":13,"column":0},"end":{"line":13,"column":62}},"14":{"start":{"line":14,"column":15},"end":{"line":14,"column":47}},"15":{"start":{"line":15,"column":27},"end":{"line":15,"column":71}},"16":{"start":{"line":16,"column":16},"end":{"line":16,"column":49}},"17":{"start":{"line":17,"column":24},"end":{"line":17,"column":67}},"18":{"start":{"line":18,"column":22},"end":{"line":18,"column":77}},"19":{"start":{"line":19,"column":21},"end":{"line":19,"column":74}},"20":{"start":{"line":20,"column":23},"end":{"line":20,"column":76}},"21":{"start":{"line":21,"column":0},"end":{"line":21,"column":47}},"22":{"start":{"line":22,"column":15},"end":{"line":22,"column":36}},"23":{"start":{"line":23,"column":0},"end":{"line":128,"column":3}},"24":{"start":{"line":26,"column":4},"end":{"line":43,"column":7}},"25":{"start":{"line":27,"column":8},"end":{"line":27,"column":86}},"26":{"start":{"line":28,"column":8},"end":{"line":42,"column":15}},"27":{"start":{"line":44,"column":4},"end":{"line":51,"column":8}},"28":{"start":{"line":44,"column":53},"end":{"line":51,"column":6}},"29":{"start":{"line":45,"column":8},"end":{"line":50,"column":12}},"30":{"start":{"line":45,"column":55},"end":{"line":50,"column":10}},"31":{"start":{"line":46,"column":12},"end":{"line":46,"column":55}},"32":{"start":{"line":47,"column":29},"end":{"line":47,"column":91}},"33":{"start":{"line":48,"column":12},"end":{"line":48,"column":76}},"34":{"start":{"line":49,"column":12},"end":{"line":49,"column":42}},"35":{"start":{"line":52,"column":4},"end":{"line":65,"column":8}},"36":{"start":{"line":52,"column":69},"end":{"line":65,"column":6}},"37":{"start":{"line":53,"column":8},"end":{"line":58,"column":12}},"38":{"start":{"line":53,"column":70},"end":{"line":58,"column":10}},"39":{"start":{"line":54,"column":12},"end":{"line":54,"column":53}},"40":{"start":{"line":55,"column":29},"end":{"line":55,"column":114}},"41":{"start":{"line":56,"column":12},"end":{"line":56,"column":74}},"42":{"start":{"line":57,"column":12},"end":{"line":57,"column":42}},"43":{"start":{"line":59,"column":8},"end":{"line":64,"column":12}},"44":{"start":{"line":59,"column":39},"end":{"line":64,"column":10}},"45":{"start":{"line":60,"column":26},"end":{"line":60,"column":37}},"46":{"start":{"line":61,"column":12},"end":{"line":61,"column":59}},"47":{"start":{"line":62,"column":12},"end":{"line":62,"column":121}},"48":{"start":{"line":63,"column":12},"end":{"line":63,"column":74}},"49":{"start":{"line":66,"column":4},"end":{"line":79,"column":8}},"50":{"start":{"line":66,"column":54},"end":{"line":79,"column":6}},"51":{"start":{"line":67,"column":8},"end":{"line":72,"column":12}},"52":{"start":{"line":67,"column":40},"end":{"line":72,"column":10}},"53":{"start":{"line":68,"column":12},"end":{"line":68,"column":54}},"54":{"start":{"line":69,"column":29},"end":{"line":69,"column":94}},"55":{"start":{"line":70,"column":12},"end":{"line":70,"column":75}},"56":{"start":{"line":71,"column":12},"end":{"line":71,"column":42}},"57":{"start":{"line":73,"column":8},"end":{"line":78,"column":12}},"58":{"start":{"line":73,"column":55},"end":{"line":78,"column":10}},"59":{"start":{"line":74,"column":26},"end":{"line":74,"column":177}},"60":{"start":{"line":75,"column":12},"end":{"line":75,"column":60}},"61":{"start":{"line":76,"column":12},"end":{"line":76,"column":101}},"62":{"start":{"line":77,"column":12},"end":{"line":77,"column":75}},"63":{"start":{"line":80,"column":4},"end":{"line":93,"column":8}},"64":{"start":{"line":80,"column":63},"end":{"line":93,"column":6}},"65":{"start":{"line":81,"column":8},"end":{"line":86,"column":12}},"66":{"start":{"line":81,"column":64},"end":{"line":86,"column":10}},"67":{"start":{"line":82,"column":12},"end":{"line":82,"column":54}},"68":{"start":{"line":83,"column":29},"end":{"line":83,"column":101}},"69":{"start":{"line":84,"column":12},"end":{"line":84,"column":75}},"70":{"start":{"line":85,"column":12},"end":{"line":85,"column":42}},"71":{"start":{"line":87,"column":8},"end":{"line":92,"column":12}},"72":{"start":{"line":87,"column":39},"end":{"line":92,"column":10}},"73":{"start":{"line":88,"column":26},"end":{"line":88,"column":37}},"74":{"start":{"line":89,"column":12},"end":{"line":89,"column":60}},"75":{"start":{"line":90,"column":12},"end":{"line":90,"column":108}},"76":{"start":{"line":91,"column":12},"end":{"line":91,"column":75}},"77":{"start":{"line":94,"column":4},"end":{"line":127,"column":8}},"78":{"start":{"line":94,"column":63},"end":{"line":127,"column":6}},"79":{"start":{"line":95,"column":25},"end":{"line":108,"column":14}},"80":{"start":{"line":109,"column":8},"end":{"line":114,"column":12}},"81":{"start":{"line":109,"column":64},"end":{"line":114,"column":10}},"82":{"start":{"line":110,"column":12},"end":{"line":110,"column":54}},"83":{"start":{"line":111,"column":29},"end":{"line":111,"column":113}},"84":{"start":{"line":112,"column":12},"end":{"line":112,"column":75}},"85":{"start":{"line":113,"column":12},"end":{"line":113,"column":42}},"86":{"start":{"line":115,"column":8},"end":{"line":120,"column":12}},"87":{"start":{"line":115,"column":49},"end":{"line":120,"column":10}},"88":{"start":{"line":116,"column":26},"end":{"line":116,"column":153}},"89":{"start":{"line":117,"column":12},"end":{"line":117,"column":60}},"90":{"start":{"line":118,"column":12},"end":{"line":118,"column":120}},"91":{"start":{"line":119,"column":12},"end":{"line":119,"column":75}},"92":{"start":{"line":121,"column":8},"end":{"line":126,"column":12}},"93":{"start":{"line":121,"column":39},"end":{"line":126,"column":10}},"94":{"start":{"line":122,"column":26},"end":{"line":122,"column":37}},"95":{"start":{"line":123,"column":12},"end":{"line":123,"column":60}},"96":{"start":{"line":124,"column":12},"end":{"line":124,"column":120}},"97":{"start":{"line":125,"column":12},"end":{"line":125,"column":75}}},"fnMap":{"0":{"name":"(anonymous_0)","decl":{"start":{"line":2,"column":44},"end":{"line":2,"column":45}},"loc":{"start":{"line":2,"column":89},"end":{"line":9,"column":1}},"line":2},"1":{"name":"(anonymous_1)","decl":{"start":{"line":3,"column":36},"end":{"line":3,"column":37}},"loc":{"start":{"line":3,"column":63},"end":{"line":8,"column":5}},"line":3},"2":{"name":"fulfilled","decl":{"start":{"line":4,"column":17},"end":{"line":4,"column":26}},"loc":{"start":{"line":4,"column":34},"end":{"line":4,"column":99}},"line":4},"3":{"name":"rejected","decl":{"start":{"line":5,"column":17},"end":{"line":5,"column":25}},"loc":{"start":{"line":5,"column":33},"end":{"line":5,"column":102}},"line":5},"4":{"name":"step","decl":{"start":{"line":6,"column":17},"end":{"line":6,"column":21}},"loc":{"start":{"line":6,"column":30},"end":{"line":6,"column":151}},"line":6},"5":{"name":"(anonymous_5)","decl":{"start":{"line":6,"column":76},"end":{"line":6,"column":77}},"loc":{"start":{"line":6,"column":95},"end":{"line":6,"column":121}},"line":6},"6":{"name":"(anonymous_6)","decl":{"start":{"line":10,"column":56},"end":{"line":10,"column":57}},"loc":{"start":{"line":10,"column":71},"end":{"line":12,"column":1}},"line":10},"7":{"name":"(anonymous_7)","decl":{"start":{"line":23,"column":29},"end":{"line":23,"column":30}},"loc":{"start":{"line":23,"column":35},"end":{"line":128,"column":1}},"line":23},"8":{"name":"(anonymous_8)","decl":{"start":{"line":26,"column":15},"end":{"line":26,"column":16}},"loc":{"start":{"line":26,"column":21},"end":{"line":43,"column":5}},"line":26},"9":{"name":"(anonymous_9)","decl":{"start":{"line":44,"column":47},"end":{"line":44,"column":48}},"loc":{"start":{"line":44,"column":53},"end":{"line":51,"column":6}},"line":44},"10":{"name":"(anonymous_10)","decl":{"start":{"line":44,"column":85},"end":{"line":44,"column":86}},"loc":{"start":{"line":44,"column":98},"end":{"line":51,"column":5}},"line":44},"11":{"name":"(anonymous_11)","decl":{"start":{"line":45,"column":49},"end":{"line":45,"column":50}},"loc":{"start":{"line":45,"column":55},"end":{"line":50,"column":10}},"line":45},"12":{"name":"(anonymous_12)","decl":{"start":{"line":45,"column":87},"end":{"line":45,"column":88}},"loc":{"start":{"line":45,"column":100},"end":{"line":50,"column":9}},"line":45},"13":{"name":"(anonymous_13)","decl":{"start":{"line":52,"column":63},"end":{"line":52,"column":64}},"loc":{"start":{"line":52,"column":69},"end":{"line":65,"column":6}},"line":52},"14":{"name":"(anonymous_14)","decl":{"start":{"line":52,"column":101},"end":{"line":52,"column":102}},"loc":{"start":{"line":52,"column":114},"end":{"line":65,"column":5}},"line":52},"15":{"name":"(anonymous_15)","decl":{"start":{"line":53,"column":64},"end":{"line":53,"column":65}},"loc":{"start":{"line":53,"column":70},"end":{"line":58,"column":10}},"line":53},"16":{"name":"(anonymous_16)","decl":{"start":{"line":53,"column":102},"end":{"line":53,"column":103}},"loc":{"start":{"line":53,"column":115},"end":{"line":58,"column":9}},"line":53},"17":{"name":"(anonymous_17)","decl":{"start":{"line":59,"column":33},"end":{"line":59,"column":34}},"loc":{"start":{"line":59,"column":39},"end":{"line":64,"column":10}},"line":59},"18":{"name":"(anonymous_18)","decl":{"start":{"line":59,"column":71},"end":{"line":59,"column":72}},"loc":{"start":{"line":59,"column":84},"end":{"line":64,"column":9}},"line":59},"19":{"name":"(anonymous_19)","decl":{"start":{"line":66,"column":48},"end":{"line":66,"column":49}},"loc":{"start":{"line":66,"column":54},"end":{"line":79,"column":6}},"line":66},"20":{"name":"(anonymous_20)","decl":{"start":{"line":66,"column":86},"end":{"line":66,"column":87}},"loc":{"start":{"line":66,"column":99},"end":{"line":79,"column":5}},"line":66},"21":{"name":"(anonymous_21)","decl":{"start":{"line":67,"column":34},"end":{"line":67,"column":35}},"loc":{"start":{"line":67,"column":40},"end":{"line":72,"column":10}},"line":67},"22":{"name":"(anonymous_22)","decl":{"start":{"line":67,"column":72},"end":{"line":67,"column":73}},"loc":{"start":{"line":67,"column":85},"end":{"line":72,"column":9}},"line":67},"23":{"name":"(anonymous_23)","decl":{"start":{"line":73,"column":49},"end":{"line":73,"column":50}},"loc":{"start":{"line":73,"column":55},"end":{"line":78,"column":10}},"line":73},"24":{"name":"(anonymous_24)","decl":{"start":{"line":73,"column":87},"end":{"line":73,"column":88}},"loc":{"start":{"line":73,"column":100},"end":{"line":78,"column":9}},"line":73},"25":{"name":"(anonymous_25)","decl":{"start":{"line":80,"column":57},"end":{"line":80,"column":58}},"loc":{"start":{"line":80,"column":63},"end":{"line":93,"column":6}},"line":80},"26":{"name":"(anonymous_26)","decl":{"start":{"line":80,"column":95},"end":{"line":80,"column":96}},"loc":{"start":{"line":80,"column":108},"end":{"line":93,"column":5}},"line":80},"27":{"name":"(anonymous_27)","decl":{"start":{"line":81,"column":58},"end":{"line":81,"column":59}},"loc":{"start":{"line":81,"column":64},"end":{"line":86,"column":10}},"line":81},"28":{"name":"(anonymous_28)","decl":{"start":{"line":81,"column":96},"end":{"line":81,"column":97}},"loc":{"start":{"line":81,"column":109},"end":{"line":86,"column":9}},"line":81},"29":{"name":"(anonymous_29)","decl":{"start":{"line":87,"column":33},"end":{"line":87,"column":34}},"loc":{"start":{"line":87,"column":39},"end":{"line":92,"column":10}},"line":87},"30":{"name":"(anonymous_30)","decl":{"start":{"line":87,"column":71},"end":{"line":87,"column":72}},"loc":{"start":{"line":87,"column":84},"end":{"line":92,"column":9}},"line":87},"31":{"name":"(anonymous_31)","decl":{"start":{"line":94,"column":57},"end":{"line":94,"column":58}},"loc":{"start":{"line":94,"column":63},"end":{"line":127,"column":6}},"line":94},"32":{"name":"(anonymous_32)","decl":{"start":{"line":94,"column":95},"end":{"line":94,"column":96}},"loc":{"start":{"line":94,"column":108},"end":{"line":127,"column":5}},"line":94},"33":{"name":"(anonymous_33)","decl":{"start":{"line":109,"column":58},"end":{"line":109,"column":59}},"loc":{"start":{"line":109,"column":64},"end":{"line":114,"column":10}},"line":109},"34":{"name":"(anonymous_34)","decl":{"start":{"line":109,"column":96},"end":{"line":109,"column":97}},"loc":{"start":{"line":109,"column":109},"end":{"line":114,"column":9}},"line":109},"35":{"name":"(anonymous_35)","decl":{"start":{"line":115,"column":43},"end":{"line":115,"column":44}},"loc":{"start":{"line":115,"column":49},"end":{"line":120,"column":10}},"line":115},"36":{"name":"(anonymous_36)","decl":{"start":{"line":115,"column":81},"end":{"line":115,"column":82}},"loc":{"start":{"line":115,"column":94},"end":{"line":120,"column":9}},"line":115},"37":{"name":"(anonymous_37)","decl":{"start":{"line":121,"column":33},"end":{"line":121,"column":34}},"loc":{"start":{"line":121,"column":39},"end":{"line":126,"column":10}},"line":121},"38":{"name":"(anonymous_38)","decl":{"start":{"line":121,"column":71},"end":{"line":121,"column":72}},"loc":{"start":{"line":121,"column":84},"end":{"line":126,"column":9}},"line":121}},"branchMap":{"0":{"loc":{"start":{"line":2,"column":16},"end":{"line":9,"column":1}},"type":"binary-expr","locations":[{"start":{"line":2,"column":17},"end":{"line":2,"column":21}},{"start":{"line":2,"column":25},"end":{"line":2,"column":39}},{"start":{"line":2,"column":44},"end":{"line":9,"column":1}}],"line":2},"1":{"loc":{"start":{"line":3,"column":16},"end":{"line":3,"column":34}},"type":"binary-expr","locations":[{"start":{"line":3,"column":16},"end":{"line":3,"column":17}},{"start":{"line":3,"column":22},"end":{"line":3,"column":33}}],"line":3},"2":{"loc":{"start":{"line":6,"column":32},"end":{"line":6,"column":148}},"type":"cond-expr","locations":[{"start":{"line":6,"column":46},"end":{"line":6,"column":67}},{"start":{"line":6,"column":70},"end":{"line":6,"column":148}}],"line":6},"3":{"loc":{"start":{"line":7,"column":51},"end":{"line":7,"column":67}},"type":"binary-expr","locations":[{"start":{"line":7,"column":51},"end":{"line":7,"column":61}},{"start":{"line":7,"column":65},"end":{"line":7,"column":67}}],"line":7},"4":{"loc":{"start":{"line":10,"column":22},"end":{"line":12,"column":1}},"type":"binary-expr","locations":[{"start":{"line":10,"column":23},"end":{"line":10,"column":27}},{"start":{"line":10,"column":31},"end":{"line":10,"column":51}},{"start":{"line":10,"column":56},"end":{"line":12,"column":1}}],"line":10},"5":{"loc":{"start":{"line":11,"column":11},"end":{"line":11,"column":61}},"type":"cond-expr","locations":[{"start":{"line":11,"column":37},"end":{"line":11,"column":40}},{"start":{"line":11,"column":43},"end":{"line":11,"column":61}}],"line":11},"6":{"loc":{"start":{"line":11,"column":12},"end":{"line":11,"column":33}},"type":"binary-expr","locations":[{"start":{"line":11,"column":12},"end":{"line":11,"column":15}},{"start":{"line":11,"column":19},"end":{"line":11,"column":33}}],"line":11}},"s":{"0":1,"1":15,"2":15,"3":15,"4":0,"5":0,"6":0,"7":0,"8":30,"9":15,"10":15,"11":1,"12":6,"13":1,"14":1,"15":1,"16":1,"17":1,"18":1,"19":1,"20":1,"21":1,"22":1,"23":1,"24":1,"25":10,"26":10,"27":1,"28":1,"29":1,"30":1,"31":1,"32":1,"33":1,"34":1,"35":1,"36":1,"37":1,"38":1,"39":1,"40":1,"41":1,"42":1,"43":1,"44":1,"45":1,"46":1,"47":1,"48":1,"49":1,"50":1,"51":1,"52":1,"53":1,"54":1,"55":1,"56":1,"57":1,"58":1,"59":1,"60":1,"61":1,"62":1,"63":1,"64":1,"65":1,"66":1,"67":1,"68":1,"69":1,"70":1,"71":1,"72":1,"73":1,"74":1,"75":1,"76":1,"77":1,"78":1,"79":1,"80":1,"81":1,"82":1,"83":1,"84":1,"85":1,"86":1,"87":1,"88":1,"89":1,"90":1,"91":1,"92":1,"93":1,"94":1,"95":1,"96":1,"97":1},"f":{"0":15,"1":15,"2":15,"3":0,"4":30,"5":15,"6":6,"7":1,"8":10,"9":1,"10":1,"11":1,"12":1,"13":1,"14":1,"15":1,"16":1,"17":1,"18":1,"19":1,"20":1,"21":1,"22":1,"23":1,"24":1,"25":1,"26":1,"27":1,"28":1,"29":1,"30":1,"31":1,"32":1,"33":1,"34":1,"35":1,"36":1,"37":1,"38":1},"b":{"0":[1,1,1],"1":[15,15],"2":[15,15],"3":[15,15],"4":[1,1,1],"5":[3,3],"6":[6,6]},"_coverageSchema":"43e27e138ebf9cfc5966b082cf9a028302ed4184","hash":"3ad8ee2be91e7b404ca714234efbe9a0f23e6973","contentHash":"2aa89389ab2d0de320e5fce0d9ffdde8c918abde28696602669b7fb1ffda8835"}}