{"/home/nineleaps/Store_Pet/app/test/controllers/PetController.test.ts":{"path":"/home/nineleaps/Store_Pet/app/test/controllers/PetController.test.ts","statementMap":{"0":{"start":{"line":2,"column":16},"end":{"line":9,"column":1}},"1":{"start":{"line":3,"column":4},"end":{"line":8,"column":7}},"2":{"start":{"line":4,"column":36},"end":{"line":4,"column":97}},"3":{"start":{"line":4,"column":42},"end":{"line":4,"column":70}},"4":{"start":{"line":4,"column":85},"end":{"line":4,"column":95}},"5":{"start":{"line":5,"column":35},"end":{"line":5,"column":100}},"6":{"start":{"line":5,"column":41},"end":{"line":5,"column":73}},"7":{"start":{"line":5,"column":88},"end":{"line":5,"column":98}},"8":{"start":{"line":6,"column":32},"end":{"line":6,"column":149}},"9":{"start":{"line":6,"column":97},"end":{"line":6,"column":119}},"10":{"start":{"line":7,"column":8},"end":{"line":7,"column":78}},"11":{"start":{"line":10,"column":22},"end":{"line":12,"column":1}},"12":{"start":{"line":11,"column":4},"end":{"line":11,"column":62}},"13":{"start":{"line":13,"column":0},"end":{"line":13,"column":62}},"14":{"start":{"line":14,"column":24},"end":{"line":14,"column":67}},"15":{"start":{"line":15,"column":21},"end":{"line":15,"column":74}},"16":{"start":{"line":16,"column":15},"end":{"line":16,"column":47}},"17":{"start":{"line":17,"column":27},"end":{"line":17,"column":71}},"18":{"start":{"line":18,"column":16},"end":{"line":18,"column":49}},"19":{"start":{"line":19,"column":15},"end":{"line":19,"column":36}},"20":{"start":{"line":20,"column":24},"end":{"line":20,"column":83}},"21":{"start":{"line":21,"column":18},"end":{"line":21,"column":67}},"22":{"start":{"line":22,"column":22},"end":{"line":22,"column":77}},"23":{"start":{"line":23,"column":0},"end":{"line":23,"column":47}},"24":{"start":{"line":24,"column":0},"end":{"line":550,"column":3}},"25":{"start":{"line":29,"column":4},"end":{"line":33,"column":7}},"26":{"start":{"line":30,"column":8},"end":{"line":30,"column":86}},"27":{"start":{"line":31,"column":8},"end":{"line":31,"column":91}},"28":{"start":{"line":32,"column":8},"end":{"line":32,"column":68}},"29":{"start":{"line":34,"column":4},"end":{"line":36,"column":7}},"30":{"start":{"line":35,"column":8},"end":{"line":35,"column":34}},"31":{"start":{"line":37,"column":16},"end":{"line":37,"column":66}},"32":{"start":{"line":37,"column":30},"end":{"line":37,"column":62}},"33":{"start":{"line":38,"column":4},"end":{"line":124,"column":8}},"34":{"start":{"line":38,"column":56},"end":{"line":124,"column":6}},"35":{"start":{"line":39,"column":8},"end":{"line":86,"column":12}},"36":{"start":{"line":39,"column":39},"end":{"line":86,"column":10}},"37":{"start":{"line":40,"column":36},"end":{"line":60,"column":13}},"38":{"start":{"line":61,"column":25},"end":{"line":74,"column":18}},"39":{"start":{"line":75,"column":12},"end":{"line":75,"column":58}},"40":{"start":{"line":76,"column":32},"end":{"line":76,"column":121}},"41":{"start":{"line":77,"column":29},"end":{"line":77,"column":69}},"42":{"start":{"line":78,"column":12},"end":{"line":78,"column":73}},"43":{"start":{"line":79,"column":12},"end":{"line":79,"column":59}},"44":{"start":{"line":80,"column":12},"end":{"line":80,"column":47}},"45":{"start":{"line":81,"column":12},"end":{"line":81,"column":53}},"46":{"start":{"line":82,"column":12},"end":{"line":82,"column":52}},"47":{"start":{"line":83,"column":12},"end":{"line":83,"column":57}},"48":{"start":{"line":84,"column":12},"end":{"line":84,"column":57}},"49":{"start":{"line":85,"column":12},"end":{"line":85,"column":52}},"50":{"start":{"line":87,"column":8},"end":{"line":102,"column":12}},"51":{"start":{"line":87,"column":72},"end":{"line":102,"column":10}},"52":{"start":{"line":88,"column":35},"end":{"line":91,"column":13}},"53":{"start":{"line":92,"column":26},"end":{"line":94,"column":13}},"54":{"start":{"line":95,"column":12},"end":{"line":95,"column":52}},"55":{"start":{"line":96,"column":30},"end":{"line":97,"column":40}},"56":{"start":{"line":98,"column":29},"end":{"line":98,"column":69}},"57":{"start":{"line":99,"column":12},"end":{"line":99,"column":73}},"58":{"start":{"line":100,"column":12},"end":{"line":100,"column":57}},"59":{"start":{"line":101,"column":12},"end":{"line":101,"column":51}},"60":{"start":{"line":103,"column":8},"end":{"line":118,"column":12}},"61":{"start":{"line":103,"column":65},"end":{"line":118,"column":10}},"62":{"start":{"line":104,"column":35},"end":{"line":107,"column":13}},"63":{"start":{"line":108,"column":26},"end":{"line":110,"column":13}},"64":{"start":{"line":111,"column":12},"end":{"line":111,"column":52}},"65":{"start":{"line":112,"column":30},"end":{"line":113,"column":40}},"66":{"start":{"line":114,"column":29},"end":{"line":114,"column":69}},"67":{"start":{"line":115,"column":12},"end":{"line":115,"column":73}},"68":{"start":{"line":116,"column":12},"end":{"line":116,"column":57}},"69":{"start":{"line":117,"column":12},"end":{"line":117,"column":51}},"70":{"start":{"line":119,"column":8},"end":{"line":123,"column":12}},"71":{"start":{"line":119,"column":39},"end":{"line":123,"column":10}},"72":{"start":{"line":120,"column":26},"end":{"line":120,"column":37}},"73":{"start":{"line":121,"column":12},"end":{"line":121,"column":58}},"74":{"start":{"line":122,"column":12},"end":{"line":122,"column":76}},"75":{"start":{"line":125,"column":4},"end":{"line":215,"column":8}},"76":{"start":{"line":125,"column":59},"end":{"line":215,"column":6}},"77":{"start":{"line":126,"column":8},"end":{"line":128,"column":10}},"78":{"start":{"line":129,"column":8},"end":{"line":177,"column":12}},"79":{"start":{"line":129,"column":45},"end":{"line":177,"column":10}},"80":{"start":{"line":130,"column":36},"end":{"line":150,"column":13}},"81":{"start":{"line":151,"column":25},"end":{"line":164,"column":18}},"82":{"start":{"line":165,"column":12},"end":{"line":165,"column":58}},"83":{"start":{"line":166,"column":32},"end":{"line":167,"column":41}},"84":{"start":{"line":168,"column":29},"end":{"line":168,"column":69}},"85":{"start":{"line":169,"column":12},"end":{"line":169,"column":73}},"86":{"start":{"line":170,"column":12},"end":{"line":170,"column":59}},"87":{"start":{"line":171,"column":12},"end":{"line":171,"column":47}},"88":{"start":{"line":172,"column":12},"end":{"line":172,"column":53}},"89":{"start":{"line":173,"column":12},"end":{"line":173,"column":52}},"90":{"start":{"line":174,"column":12},"end":{"line":174,"column":57}},"91":{"start":{"line":175,"column":12},"end":{"line":175,"column":57}},"92":{"start":{"line":176,"column":12},"end":{"line":176,"column":52}},"93":{"start":{"line":178,"column":8},"end":{"line":193,"column":12}},"94":{"start":{"line":178,"column":72},"end":{"line":193,"column":10}},"95":{"start":{"line":179,"column":35},"end":{"line":182,"column":13}},"96":{"start":{"line":183,"column":26},"end":{"line":185,"column":13}},"97":{"start":{"line":186,"column":12},"end":{"line":186,"column":52}},"98":{"start":{"line":187,"column":30},"end":{"line":188,"column":40}},"99":{"start":{"line":189,"column":29},"end":{"line":189,"column":69}},"100":{"start":{"line":190,"column":12},"end":{"line":190,"column":73}},"101":{"start":{"line":191,"column":12},"end":{"line":191,"column":57}},"102":{"start":{"line":192,"column":12},"end":{"line":192,"column":51}},"103":{"start":{"line":194,"column":8},"end":{"line":209,"column":12}},"104":{"start":{"line":194,"column":65},"end":{"line":209,"column":10}},"105":{"start":{"line":195,"column":35},"end":{"line":198,"column":13}},"106":{"start":{"line":199,"column":26},"end":{"line":201,"column":13}},"107":{"start":{"line":202,"column":12},"end":{"line":202,"column":52}},"108":{"start":{"line":203,"column":30},"end":{"line":204,"column":40}},"109":{"start":{"line":205,"column":29},"end":{"line":205,"column":69}},"110":{"start":{"line":206,"column":12},"end":{"line":206,"column":73}},"111":{"start":{"line":207,"column":12},"end":{"line":207,"column":57}},"112":{"start":{"line":208,"column":12},"end":{"line":208,"column":51}},"113":{"start":{"line":210,"column":8},"end":{"line":214,"column":12}},"114":{"start":{"line":210,"column":39},"end":{"line":214,"column":10}},"115":{"start":{"line":211,"column":26},"end":{"line":211,"column":37}},"116":{"start":{"line":212,"column":12},"end":{"line":212,"column":58}},"117":{"start":{"line":213,"column":12},"end":{"line":213,"column":76}},"118":{"start":{"line":216,"column":4},"end":{"line":307,"column":8}},"119":{"start":{"line":216,"column":61},"end":{"line":307,"column":6}},"120":{"start":{"line":217,"column":8},"end":{"line":221,"column":10}},"121":{"start":{"line":222,"column":8},"end":{"line":269,"column":12}},"122":{"start":{"line":222,"column":39},"end":{"line":269,"column":10}},"123":{"start":{"line":223,"column":36},"end":{"line":243,"column":13}},"124":{"start":{"line":244,"column":25},"end":{"line":257,"column":18}},"125":{"start":{"line":258,"column":12},"end":{"line":258,"column":60}},"126":{"start":{"line":259,"column":32},"end":{"line":259,"column":121}},"127":{"start":{"line":260,"column":29},"end":{"line":260,"column":71}},"128":{"start":{"line":261,"column":12},"end":{"line":261,"column":75}},"129":{"start":{"line":262,"column":12},"end":{"line":262,"column":59}},"130":{"start":{"line":263,"column":12},"end":{"line":263,"column":47}},"131":{"start":{"line":264,"column":12},"end":{"line":264,"column":53}},"132":{"start":{"line":265,"column":12},"end":{"line":265,"column":52}},"133":{"start":{"line":266,"column":12},"end":{"line":266,"column":57}},"134":{"start":{"line":267,"column":12},"end":{"line":267,"column":57}},"135":{"start":{"line":268,"column":12},"end":{"line":268,"column":52}},"136":{"start":{"line":270,"column":8},"end":{"line":285,"column":12}},"137":{"start":{"line":270,"column":72},"end":{"line":285,"column":10}},"138":{"start":{"line":271,"column":35},"end":{"line":274,"column":13}},"139":{"start":{"line":275,"column":26},"end":{"line":277,"column":13}},"140":{"start":{"line":278,"column":12},"end":{"line":278,"column":54}},"141":{"start":{"line":279,"column":30},"end":{"line":280,"column":40}},"142":{"start":{"line":281,"column":29},"end":{"line":281,"column":71}},"143":{"start":{"line":282,"column":12},"end":{"line":282,"column":75}},"144":{"start":{"line":283,"column":12},"end":{"line":283,"column":57}},"145":{"start":{"line":284,"column":12},"end":{"line":284,"column":51}},"146":{"start":{"line":286,"column":8},"end":{"line":301,"column":12}},"147":{"start":{"line":286,"column":65},"end":{"line":301,"column":10}},"148":{"start":{"line":287,"column":35},"end":{"line":290,"column":13}},"149":{"start":{"line":291,"column":26},"end":{"line":293,"column":13}},"150":{"start":{"line":294,"column":12},"end":{"line":294,"column":54}},"151":{"start":{"line":295,"column":30},"end":{"line":296,"column":40}},"152":{"start":{"line":297,"column":29},"end":{"line":297,"column":71}},"153":{"start":{"line":298,"column":12},"end":{"line":298,"column":75}},"154":{"start":{"line":299,"column":12},"end":{"line":299,"column":57}},"155":{"start":{"line":300,"column":12},"end":{"line":300,"column":51}},"156":{"start":{"line":302,"column":8},"end":{"line":306,"column":12}},"157":{"start":{"line":302,"column":39},"end":{"line":306,"column":10}},"158":{"start":{"line":303,"column":26},"end":{"line":303,"column":37}},"159":{"start":{"line":304,"column":12},"end":{"line":304,"column":60}},"160":{"start":{"line":305,"column":12},"end":{"line":305,"column":78}},"161":{"start":{"line":308,"column":4},"end":{"line":381,"column":8}},"162":{"start":{"line":308,"column":57},"end":{"line":381,"column":6}},"163":{"start":{"line":309,"column":8},"end":{"line":359,"column":12}},"164":{"start":{"line":309,"column":39},"end":{"line":359,"column":10}},"165":{"start":{"line":310,"column":36},"end":{"line":330,"column":13}},"166":{"start":{"line":331,"column":12},"end":{"line":346,"column":14}},"167":{"start":{"line":347,"column":25},"end":{"line":347,"column":27}},"168":{"start":{"line":348,"column":12},"end":{"line":348,"column":57}},"169":{"start":{"line":349,"column":32},"end":{"line":350,"column":41}},"170":{"start":{"line":351,"column":29},"end":{"line":351,"column":68}},"171":{"start":{"line":352,"column":12},"end":{"line":352,"column":72}},"172":{"start":{"line":353,"column":12},"end":{"line":353,"column":59}},"173":{"start":{"line":354,"column":12},"end":{"line":354,"column":47}},"174":{"start":{"line":355,"column":12},"end":{"line":355,"column":53}},"175":{"start":{"line":356,"column":12},"end":{"line":356,"column":52}},"176":{"start":{"line":357,"column":12},"end":{"line":357,"column":57}},"177":{"start":{"line":358,"column":12},"end":{"line":358,"column":58}},"178":{"start":{"line":360,"column":8},"end":{"line":375,"column":12}},"179":{"start":{"line":360,"column":72},"end":{"line":375,"column":10}},"180":{"start":{"line":361,"column":35},"end":{"line":364,"column":13}},"181":{"start":{"line":365,"column":26},"end":{"line":367,"column":13}},"182":{"start":{"line":368,"column":12},"end":{"line":368,"column":51}},"183":{"start":{"line":369,"column":30},"end":{"line":370,"column":40}},"184":{"start":{"line":371,"column":29},"end":{"line":371,"column":68}},"185":{"start":{"line":372,"column":12},"end":{"line":372,"column":72}},"186":{"start":{"line":373,"column":12},"end":{"line":373,"column":57}},"187":{"start":{"line":374,"column":12},"end":{"line":374,"column":51}},"188":{"start":{"line":376,"column":8},"end":{"line":380,"column":12}},"189":{"start":{"line":376,"column":39},"end":{"line":380,"column":10}},"190":{"start":{"line":377,"column":26},"end":{"line":377,"column":37}},"191":{"start":{"line":378,"column":12},"end":{"line":378,"column":57}},"192":{"start":{"line":379,"column":12},"end":{"line":379,"column":67}},"193":{"start":{"line":382,"column":4},"end":{"line":472,"column":8}},"194":{"start":{"line":382,"column":63},"end":{"line":472,"column":6}},"195":{"start":{"line":383,"column":8},"end":{"line":434,"column":12}},"196":{"start":{"line":383,"column":46},"end":{"line":434,"column":10}},"197":{"start":{"line":384,"column":36},"end":{"line":404,"column":13}},"198":{"start":{"line":405,"column":12},"end":{"line":421,"column":14}},"199":{"start":{"line":422,"column":25},"end":{"line":422,"column":27}},"200":{"start":{"line":423,"column":12},"end":{"line":423,"column":57}},"201":{"start":{"line":424,"column":32},"end":{"line":425,"column":41}},"202":{"start":{"line":426,"column":29},"end":{"line":426,"column":68}},"203":{"start":{"line":427,"column":12},"end":{"line":427,"column":72}},"204":{"start":{"line":428,"column":12},"end":{"line":428,"column":59}},"205":{"start":{"line":429,"column":12},"end":{"line":429,"column":47}},"206":{"start":{"line":430,"column":12},"end":{"line":430,"column":53}},"207":{"start":{"line":431,"column":12},"end":{"line":431,"column":52}},"208":{"start":{"line":432,"column":12},"end":{"line":432,"column":57}},"209":{"start":{"line":433,"column":12},"end":{"line":433,"column":58}},"210":{"start":{"line":435,"column":8},"end":{"line":450,"column":12}},"211":{"start":{"line":435,"column":72},"end":{"line":450,"column":10}},"212":{"start":{"line":436,"column":35},"end":{"line":439,"column":13}},"213":{"start":{"line":440,"column":26},"end":{"line":442,"column":13}},"214":{"start":{"line":443,"column":12},"end":{"line":443,"column":51}},"215":{"start":{"line":444,"column":30},"end":{"line":445,"column":40}},"216":{"start":{"line":446,"column":29},"end":{"line":446,"column":68}},"217":{"start":{"line":447,"column":12},"end":{"line":447,"column":72}},"218":{"start":{"line":448,"column":12},"end":{"line":448,"column":57}},"219":{"start":{"line":449,"column":12},"end":{"line":449,"column":51}},"220":{"start":{"line":451,"column":8},"end":{"line":466,"column":12}},"221":{"start":{"line":451,"column":65},"end":{"line":466,"column":10}},"222":{"start":{"line":452,"column":35},"end":{"line":455,"column":13}},"223":{"start":{"line":456,"column":26},"end":{"line":458,"column":13}},"224":{"start":{"line":459,"column":12},"end":{"line":459,"column":51}},"225":{"start":{"line":460,"column":30},"end":{"line":461,"column":40}},"226":{"start":{"line":462,"column":29},"end":{"line":462,"column":68}},"227":{"start":{"line":463,"column":12},"end":{"line":463,"column":72}},"228":{"start":{"line":464,"column":12},"end":{"line":464,"column":57}},"229":{"start":{"line":465,"column":12},"end":{"line":465,"column":51}},"230":{"start":{"line":467,"column":8},"end":{"line":471,"column":12}},"231":{"start":{"line":467,"column":39},"end":{"line":471,"column":10}},"232":{"start":{"line":468,"column":26},"end":{"line":468,"column":37}},"233":{"start":{"line":469,"column":12},"end":{"line":469,"column":57}},"234":{"start":{"line":470,"column":12},"end":{"line":470,"column":67}},"235":{"start":{"line":473,"column":4},"end":{"line":549,"column":8}},"236":{"start":{"line":473,"column":59},"end":{"line":549,"column":6}},"237":{"start":{"line":474,"column":8},"end":{"line":511,"column":12}},"238":{"start":{"line":474,"column":47},"end":{"line":511,"column":10}},"239":{"start":{"line":475,"column":36},"end":{"line":495,"column":13}},"240":{"start":{"line":496,"column":12},"end":{"line":498,"column":14}},"241":{"start":{"line":499,"column":25},"end":{"line":499,"column":27}},"242":{"start":{"line":500,"column":12},"end":{"line":500,"column":57}},"243":{"start":{"line":501,"column":32},"end":{"line":502,"column":41}},"244":{"start":{"line":503,"column":29},"end":{"line":503,"column":68}},"245":{"start":{"line":504,"column":12},"end":{"line":504,"column":72}},"246":{"start":{"line":505,"column":12},"end":{"line":505,"column":59}},"247":{"start":{"line":506,"column":12},"end":{"line":506,"column":47}},"248":{"start":{"line":507,"column":12},"end":{"line":507,"column":53}},"249":{"start":{"line":508,"column":12},"end":{"line":508,"column":52}},"250":{"start":{"line":509,"column":12},"end":{"line":509,"column":57}},"251":{"start":{"line":510,"column":12},"end":{"line":510,"column":58}},"252":{"start":{"line":512,"column":8},"end":{"line":527,"column":12}},"253":{"start":{"line":512,"column":72},"end":{"line":527,"column":10}},"254":{"start":{"line":513,"column":35},"end":{"line":516,"column":13}},"255":{"start":{"line":517,"column":26},"end":{"line":519,"column":13}},"256":{"start":{"line":520,"column":12},"end":{"line":520,"column":51}},"257":{"start":{"line":521,"column":30},"end":{"line":522,"column":40}},"258":{"start":{"line":523,"column":29},"end":{"line":523,"column":68}},"259":{"start":{"line":524,"column":12},"end":{"line":524,"column":72}},"260":{"start":{"line":525,"column":12},"end":{"line":525,"column":57}},"261":{"start":{"line":526,"column":12},"end":{"line":526,"column":51}},"262":{"start":{"line":528,"column":8},"end":{"line":543,"column":12}},"263":{"start":{"line":528,"column":65},"end":{"line":543,"column":10}},"264":{"start":{"line":529,"column":35},"end":{"line":532,"column":13}},"265":{"start":{"line":533,"column":26},"end":{"line":535,"column":13}},"266":{"start":{"line":536,"column":12},"end":{"line":536,"column":51}},"267":{"start":{"line":537,"column":30},"end":{"line":538,"column":40}},"268":{"start":{"line":539,"column":29},"end":{"line":539,"column":68}},"269":{"start":{"line":540,"column":12},"end":{"line":540,"column":72}},"270":{"start":{"line":541,"column":12},"end":{"line":541,"column":57}},"271":{"start":{"line":542,"column":12},"end":{"line":542,"column":51}},"272":{"start":{"line":544,"column":8},"end":{"line":548,"column":12}},"273":{"start":{"line":544,"column":39},"end":{"line":548,"column":10}},"274":{"start":{"line":545,"column":26},"end":{"line":545,"column":37}},"275":{"start":{"line":546,"column":12},"end":{"line":546,"column":57}},"276":{"start":{"line":547,"column":12},"end":{"line":547,"column":67}}},"fnMap":{"0":{"name":"(anonymous_0)","decl":{"start":{"line":2,"column":44},"end":{"line":2,"column":45}},"loc":{"start":{"line":2,"column":89},"end":{"line":9,"column":1}},"line":2},"1":{"name":"(anonymous_1)","decl":{"start":{"line":3,"column":36},"end":{"line":3,"column":37}},"loc":{"start":{"line":3,"column":63},"end":{"line":8,"column":5}},"line":3},"2":{"name":"fulfilled","decl":{"start":{"line":4,"column":17},"end":{"line":4,"column":26}},"loc":{"start":{"line":4,"column":34},"end":{"line":4,"column":99}},"line":4},"3":{"name":"rejected","decl":{"start":{"line":5,"column":17},"end":{"line":5,"column":25}},"loc":{"start":{"line":5,"column":33},"end":{"line":5,"column":102}},"line":5},"4":{"name":"step","decl":{"start":{"line":6,"column":17},"end":{"line":6,"column":21}},"loc":{"start":{"line":6,"column":30},"end":{"line":6,"column":151}},"line":6},"5":{"name":"(anonymous_5)","decl":{"start":{"line":6,"column":76},"end":{"line":6,"column":77}},"loc":{"start":{"line":6,"column":95},"end":{"line":6,"column":121}},"line":6},"6":{"name":"(anonymous_6)","decl":{"start":{"line":10,"column":56},"end":{"line":10,"column":57}},"loc":{"start":{"line":10,"column":71},"end":{"line":12,"column":1}},"line":10},"7":{"name":"(anonymous_7)","decl":{"start":{"line":24,"column":32},"end":{"line":24,"column":33}},"loc":{"start":{"line":24,"column":38},"end":{"line":550,"column":1}},"line":24},"8":{"name":"(anonymous_8)","decl":{"start":{"line":29,"column":15},"end":{"line":29,"column":16}},"loc":{"start":{"line":29,"column":21},"end":{"line":33,"column":5}},"line":29},"9":{"name":"(anonymous_9)","decl":{"start":{"line":34,"column":14},"end":{"line":34,"column":15}},"loc":{"start":{"line":34,"column":20},"end":{"line":36,"column":5}},"line":34},"10":{"name":"(anonymous_10)","decl":{"start":{"line":37,"column":18},"end":{"line":37,"column":19}},"loc":{"start":{"line":37,"column":28},"end":{"line":37,"column":64}},"line":37},"11":{"name":"(anonymous_11)","decl":{"start":{"line":38,"column":50},"end":{"line":38,"column":51}},"loc":{"start":{"line":38,"column":56},"end":{"line":124,"column":6}},"line":38},"12":{"name":"(anonymous_12)","decl":{"start":{"line":38,"column":88},"end":{"line":38,"column":89}},"loc":{"start":{"line":38,"column":101},"end":{"line":124,"column":5}},"line":38},"13":{"name":"(anonymous_13)","decl":{"start":{"line":39,"column":33},"end":{"line":39,"column":34}},"loc":{"start":{"line":39,"column":39},"end":{"line":86,"column":10}},"line":39},"14":{"name":"(anonymous_14)","decl":{"start":{"line":39,"column":71},"end":{"line":39,"column":72}},"loc":{"start":{"line":39,"column":84},"end":{"line":86,"column":9}},"line":39},"15":{"name":"(anonymous_15)","decl":{"start":{"line":87,"column":66},"end":{"line":87,"column":67}},"loc":{"start":{"line":87,"column":72},"end":{"line":102,"column":10}},"line":87},"16":{"name":"(anonymous_16)","decl":{"start":{"line":87,"column":104},"end":{"line":87,"column":105}},"loc":{"start":{"line":87,"column":117},"end":{"line":102,"column":9}},"line":87},"17":{"name":"(anonymous_17)","decl":{"start":{"line":103,"column":59},"end":{"line":103,"column":60}},"loc":{"start":{"line":103,"column":65},"end":{"line":118,"column":10}},"line":103},"18":{"name":"(anonymous_18)","decl":{"start":{"line":103,"column":97},"end":{"line":103,"column":98}},"loc":{"start":{"line":103,"column":110},"end":{"line":118,"column":9}},"line":103},"19":{"name":"(anonymous_19)","decl":{"start":{"line":119,"column":33},"end":{"line":119,"column":34}},"loc":{"start":{"line":119,"column":39},"end":{"line":123,"column":10}},"line":119},"20":{"name":"(anonymous_20)","decl":{"start":{"line":119,"column":71},"end":{"line":119,"column":72}},"loc":{"start":{"line":119,"column":84},"end":{"line":123,"column":9}},"line":119},"21":{"name":"(anonymous_21)","decl":{"start":{"line":125,"column":53},"end":{"line":125,"column":54}},"loc":{"start":{"line":125,"column":59},"end":{"line":215,"column":6}},"line":125},"22":{"name":"(anonymous_22)","decl":{"start":{"line":125,"column":91},"end":{"line":125,"column":92}},"loc":{"start":{"line":125,"column":104},"end":{"line":215,"column":5}},"line":125},"23":{"name":"(anonymous_23)","decl":{"start":{"line":129,"column":39},"end":{"line":129,"column":40}},"loc":{"start":{"line":129,"column":45},"end":{"line":177,"column":10}},"line":129},"24":{"name":"(anonymous_24)","decl":{"start":{"line":129,"column":77},"end":{"line":129,"column":78}},"loc":{"start":{"line":129,"column":90},"end":{"line":177,"column":9}},"line":129},"25":{"name":"(anonymous_25)","decl":{"start":{"line":178,"column":66},"end":{"line":178,"column":67}},"loc":{"start":{"line":178,"column":72},"end":{"line":193,"column":10}},"line":178},"26":{"name":"(anonymous_26)","decl":{"start":{"line":178,"column":104},"end":{"line":178,"column":105}},"loc":{"start":{"line":178,"column":117},"end":{"line":193,"column":9}},"line":178},"27":{"name":"(anonymous_27)","decl":{"start":{"line":194,"column":59},"end":{"line":194,"column":60}},"loc":{"start":{"line":194,"column":65},"end":{"line":209,"column":10}},"line":194},"28":{"name":"(anonymous_28)","decl":{"start":{"line":194,"column":97},"end":{"line":194,"column":98}},"loc":{"start":{"line":194,"column":110},"end":{"line":209,"column":9}},"line":194},"29":{"name":"(anonymous_29)","decl":{"start":{"line":210,"column":33},"end":{"line":210,"column":34}},"loc":{"start":{"line":210,"column":39},"end":{"line":214,"column":10}},"line":210},"30":{"name":"(anonymous_30)","decl":{"start":{"line":210,"column":71},"end":{"line":210,"column":72}},"loc":{"start":{"line":210,"column":84},"end":{"line":214,"column":9}},"line":210},"31":{"name":"(anonymous_31)","decl":{"start":{"line":216,"column":55},"end":{"line":216,"column":56}},"loc":{"start":{"line":216,"column":61},"end":{"line":307,"column":6}},"line":216},"32":{"name":"(anonymous_32)","decl":{"start":{"line":216,"column":93},"end":{"line":216,"column":94}},"loc":{"start":{"line":216,"column":106},"end":{"line":307,"column":5}},"line":216},"33":{"name":"(anonymous_33)","decl":{"start":{"line":222,"column":33},"end":{"line":222,"column":34}},"loc":{"start":{"line":222,"column":39},"end":{"line":269,"column":10}},"line":222},"34":{"name":"(anonymous_34)","decl":{"start":{"line":222,"column":71},"end":{"line":222,"column":72}},"loc":{"start":{"line":222,"column":84},"end":{"line":269,"column":9}},"line":222},"35":{"name":"(anonymous_35)","decl":{"start":{"line":270,"column":66},"end":{"line":270,"column":67}},"loc":{"start":{"line":270,"column":72},"end":{"line":285,"column":10}},"line":270},"36":{"name":"(anonymous_36)","decl":{"start":{"line":270,"column":104},"end":{"line":270,"column":105}},"loc":{"start":{"line":270,"column":117},"end":{"line":285,"column":9}},"line":270},"37":{"name":"(anonymous_37)","decl":{"start":{"line":286,"column":59},"end":{"line":286,"column":60}},"loc":{"start":{"line":286,"column":65},"end":{"line":301,"column":10}},"line":286},"38":{"name":"(anonymous_38)","decl":{"start":{"line":286,"column":97},"end":{"line":286,"column":98}},"loc":{"start":{"line":286,"column":110},"end":{"line":301,"column":9}},"line":286},"39":{"name":"(anonymous_39)","decl":{"start":{"line":302,"column":33},"end":{"line":302,"column":34}},"loc":{"start":{"line":302,"column":39},"end":{"line":306,"column":10}},"line":302},"40":{"name":"(anonymous_40)","decl":{"start":{"line":302,"column":71},"end":{"line":302,"column":72}},"loc":{"start":{"line":302,"column":84},"end":{"line":306,"column":9}},"line":302},"41":{"name":"(anonymous_41)","decl":{"start":{"line":308,"column":51},"end":{"line":308,"column":52}},"loc":{"start":{"line":308,"column":57},"end":{"line":381,"column":6}},"line":308},"42":{"name":"(anonymous_42)","decl":{"start":{"line":308,"column":89},"end":{"line":308,"column":90}},"loc":{"start":{"line":308,"column":102},"end":{"line":381,"column":5}},"line":308},"43":{"name":"(anonymous_43)","decl":{"start":{"line":309,"column":33},"end":{"line":309,"column":34}},"loc":{"start":{"line":309,"column":39},"end":{"line":359,"column":10}},"line":309},"44":{"name":"(anonymous_44)","decl":{"start":{"line":309,"column":71},"end":{"line":309,"column":72}},"loc":{"start":{"line":309,"column":84},"end":{"line":359,"column":9}},"line":309},"45":{"name":"(anonymous_45)","decl":{"start":{"line":360,"column":66},"end":{"line":360,"column":67}},"loc":{"start":{"line":360,"column":72},"end":{"line":375,"column":10}},"line":360},"46":{"name":"(anonymous_46)","decl":{"start":{"line":360,"column":104},"end":{"line":360,"column":105}},"loc":{"start":{"line":360,"column":117},"end":{"line":375,"column":9}},"line":360},"47":{"name":"(anonymous_47)","decl":{"start":{"line":376,"column":33},"end":{"line":376,"column":34}},"loc":{"start":{"line":376,"column":39},"end":{"line":380,"column":10}},"line":376},"48":{"name":"(anonymous_48)","decl":{"start":{"line":376,"column":71},"end":{"line":376,"column":72}},"loc":{"start":{"line":376,"column":84},"end":{"line":380,"column":9}},"line":376},"49":{"name":"(anonymous_49)","decl":{"start":{"line":382,"column":57},"end":{"line":382,"column":58}},"loc":{"start":{"line":382,"column":63},"end":{"line":472,"column":6}},"line":382},"50":{"name":"(anonymous_50)","decl":{"start":{"line":382,"column":95},"end":{"line":382,"column":96}},"loc":{"start":{"line":382,"column":108},"end":{"line":472,"column":5}},"line":382},"51":{"name":"(anonymous_51)","decl":{"start":{"line":383,"column":40},"end":{"line":383,"column":41}},"loc":{"start":{"line":383,"column":46},"end":{"line":434,"column":10}},"line":383},"52":{"name":"(anonymous_52)","decl":{"start":{"line":383,"column":78},"end":{"line":383,"column":79}},"loc":{"start":{"line":383,"column":91},"end":{"line":434,"column":9}},"line":383},"53":{"name":"(anonymous_53)","decl":{"start":{"line":435,"column":66},"end":{"line":435,"column":67}},"loc":{"start":{"line":435,"column":72},"end":{"line":450,"column":10}},"line":435},"54":{"name":"(anonymous_54)","decl":{"start":{"line":435,"column":104},"end":{"line":435,"column":105}},"loc":{"start":{"line":435,"column":117},"end":{"line":450,"column":9}},"line":435},"55":{"name":"(anonymous_55)","decl":{"start":{"line":451,"column":59},"end":{"line":451,"column":60}},"loc":{"start":{"line":451,"column":65},"end":{"line":466,"column":10}},"line":451},"56":{"name":"(anonymous_56)","decl":{"start":{"line":451,"column":97},"end":{"line":451,"column":98}},"loc":{"start":{"line":451,"column":110},"end":{"line":466,"column":9}},"line":451},"57":{"name":"(anonymous_57)","decl":{"start":{"line":467,"column":33},"end":{"line":467,"column":34}},"loc":{"start":{"line":467,"column":39},"end":{"line":471,"column":10}},"line":467},"58":{"name":"(anonymous_58)","decl":{"start":{"line":467,"column":71},"end":{"line":467,"column":72}},"loc":{"start":{"line":467,"column":84},"end":{"line":471,"column":9}},"line":467},"59":{"name":"(anonymous_59)","decl":{"start":{"line":473,"column":53},"end":{"line":473,"column":54}},"loc":{"start":{"line":473,"column":59},"end":{"line":549,"column":6}},"line":473},"60":{"name":"(anonymous_60)","decl":{"start":{"line":473,"column":91},"end":{"line":473,"column":92}},"loc":{"start":{"line":473,"column":104},"end":{"line":549,"column":5}},"line":473},"61":{"name":"(anonymous_61)","decl":{"start":{"line":474,"column":41},"end":{"line":474,"column":42}},"loc":{"start":{"line":474,"column":47},"end":{"line":511,"column":10}},"line":474},"62":{"name":"(anonymous_62)","decl":{"start":{"line":474,"column":79},"end":{"line":474,"column":80}},"loc":{"start":{"line":474,"column":92},"end":{"line":511,"column":9}},"line":474},"63":{"name":"(anonymous_63)","decl":{"start":{"line":512,"column":66},"end":{"line":512,"column":67}},"loc":{"start":{"line":512,"column":72},"end":{"line":527,"column":10}},"line":512},"64":{"name":"(anonymous_64)","decl":{"start":{"line":512,"column":104},"end":{"line":512,"column":105}},"loc":{"start":{"line":512,"column":117},"end":{"line":527,"column":9}},"line":512},"65":{"name":"(anonymous_65)","decl":{"start":{"line":528,"column":59},"end":{"line":528,"column":60}},"loc":{"start":{"line":528,"column":65},"end":{"line":543,"column":10}},"line":528},"66":{"name":"(anonymous_66)","decl":{"start":{"line":528,"column":97},"end":{"line":528,"column":98}},"loc":{"start":{"line":528,"column":110},"end":{"line":543,"column":9}},"line":528},"67":{"name":"(anonymous_67)","decl":{"start":{"line":544,"column":33},"end":{"line":544,"column":34}},"loc":{"start":{"line":544,"column":39},"end":{"line":548,"column":10}},"line":544},"68":{"name":"(anonymous_68)","decl":{"start":{"line":544,"column":71},"end":{"line":544,"column":72}},"loc":{"start":{"line":544,"column":84},"end":{"line":548,"column":9}},"line":544}},"branchMap":{"0":{"loc":{"start":{"line":2,"column":16},"end":{"line":9,"column":1}},"type":"binary-expr","locations":[{"start":{"line":2,"column":17},"end":{"line":2,"column":21}},{"start":{"line":2,"column":25},"end":{"line":2,"column":39}},{"start":{"line":2,"column":44},"end":{"line":9,"column":1}}],"line":2},"1":{"loc":{"start":{"line":3,"column":16},"end":{"line":3,"column":34}},"type":"binary-expr","locations":[{"start":{"line":3,"column":16},"end":{"line":3,"column":17}},{"start":{"line":3,"column":22},"end":{"line":3,"column":33}}],"line":3},"2":{"loc":{"start":{"line":6,"column":32},"end":{"line":6,"column":148}},"type":"cond-expr","locations":[{"start":{"line":6,"column":46},"end":{"line":6,"column":67}},{"start":{"line":6,"column":70},"end":{"line":6,"column":148}}],"line":6},"3":{"loc":{"start":{"line":7,"column":51},"end":{"line":7,"column":67}},"type":"binary-expr","locations":[{"start":{"line":7,"column":51},"end":{"line":7,"column":61}},{"start":{"line":7,"column":65},"end":{"line":7,"column":67}}],"line":7},"4":{"loc":{"start":{"line":10,"column":22},"end":{"line":12,"column":1}},"type":"binary-expr","locations":[{"start":{"line":10,"column":23},"end":{"line":10,"column":27}},{"start":{"line":10,"column":31},"end":{"line":10,"column":51}},{"start":{"line":10,"column":56},"end":{"line":12,"column":1}}],"line":10},"5":{"loc":{"start":{"line":11,"column":11},"end":{"line":11,"column":61}},"type":"cond-expr","locations":[{"start":{"line":11,"column":37},"end":{"line":11,"column":40}},{"start":{"line":11,"column":43},"end":{"line":11,"column":61}}],"line":11},"6":{"loc":{"start":{"line":11,"column":12},"end":{"line":11,"column":33}},"type":"binary-expr","locations":[{"start":{"line":11,"column":12},"end":{"line":11,"column":15}},{"start":{"line":11,"column":19},"end":{"line":11,"column":33}}],"line":11}},"s":{"0":1,"1":29,"2":52,"3":52,"4":0,"5":0,"6":0,"7":0,"8":81,"9":52,"10":29,"11":1,"12":7,"13":1,"14":1,"15":1,"16":1,"17":1,"18":1,"19":1,"20":1,"21":1,"22":1,"23":1,"24":1,"25":1,"26":23,"27":23,"28":23,"29":1,"30":23,"31":1,"32":11,"33":1,"34":1,"35":1,"36":1,"37":1,"38":1,"39":1,"40":1,"41":1,"42":1,"43":1,"44":1,"45":1,"46":1,"47":1,"48":1,"49":1,"50":1,"51":1,"52":1,"53":1,"54":1,"55":1,"56":1,"57":1,"58":1,"59":1,"60":1,"61":1,"62":1,"63":1,"64":1,"65":1,"66":1,"67":1,"68":1,"69":1,"70":1,"71":1,"72":1,"73":1,"74":1,"75":1,"76":1,"77":1,"78":1,"79":1,"80":1,"81":1,"82":1,"83":1,"84":1,"85":1,"86":1,"87":1,"88":1,"89":1,"90":1,"91":1,"92":1,"93":1,"94":1,"95":1,"96":1,"97":1,"98":1,"99":1,"100":1,"101":1,"102":1,"103":1,"104":1,"105":1,"106":1,"107":1,"108":1,"109":1,"110":1,"111":1,"112":1,"113":1,"114":1,"115":1,"116":1,"117":1,"118":1,"119":1,"120":1,"121":1,"122":1,"123":1,"124":1,"125":1,"126":1,"127":1,"128":1,"129":1,"130":1,"131":1,"132":1,"133":1,"134":1,"135":1,"136":1,"137":1,"138":1,"139":1,"140":1,"141":1,"142":1,"143":1,"144":1,"145":1,"146":1,"147":1,"148":1,"149":1,"150":1,"151":1,"152":1,"153":1,"154":1,"155":1,"156":1,"157":1,"158":1,"159":1,"160":1,"161":1,"162":1,"163":1,"164":1,"165":1,"166":1,"167":1,"168":1,"169":1,"170":1,"171":1,"172":1,"173":1,"174":1,"175":1,"176":1,"177":1,"178":1,"179":1,"180":1,"181":1,"182":1,"183":1,"184":1,"185":1,"186":1,"187":1,"188":1,"189":1,"190":1,"191":1,"192":1,"193":1,"194":1,"195":1,"196":1,"197":1,"198":1,"199":1,"200":1,"201":1,"202":1,"203":1,"204":1,"205":1,"206":1,"207":1,"208":1,"209":1,"210":1,"211":1,"212":1,"213":1,"214":1,"215":1,"216":1,"217":1,"218":1,"219":1,"220":1,"221":1,"222":1,"223":1,"224":1,"225":1,"226":1,"227":1,"228":1,"229":1,"230":1,"231":1,"232":1,"233":1,"234":1,"235":1,"236":1,"237":1,"238":1,"239":1,"240":1,"241":1,"242":1,"243":1,"244":1,"245":1,"246":1,"247":1,"248":1,"249":1,"250":1,"251":1,"252":1,"253":1,"254":1,"255":1,"256":1,"257":1,"258":1,"259":1,"260":1,"261":1,"262":1,"263":1,"264":1,"265":1,"266":1,"267":1,"268":1,"269":1,"270":1,"271":1,"272":1,"273":1,"274":1,"275":1,"276":1},"f":{"0":29,"1":29,"2":52,"3":0,"4":81,"5":52,"6":7,"7":1,"8":23,"9":23,"10":11,"11":1,"12":1,"13":1,"14":1,"15":1,"16":1,"17":1,"18":1,"19":1,"20":1,"21":1,"22":1,"23":1,"24":1,"25":1,"26":1,"27":1,"28":1,"29":1,"30":1,"31":1,"32":1,"33":1,"34":1,"35":1,"36":1,"37":1,"38":1,"39":1,"40":1,"41":1,"42":1,"43":1,"44":1,"45":1,"46":1,"47":1,"48":1,"49":1,"50":1,"51":1,"52":1,"53":1,"54":1,"55":1,"56":1,"57":1,"58":1,"59":1,"60":1,"61":1,"62":1,"63":1,"64":1,"65":1,"66":1,"67":1,"68":1},"b":{"0":[1,1,1],"1":[29,29],"2":[29,52],"3":[29,29],"4":[1,1,1],"5":[3,4],"6":[7,7]},"_coverageSchema":"43e27e138ebf9cfc5966b082cf9a028302ed4184","hash":"4c24e76cb2a486e2ab630b308022248b727dce16","contentHash":"ac1c16ce8a04f86e9cdb7d4959f7503d6d265be1dd9e500ddbe3d4674b77c102"},"/home/nineleaps/Store_Pet/app/repositories/PetRepository.ts":{"path":"/home/nineleaps/Store_Pet/app/repositories/PetRepository.ts","statementMap":{"0":{"start":{"line":2,"column":22},"end":{"line":4,"column":1}},"1":{"start":{"line":3,"column":4},"end":{"line":3,"column":62}},"2":{"start":{"line":5,"column":0},"end":{"line":5,"column":62}},"3":{"start":{"line":6,"column":14},"end":{"line":6,"column":55}},"4":{"start":{"line":9,"column":8},"end":{"line":11,"column":10}},"5":{"start":{"line":10,"column":12},"end":{"line":10,"column":46}},"6":{"start":{"line":12,"column":8},"end":{"line":14,"column":10}},"7":{"start":{"line":13,"column":12},"end":{"line":13,"column":40}},"8":{"start":{"line":15,"column":8},"end":{"line":17,"column":10}},"9":{"start":{"line":16,"column":12},"end":{"line":16,"column":66}},"10":{"start":{"line":18,"column":8},"end":{"line":20,"column":10}},"11":{"start":{"line":19,"column":12},"end":{"line":19,"column":48}},"12":{"start":{"line":21,"column":8},"end":{"line":23,"column":10}},"13":{"start":{"line":22,"column":12},"end":{"line":22,"column":55}},"14":{"start":{"line":24,"column":8},"end":{"line":26,"column":10}},"15":{"start":{"line":25,"column":12},"end":{"line":25,"column":86}},"16":{"start":{"line":29,"column":0},"end":{"line":29,"column":38}},"17":{"start":{"line":30,"column":0},"end":{"line":30,"column":32}}},"fnMap":{"0":{"name":"(anonymous_0)","decl":{"start":{"line":2,"column":56},"end":{"line":2,"column":57}},"loc":{"start":{"line":2,"column":71},"end":{"line":4,"column":1}},"line":2},"1":{"name":"(anonymous_1)","decl":{"start":{"line":8,"column":4},"end":{"line":8,"column":5}},"loc":{"start":{"line":8,"column":18},"end":{"line":27,"column":5}},"line":8},"2":{"name":"(anonymous_2)","decl":{"start":{"line":9,"column":26},"end":{"line":9,"column":27}},"loc":{"start":{"line":9,"column":34},"end":{"line":11,"column":9}},"line":9},"3":{"name":"(anonymous_3)","decl":{"start":{"line":12,"column":26},"end":{"line":12,"column":27}},"loc":{"start":{"line":12,"column":32},"end":{"line":14,"column":9}},"line":12},"4":{"name":"(anonymous_4)","decl":{"start":{"line":15,"column":28},"end":{"line":15,"column":29}},"loc":{"start":{"line":15,"column":38},"end":{"line":17,"column":9}},"line":15},"5":{"name":"(anonymous_5)","decl":{"start":{"line":18,"column":25},"end":{"line":18,"column":26}},"loc":{"start":{"line":18,"column":37},"end":{"line":20,"column":9}},"line":18},"6":{"name":"(anonymous_6)","decl":{"start":{"line":21,"column":25},"end":{"line":21,"column":26}},"loc":{"start":{"line":21,"column":33},"end":{"line":23,"column":9}},"line":21},"7":{"name":"(anonymous_7)","decl":{"start":{"line":24,"column":25},"end":{"line":24,"column":26}},"loc":{"start":{"line":24,"column":45},"end":{"line":26,"column":9}},"line":24}},"branchMap":{"0":{"loc":{"start":{"line":2,"column":22},"end":{"line":4,"column":1}},"type":"binary-expr","locations":[{"start":{"line":2,"column":23},"end":{"line":2,"column":27}},{"start":{"line":2,"column":31},"end":{"line":2,"column":51}},{"start":{"line":2,"column":56},"end":{"line":4,"column":1}}],"line":2},"1":{"loc":{"start":{"line":3,"column":11},"end":{"line":3,"column":61}},"type":"cond-expr","locations":[{"start":{"line":3,"column":37},"end":{"line":3,"column":40}},{"start":{"line":3,"column":43},"end":{"line":3,"column":61}}],"line":3},"2":{"loc":{"start":{"line":3,"column":12},"end":{"line":3,"column":33}},"type":"binary-expr","locations":[{"start":{"line":3,"column":12},"end":{"line":3,"column":15}},{"start":{"line":3,"column":19},"end":{"line":3,"column":33}}],"line":3}},"s":{"0":1,"1":1,"2":1,"3":1,"4":41,"5":1,"6":41,"7":1,"8":41,"9":1,"10":41,"11":1,"12":41,"13":1,"14":41,"15":1,"16":1,"17":1},"f":{"0":1,"1":41,"2":1,"3":1,"4":1,"5":1,"6":1,"7":1},"b":{"0":[1,1,1],"1":[1,0],"2":[1,1]},"_coverageSchema":"43e27e138ebf9cfc5966b082cf9a028302ed4184","hash":"1e5a640732ed6ac9fa335b04a743422c9bb7cda7","contentHash":"a09222f61eb09d54f91b2649eac5fb87a4d8c0882c73ad92b46baf427ffa4c85"},"/home/nineleaps/Store_Pet/app/models/Pet.ts":{"path":"/home/nineleaps/Store_Pet/app/models/Pet.ts","statementMap":{"0":{"start":{"line":2,"column":19},"end":{"line":8,"column":1}},"1":{"start":{"line":3,"column":4},"end":{"line":3,"column":42}},"2":{"start":{"line":3,"column":31},"end":{"line":3,"column":42}},"3":{"start":{"line":4,"column":17},"end":{"line":4,"column":19}},"4":{"start":{"line":5,"column":4},"end":{"line":5,"column":99}},"5":{"start":{"line":5,"column":21},"end":{"line":5,"column":99}},"6":{"start":{"line":5,"column":40},"end":{"line":5,"column":99}},"7":{"start":{"line":5,"column":80},"end":{"line":5,"column":99}},"8":{"start":{"line":6,"column":4},"end":{"line":6,"column":28}},"9":{"start":{"line":7,"column":4},"end":{"line":7,"column":18}},"10":{"start":{"line":9,"column":0},"end":{"line":9,"column":62}},"11":{"start":{"line":10,"column":17},"end":{"line":10,"column":50}},"12":{"start":{"line":11,"column":15},"end":{"line":11,"column":30}},"13":{"start":{"line":12,"column":0},"end":{"line":25,"column":3}},"14":{"start":{"line":26,"column":12},"end":{"line":26,"column":52}},"15":{"start":{"line":27,"column":0},"end":{"line":27,"column":22}}},"fnMap":{"0":{"name":"(anonymous_0)","decl":{"start":{"line":2,"column":50},"end":{"line":2,"column":51}},"loc":{"start":{"line":2,"column":65},"end":{"line":8,"column":1}},"line":2}},"branchMap":{"0":{"loc":{"start":{"line":2,"column":19},"end":{"line":8,"column":1}},"type":"binary-expr","locations":[{"start":{"line":2,"column":20},"end":{"line":2,"column":24}},{"start":{"line":2,"column":28},"end":{"line":2,"column":45}},{"start":{"line":2,"column":50},"end":{"line":8,"column":1}}],"line":2},"1":{"loc":{"start":{"line":3,"column":4},"end":{"line":3,"column":42}},"type":"if","locations":[{"start":{"line":3,"column":4},"end":{"line":3,"column":42}},{"start":{"line":3,"column":4},"end":{"line":3,"column":42}}],"line":3},"2":{"loc":{"start":{"line":3,"column":8},"end":{"line":3,"column":29}},"type":"binary-expr","locations":[{"start":{"line":3,"column":8},"end":{"line":3,"column":11}},{"start":{"line":3,"column":15},"end":{"line":3,"column":29}}],"line":3},"3":{"loc":{"start":{"line":5,"column":4},"end":{"line":5,"column":99}},"type":"if","locations":[{"start":{"line":5,"column":4},"end":{"line":5,"column":99}},{"start":{"line":5,"column":4},"end":{"line":5,"column":99}}],"line":5},"4":{"loc":{"start":{"line":5,"column":40},"end":{"line":5,"column":99}},"type":"if","locations":[{"start":{"line":5,"column":40},"end":{"line":5,"column":99}},{"start":{"line":5,"column":40},"end":{"line":5,"column":99}}],"line":5}},"s":{"0":1,"1":1,"2":0,"3":1,"4":1,"5":1,"6":44,"7":8,"8":1,"9":1,"10":1,"11":1,"12":1,"13":1,"14":1,"15":1},"f":{"0":1},"b":{"0":[1,1,1],"1":[0,1],"2":[1,1],"3":[1,0],"4":[8,36]},"_coverageSchema":"43e27e138ebf9cfc5966b082cf9a028302ed4184","hash":"545eb33b7145c7fd13835b457f77edb63203e4af","contentHash":"f0b939fe83cfb55e1eaa78fde273b643d7f1a2d996b63c53ebb05d27e8310ce9"},"/home/nineleaps/Store_Pet/app/services/PetService.ts":{"path":"/home/nineleaps/Store_Pet/app/services/PetService.ts","statementMap":{"0":{"start":{"line":2,"column":16},"end":{"line":9,"column":1}},"1":{"start":{"line":3,"column":4},"end":{"line":8,"column":7}},"2":{"start":{"line":4,"column":36},"end":{"line":4,"column":97}},"3":{"start":{"line":4,"column":42},"end":{"line":4,"column":70}},"4":{"start":{"line":4,"column":85},"end":{"line":4,"column":95}},"5":{"start":{"line":5,"column":35},"end":{"line":5,"column":100}},"6":{"start":{"line":5,"column":41},"end":{"line":5,"column":73}},"7":{"start":{"line":5,"column":88},"end":{"line":5,"column":98}},"8":{"start":{"line":6,"column":32},"end":{"line":6,"column":149}},"9":{"start":{"line":6,"column":97},"end":{"line":6,"column":119}},"10":{"start":{"line":7,"column":8},"end":{"line":7,"column":78}},"11":{"start":{"line":10,"column":0},"end":{"line":10,"column":62}},"12":{"start":{"line":13,"column":8},"end":{"line":20,"column":11}},"13":{"start":{"line":13,"column":32},"end":{"line":20,"column":10}},"14":{"start":{"line":14,"column":12},"end":{"line":19,"column":13}},"15":{"start":{"line":15,"column":16},"end":{"line":15,"column":61}},"16":{"start":{"line":18,"column":16},"end":{"line":18,"column":28}},"17":{"start":{"line":21,"column":8},"end":{"line":28,"column":11}},"18":{"start":{"line":21,"column":34},"end":{"line":28,"column":10}},"19":{"start":{"line":22,"column":12},"end":{"line":27,"column":13}},"20":{"start":{"line":23,"column":16},"end":{"line":23,"column":63}},"21":{"start":{"line":26,"column":16},"end":{"line":26,"column":28}},"22":{"start":{"line":29,"column":8},"end":{"line":36,"column":11}},"23":{"start":{"line":29,"column":38},"end":{"line":36,"column":10}},"24":{"start":{"line":30,"column":12},"end":{"line":35,"column":13}},"25":{"start":{"line":31,"column":16},"end":{"line":31,"column":67}},"26":{"start":{"line":34,"column":16},"end":{"line":34,"column":28}},"27":{"start":{"line":37,"column":8},"end":{"line":44,"column":11}},"28":{"start":{"line":37,"column":37},"end":{"line":44,"column":10}},"29":{"start":{"line":38,"column":12},"end":{"line":43,"column":13}},"30":{"start":{"line":39,"column":16},"end":{"line":39,"column":66}},"31":{"start":{"line":42,"column":16},"end":{"line":42,"column":28}},"32":{"start":{"line":45,"column":8},"end":{"line":52,"column":11}},"33":{"start":{"line":45,"column":45},"end":{"line":52,"column":10}},"34":{"start":{"line":46,"column":12},"end":{"line":51,"column":13}},"35":{"start":{"line":47,"column":16},"end":{"line":47,"column":74}},"36":{"start":{"line":50,"column":16},"end":{"line":50,"column":28}},"37":{"start":{"line":53,"column":8},"end":{"line":60,"column":11}},"38":{"start":{"line":53,"column":33},"end":{"line":60,"column":10}},"39":{"start":{"line":54,"column":12},"end":{"line":59,"column":13}},"40":{"start":{"line":55,"column":16},"end":{"line":55,"column":62}},"41":{"start":{"line":58,"column":16},"end":{"line":58,"column":28}},"42":{"start":{"line":61,"column":8},"end":{"line":61,"column":43}},"43":{"start":{"line":64,"column":0},"end":{"line":64,"column":32}},"44":{"start":{"line":65,"column":0},"end":{"line":65,"column":29}}},"fnMap":{"0":{"name":"(anonymous_0)","decl":{"start":{"line":2,"column":44},"end":{"line":2,"column":45}},"loc":{"start":{"line":2,"column":89},"end":{"line":9,"column":1}},"line":2},"1":{"name":"(anonymous_1)","decl":{"start":{"line":3,"column":36},"end":{"line":3,"column":37}},"loc":{"start":{"line":3,"column":63},"end":{"line":8,"column":5}},"line":3},"2":{"name":"fulfilled","decl":{"start":{"line":4,"column":17},"end":{"line":4,"column":26}},"loc":{"start":{"line":4,"column":34},"end":{"line":4,"column":99}},"line":4},"3":{"name":"rejected","decl":{"start":{"line":5,"column":17},"end":{"line":5,"column":25}},"loc":{"start":{"line":5,"column":33},"end":{"line":5,"column":102}},"line":5},"4":{"name":"step","decl":{"start":{"line":6,"column":17},"end":{"line":6,"column":21}},"loc":{"start":{"line":6,"column":30},"end":{"line":6,"column":151}},"line":6},"5":{"name":"(anonymous_5)","decl":{"start":{"line":6,"column":76},"end":{"line":6,"column":77}},"loc":{"start":{"line":6,"column":95},"end":{"line":6,"column":121}},"line":6},"6":{"name":"(anonymous_6)","decl":{"start":{"line":12,"column":4},"end":{"line":12,"column":5}},"loc":{"start":{"line":12,"column":31},"end":{"line":62,"column":5}},"line":12},"7":{"name":"(anonymous_7)","decl":{"start":{"line":13,"column":26},"end":{"line":13,"column":27}},"loc":{"start":{"line":13,"column":32},"end":{"line":20,"column":10}},"line":13},"8":{"name":"(anonymous_8)","decl":{"start":{"line":13,"column":64},"end":{"line":13,"column":65}},"loc":{"start":{"line":13,"column":77},"end":{"line":20,"column":9}},"line":13},"9":{"name":"(anonymous_9)","decl":{"start":{"line":21,"column":26},"end":{"line":21,"column":27}},"loc":{"start":{"line":21,"column":34},"end":{"line":28,"column":10}},"line":21},"10":{"name":"(anonymous_10)","decl":{"start":{"line":21,"column":66},"end":{"line":21,"column":67}},"loc":{"start":{"line":21,"column":79},"end":{"line":28,"column":9}},"line":21},"11":{"name":"(anonymous_11)","decl":{"start":{"line":29,"column":28},"end":{"line":29,"column":29}},"loc":{"start":{"line":29,"column":38},"end":{"line":36,"column":10}},"line":29},"12":{"name":"(anonymous_12)","decl":{"start":{"line":29,"column":70},"end":{"line":29,"column":71}},"loc":{"start":{"line":29,"column":83},"end":{"line":36,"column":9}},"line":29},"13":{"name":"(anonymous_13)","decl":{"start":{"line":37,"column":25},"end":{"line":37,"column":26}},"loc":{"start":{"line":37,"column":37},"end":{"line":44,"column":10}},"line":37},"14":{"name":"(anonymous_14)","decl":{"start":{"line":37,"column":69},"end":{"line":37,"column":70}},"loc":{"start":{"line":37,"column":82},"end":{"line":44,"column":9}},"line":37},"15":{"name":"(anonymous_15)","decl":{"start":{"line":45,"column":25},"end":{"line":45,"column":26}},"loc":{"start":{"line":45,"column":45},"end":{"line":52,"column":10}},"line":45},"16":{"name":"(anonymous_16)","decl":{"start":{"line":45,"column":77},"end":{"line":45,"column":78}},"loc":{"start":{"line":45,"column":90},"end":{"line":52,"column":9}},"line":45},"17":{"name":"(anonymous_17)","decl":{"start":{"line":53,"column":25},"end":{"line":53,"column":26}},"loc":{"start":{"line":53,"column":33},"end":{"line":60,"column":10}},"line":53},"18":{"name":"(anonymous_18)","decl":{"start":{"line":53,"column":65},"end":{"line":53,"column":66}},"loc":{"start":{"line":53,"column":78},"end":{"line":60,"column":9}},"line":53}},"branchMap":{"0":{"loc":{"start":{"line":2,"column":16},"end":{"line":9,"column":1}},"type":"binary-expr","locations":[{"start":{"line":2,"column":17},"end":{"line":2,"column":21}},{"start":{"line":2,"column":25},"end":{"line":2,"column":39}},{"start":{"line":2,"column":44},"end":{"line":9,"column":1}}],"line":2},"1":{"loc":{"start":{"line":3,"column":16},"end":{"line":3,"column":34}},"type":"binary-expr","locations":[{"start":{"line":3,"column":16},"end":{"line":3,"column":17}},{"start":{"line":3,"column":22},"end":{"line":3,"column":33}}],"line":3},"2":{"loc":{"start":{"line":6,"column":32},"end":{"line":6,"column":148}},"type":"cond-expr","locations":[{"start":{"line":6,"column":46},"end":{"line":6,"column":67}},{"start":{"line":6,"column":70},"end":{"line":6,"column":148}}],"line":6},"3":{"loc":{"start":{"line":7,"column":51},"end":{"line":7,"column":67}},"type":"binary-expr","locations":[{"start":{"line":7,"column":51},"end":{"line":7,"column":61}},{"start":{"line":7,"column":65},"end":{"line":7,"column":67}}],"line":7}},"s":{"0":1,"1":12,"2":6,"3":6,"4":0,"5":0,"6":0,"7":0,"8":12,"9":6,"10":12,"11":1,"12":35,"13":2,"14":2,"15":2,"16":1,"17":35,"18":2,"19":2,"20":2,"21":1,"22":35,"23":2,"24":2,"25":2,"26":1,"27":35,"28":2,"29":2,"30":2,"31":1,"32":35,"33":2,"34":2,"35":2,"36":1,"37":35,"38":2,"39":2,"40":2,"41":1,"42":35,"43":1,"44":1},"f":{"0":12,"1":12,"2":6,"3":0,"4":12,"5":6,"6":35,"7":2,"8":2,"9":2,"10":2,"11":2,"12":2,"13":2,"14":2,"15":2,"16":2,"17":2,"18":2},"b":{"0":[1,1,1],"1":[12,12],"2":[6,6],"3":[12,12]},"_coverageSchema":"43e27e138ebf9cfc5966b082cf9a028302ed4184","hash":"4cdc87ba7dee9831d8e01027249b87189f56e65d","contentHash":"ed30198fce14d976c4f53b5813d0b9727108d36db75966a5622e92699104b2df"},"/home/nineleaps/Store_Pet/app/controllers/PetController.ts":{"path":"/home/nineleaps/Store_Pet/app/controllers/PetController.ts","statementMap":{"0":{"start":{"line":2,"column":16},"end":{"line":9,"column":1}},"1":{"start":{"line":3,"column":4},"end":{"line":8,"column":7}},"2":{"start":{"line":4,"column":36},"end":{"line":4,"column":97}},"3":{"start":{"line":4,"column":42},"end":{"line":4,"column":70}},"4":{"start":{"line":4,"column":85},"end":{"line":4,"column":95}},"5":{"start":{"line":5,"column":35},"end":{"line":5,"column":100}},"6":{"start":{"line":5,"column":41},"end":{"line":5,"column":73}},"7":{"start":{"line":5,"column":88},"end":{"line":5,"column":98}},"8":{"start":{"line":6,"column":32},"end":{"line":6,"column":149}},"9":{"start":{"line":6,"column":97},"end":{"line":6,"column":119}},"10":{"start":{"line":7,"column":8},"end":{"line":7,"column":78}},"11":{"start":{"line":10,"column":22},"end":{"line":12,"column":1}},"12":{"start":{"line":11,"column":4},"end":{"line":11,"column":62}},"13":{"start":{"line":13,"column":0},"end":{"line":13,"column":62}},"14":{"start":{"line":14,"column":19},"end":{"line":14,"column":55}},"15":{"start":{"line":15,"column":22},"end":{"line":15,"column":74}},"16":{"start":{"line":16,"column":14},"end":{"line":16,"column":55}},"17":{"start":{"line":17,"column":25},"end":{"line":17,"column":69}},"18":{"start":{"line":20,"column":8},"end":{"line":20,"column":16}},"19":{"start":{"line":21,"column":8},"end":{"line":48,"column":11}},"20":{"start":{"line":21,"column":39},"end":{"line":48,"column":10}},"21":{"start":{"line":22,"column":12},"end":{"line":47,"column":13}},"22":{"start":{"line":23,"column":31},"end":{"line":36,"column":18}},"23":{"start":{"line":37,"column":16},"end":{"line":37,"column":50}},"24":{"start":{"line":38,"column":16},"end":{"line":38,"column":71}},"25":{"start":{"line":41,"column":16},"end":{"line":46,"column":17}},"26":{"start":{"line":42,"column":20},"end":{"line":42,"column":104}},"27":{"start":{"line":45,"column":20},"end":{"line":45,"column":32}},"28":{"start":{"line":49,"column":8},"end":{"line":65,"column":11}},"29":{"start":{"line":49,"column":40},"end":{"line":65,"column":10}},"30":{"start":{"line":50,"column":12},"end":{"line":64,"column":13}},"31":{"start":{"line":51,"column":29},"end":{"line":51,"column":63}},"32":{"start":{"line":52,"column":16},"end":{"line":52,"column":63}},"33":{"start":{"line":55,"column":16},"end":{"line":63,"column":17}},"34":{"start":{"line":56,"column":20},"end":{"line":56,"column":104}},"35":{"start":{"line":58,"column":21},"end":{"line":63,"column":17}},"36":{"start":{"line":59,"column":20},"end":{"line":59,"column":130}},"37":{"start":{"line":62,"column":20},"end":{"line":62,"column":32}},"38":{"start":{"line":66,"column":8},"end":{"line":83,"column":11}},"39":{"start":{"line":66,"column":40},"end":{"line":83,"column":10}},"40":{"start":{"line":67,"column":12},"end":{"line":82,"column":13}},"41":{"start":{"line":68,"column":27},"end":{"line":68,"column":43}},"42":{"start":{"line":69,"column":28},"end":{"line":69,"column":64}},"43":{"start":{"line":70,"column":16},"end":{"line":70,"column":62}},"44":{"start":{"line":73,"column":16},"end":{"line":81,"column":17}},"45":{"start":{"line":74,"column":20},"end":{"line":74,"column":104}},"46":{"start":{"line":76,"column":21},"end":{"line":81,"column":17}},"47":{"start":{"line":77,"column":20},"end":{"line":77,"column":130}},"48":{"start":{"line":80,"column":20},"end":{"line":80,"column":32}},"49":{"start":{"line":84,"column":8},"end":{"line":102,"column":11}},"50":{"start":{"line":84,"column":42},"end":{"line":102,"column":10}},"51":{"start":{"line":85,"column":12},"end":{"line":101,"column":13}},"52":{"start":{"line":86,"column":27},"end":{"line":86,"column":45}},"53":{"start":{"line":87,"column":16},"end":{"line":87,"column":34}},"54":{"start":{"line":88,"column":28},"end":{"line":88,"column":68}},"55":{"start":{"line":89,"column":16},"end":{"line":89,"column":62}},"56":{"start":{"line":92,"column":16},"end":{"line":100,"column":17}},"57":{"start":{"line":93,"column":20},"end":{"line":93,"column":104}},"58":{"start":{"line":95,"column":21},"end":{"line":100,"column":17}},"59":{"start":{"line":96,"column":20},"end":{"line":96,"column":130}},"60":{"start":{"line":99,"column":20},"end":{"line":99,"column":32}},"61":{"start":{"line":103,"column":8},"end":{"line":120,"column":11}},"62":{"start":{"line":103,"column":39},"end":{"line":120,"column":10}},"63":{"start":{"line":104,"column":12},"end":{"line":119,"column":13}},"64":{"start":{"line":105,"column":27},"end":{"line":105,"column":43}},"65":{"start":{"line":106,"column":31},"end":{"line":106,"column":76}},"66":{"start":{"line":107,"column":16},"end":{"line":107,"column":65}},"67":{"start":{"line":110,"column":16},"end":{"line":118,"column":17}},"68":{"start":{"line":111,"column":20},"end":{"line":111,"column":104}},"69":{"start":{"line":113,"column":21},"end":{"line":118,"column":17}},"70":{"start":{"line":114,"column":20},"end":{"line":114,"column":130}},"71":{"start":{"line":117,"column":20},"end":{"line":117,"column":32}},"72":{"start":{"line":121,"column":8},"end":{"line":138,"column":11}},"73":{"start":{"line":121,"column":39},"end":{"line":138,"column":10}},"74":{"start":{"line":122,"column":12},"end":{"line":137,"column":13}},"75":{"start":{"line":123,"column":27},"end":{"line":123,"column":43}},"76":{"start":{"line":124,"column":35},"end":{"line":124,"column":70}},"77":{"start":{"line":125,"column":16},"end":{"line":125,"column":75}},"78":{"start":{"line":128,"column":16},"end":{"line":136,"column":17}},"79":{"start":{"line":129,"column":20},"end":{"line":129,"column":104}},"80":{"start":{"line":131,"column":21},"end":{"line":136,"column":17}},"81":{"start":{"line":132,"column":20},"end":{"line":132,"column":130}},"82":{"start":{"line":135,"column":20},"end":{"line":135,"column":32}},"83":{"start":{"line":139,"column":8},"end":{"line":139,"column":37}},"84":{"start":{"line":142,"column":0},"end":{"line":142,"column":38}},"85":{"start":{"line":143,"column":0},"end":{"line":143,"column":32}}},"fnMap":{"0":{"name":"(anonymous_0)","decl":{"start":{"line":2,"column":44},"end":{"line":2,"column":45}},"loc":{"start":{"line":2,"column":89},"end":{"line":9,"column":1}},"line":2},"1":{"name":"(anonymous_1)","decl":{"start":{"line":3,"column":36},"end":{"line":3,"column":37}},"loc":{"start":{"line":3,"column":63},"end":{"line":8,"column":5}},"line":3},"2":{"name":"fulfilled","decl":{"start":{"line":4,"column":17},"end":{"line":4,"column":26}},"loc":{"start":{"line":4,"column":34},"end":{"line":4,"column":99}},"line":4},"3":{"name":"rejected","decl":{"start":{"line":5,"column":17},"end":{"line":5,"column":25}},"loc":{"start":{"line":5,"column":33},"end":{"line":5,"column":102}},"line":5},"4":{"name":"step","decl":{"start":{"line":6,"column":17},"end":{"line":6,"column":21}},"loc":{"start":{"line":6,"column":30},"end":{"line":6,"column":151}},"line":6},"5":{"name":"(anonymous_5)","decl":{"start":{"line":6,"column":76},"end":{"line":6,"column":77}},"loc":{"start":{"line":6,"column":95},"end":{"line":6,"column":121}},"line":6},"6":{"name":"(anonymous_6)","decl":{"start":{"line":10,"column":56},"end":{"line":10,"column":57}},"loc":{"start":{"line":10,"column":71},"end":{"line":12,"column":1}},"line":10},"7":{"name":"(anonymous_7)","decl":{"start":{"line":19,"column":4},"end":{"line":19,"column":5}},"loc":{"start":{"line":19,"column":28},"end":{"line":140,"column":5}},"line":19},"8":{"name":"(anonymous_8)","decl":{"start":{"line":21,"column":25},"end":{"line":21,"column":26}},"loc":{"start":{"line":21,"column":39},"end":{"line":48,"column":10}},"line":21},"9":{"name":"(anonymous_9)","decl":{"start":{"line":21,"column":71},"end":{"line":21,"column":72}},"loc":{"start":{"line":21,"column":84},"end":{"line":48,"column":9}},"line":21},"10":{"name":"(anonymous_10)","decl":{"start":{"line":49,"column":26},"end":{"line":49,"column":27}},"loc":{"start":{"line":49,"column":40},"end":{"line":65,"column":10}},"line":49},"11":{"name":"(anonymous_11)","decl":{"start":{"line":49,"column":72},"end":{"line":49,"column":73}},"loc":{"start":{"line":49,"column":85},"end":{"line":65,"column":9}},"line":49},"12":{"name":"(anonymous_12)","decl":{"start":{"line":66,"column":26},"end":{"line":66,"column":27}},"loc":{"start":{"line":66,"column":40},"end":{"line":83,"column":10}},"line":66},"13":{"name":"(anonymous_13)","decl":{"start":{"line":66,"column":72},"end":{"line":66,"column":73}},"loc":{"start":{"line":66,"column":85},"end":{"line":83,"column":9}},"line":66},"14":{"name":"(anonymous_14)","decl":{"start":{"line":84,"column":28},"end":{"line":84,"column":29}},"loc":{"start":{"line":84,"column":42},"end":{"line":102,"column":10}},"line":84},"15":{"name":"(anonymous_15)","decl":{"start":{"line":84,"column":74},"end":{"line":84,"column":75}},"loc":{"start":{"line":84,"column":87},"end":{"line":102,"column":9}},"line":84},"16":{"name":"(anonymous_16)","decl":{"start":{"line":103,"column":25},"end":{"line":103,"column":26}},"loc":{"start":{"line":103,"column":39},"end":{"line":120,"column":10}},"line":103},"17":{"name":"(anonymous_17)","decl":{"start":{"line":103,"column":71},"end":{"line":103,"column":72}},"loc":{"start":{"line":103,"column":84},"end":{"line":120,"column":9}},"line":103},"18":{"name":"(anonymous_18)","decl":{"start":{"line":121,"column":25},"end":{"line":121,"column":26}},"loc":{"start":{"line":121,"column":39},"end":{"line":138,"column":10}},"line":121},"19":{"name":"(anonymous_19)","decl":{"start":{"line":121,"column":71},"end":{"line":121,"column":72}},"loc":{"start":{"line":121,"column":84},"end":{"line":138,"column":9}},"line":121}},"branchMap":{"0":{"loc":{"start":{"line":2,"column":16},"end":{"line":9,"column":1}},"type":"binary-expr","locations":[{"start":{"line":2,"column":17},"end":{"line":2,"column":21}},{"start":{"line":2,"column":25},"end":{"line":2,"column":39}},{"start":{"line":2,"column":44},"end":{"line":9,"column":1}}],"line":2},"1":{"loc":{"start":{"line":3,"column":16},"end":{"line":3,"column":34}},"type":"binary-expr","locations":[{"start":{"line":3,"column":16},"end":{"line":3,"column":17}},{"start":{"line":3,"column":22},"end":{"line":3,"column":33}}],"line":3},"2":{"loc":{"start":{"line":6,"column":32},"end":{"line":6,"column":148}},"type":"cond-expr","locations":[{"start":{"line":6,"column":46},"end":{"line":6,"column":67}},{"start":{"line":6,"column":70},"end":{"line":6,"column":148}}],"line":6},"3":{"loc":{"start":{"line":7,"column":51},"end":{"line":7,"column":67}},"type":"binary-expr","locations":[{"start":{"line":7,"column":51},"end":{"line":7,"column":61}},{"start":{"line":7,"column":65},"end":{"line":7,"column":67}}],"line":7},"4":{"loc":{"start":{"line":10,"column":22},"end":{"line":12,"column":1}},"type":"binary-expr","locations":[{"start":{"line":10,"column":23},"end":{"line":10,"column":27}},{"start":{"line":10,"column":31},"end":{"line":10,"column":51}},{"start":{"line":10,"column":56},"end":{"line":12,"column":1}}],"line":10},"5":{"loc":{"start":{"line":11,"column":11},"end":{"line":11,"column":61}},"type":"cond-expr","locations":[{"start":{"line":11,"column":37},"end":{"line":11,"column":40}},{"start":{"line":11,"column":43},"end":{"line":11,"column":61}}],"line":11},"6":{"loc":{"start":{"line":11,"column":12},"end":{"line":11,"column":33}},"type":"binary-expr","locations":[{"start":{"line":11,"column":12},"end":{"line":11,"column":15}},{"start":{"line":11,"column":19},"end":{"line":11,"column":33}}],"line":11},"7":{"loc":{"start":{"line":41,"column":16},"end":{"line":46,"column":17}},"type":"if","locations":[{"start":{"line":41,"column":16},"end":{"line":46,"column":17}},{"start":{"line":41,"column":16},"end":{"line":46,"column":17}}],"line":41},"8":{"loc":{"start":{"line":55,"column":16},"end":{"line":63,"column":17}},"type":"if","locations":[{"start":{"line":55,"column":16},"end":{"line":63,"column":17}},{"start":{"line":55,"column":16},"end":{"line":63,"column":17}}],"line":55},"9":{"loc":{"start":{"line":58,"column":21},"end":{"line":63,"column":17}},"type":"if","locations":[{"start":{"line":58,"column":21},"end":{"line":63,"column":17}},{"start":{"line":58,"column":21},"end":{"line":63,"column":17}}],"line":58},"10":{"loc":{"start":{"line":73,"column":16},"end":{"line":81,"column":17}},"type":"if","locations":[{"start":{"line":73,"column":16},"end":{"line":81,"column":17}},{"start":{"line":73,"column":16},"end":{"line":81,"column":17}}],"line":73},"11":{"loc":{"start":{"line":76,"column":21},"end":{"line":81,"column":17}},"type":"if","locations":[{"start":{"line":76,"column":21},"end":{"line":81,"column":17}},{"start":{"line":76,"column":21},"end":{"line":81,"column":17}}],"line":76},"12":{"loc":{"start":{"line":92,"column":16},"end":{"line":100,"column":17}},"type":"if","locations":[{"start":{"line":92,"column":16},"end":{"line":100,"column":17}},{"start":{"line":92,"column":16},"end":{"line":100,"column":17}}],"line":92},"13":{"loc":{"start":{"line":95,"column":21},"end":{"line":100,"column":17}},"type":"if","locations":[{"start":{"line":95,"column":21},"end":{"line":100,"column":17}},{"start":{"line":95,"column":21},"end":{"line":100,"column":17}}],"line":95},"14":{"loc":{"start":{"line":110,"column":16},"end":{"line":118,"column":17}},"type":"if","locations":[{"start":{"line":110,"column":16},"end":{"line":118,"column":17}},{"start":{"line":110,"column":16},"end":{"line":118,"column":17}}],"line":110},"15":{"loc":{"start":{"line":113,"column":21},"end":{"line":118,"column":17}},"type":"if","locations":[{"start":{"line":113,"column":21},"end":{"line":118,"column":17}},{"start":{"line":113,"column":21},"end":{"line":118,"column":17}}],"line":113},"16":{"loc":{"start":{"line":128,"column":16},"end":{"line":136,"column":17}},"type":"if","locations":[{"start":{"line":128,"column":16},"end":{"line":136,"column":17}},{"start":{"line":128,"column":16},"end":{"line":136,"column":17}}],"line":128},"17":{"loc":{"start":{"line":131,"column":21},"end":{"line":136,"column":17}},"type":"if","locations":[{"start":{"line":131,"column":21},"end":{"line":136,"column":17}},{"start":{"line":131,"column":21},"end":{"line":136,"column":17}}],"line":131}},"s":{"0":1,"1":23,"2":7,"3":7,"4":0,"5":0,"6":0,"7":0,"8":24,"9":7,"10":23,"11":1,"12":4,"13":1,"14":1,"15":1,"16":1,"17":1,"18":23,"19":23,"20":3,"21":3,"22":3,"23":2,"24":1,"25":2,"26":1,"27":1,"28":23,"29":4,"30":4,"31":4,"32":1,"33":3,"34":1,"35":2,"36":1,"37":1,"38":23,"39":4,"40":4,"41":4,"42":4,"43":1,"44":3,"45":1,"46":2,"47":1,"48":1,"49":23,"50":4,"51":4,"52":4,"53":4,"54":4,"55":1,"56":3,"57":1,"58":2,"59":1,"60":1,"61":23,"62":4,"63":4,"64":4,"65":3,"66":1,"67":3,"68":1,"69":2,"70":1,"71":1,"72":23,"73":4,"74":4,"75":4,"76":3,"77":1,"78":3,"79":1,"80":2,"81":1,"82":1,"83":23,"84":1,"85":1},"f":{"0":23,"1":23,"2":7,"3":0,"4":24,"5":7,"6":4,"7":23,"8":3,"9":3,"10":4,"11":4,"12":4,"13":4,"14":4,"15":4,"16":4,"17":4,"18":4,"19":4},"b":{"0":[1,1,1],"1":[23,23],"2":[17,7],"3":[23,23],"4":[1,1,1],"5":[3,1],"6":[4,4],"7":[1,1],"8":[1,2],"9":[1,1],"10":[1,2],"11":[1,1],"12":[1,2],"13":[1,1],"14":[1,2],"15":[1,1],"16":[1,2],"17":[1,1]},"_coverageSchema":"43e27e138ebf9cfc5966b082cf9a028302ed4184","hash":"31474f69d84ce3b6d8c117a64299c9be6150cf78","contentHash":"6d1e1298ea7a0578defa33f4cea4ce568084697e7409c05eeba230be3952d8e2"},"/home/nineleaps/Store_Pet/app/constants/AppConstant.ts":{"path":"/home/nineleaps/Store_Pet/app/constants/AppConstant.ts","statementMap":{"0":{"start":{"line":2,"column":0},"end":{"line":2,"column":62}},"1":{"start":{"line":3,"column":0},"end":{"line":9,"column":2}},"2":{"start":{"line":10,"column":0},"end":{"line":16,"column":2}},"3":{"start":{"line":17,"column":0},"end":{"line":20,"column":2}}},"fnMap":{},"branchMap":{},"s":{"0":1,"1":1,"2":1,"3":1},"f":{},"b":{},"_coverageSchema":"43e27e138ebf9cfc5966b082cf9a028302ed4184","hash":"2df42fdb010133d1f6a2f97fe2e5c62d98638afd","contentHash":"a1634a2127d0fa5494d1c433b953b6418ceeba3c5b722f69a3aa78cf4f8735a9"},"/home/nineleaps/Store_Pet/app/controllers/BaseController.ts":{"path":"/home/nineleaps/Store_Pet/app/controllers/BaseController.ts","statementMap":{"0":{"start":{"line":2,"column":0},"end":{"line":2,"column":62}},"1":{"start":{"line":3,"column":22},"end":{"line":3,"column":56}},"2":{"start":{"line":6,"column":8},"end":{"line":6,"column":59}},"3":{"start":{"line":9,"column":0},"end":{"line":9,"column":33}}},"fnMap":{"0":{"name":"(anonymous_0)","decl":{"start":{"line":5,"column":4},"end":{"line":5,"column":5}},"loc":{"start":{"line":5,"column":18},"end":{"line":7,"column":5}},"line":5}},"branchMap":{},"s":{"0":1,"1":1,"2":23,"3":1},"f":{"0":23},"b":{},"_coverageSchema":"43e27e138ebf9cfc5966b082cf9a028302ed4184","hash":"3ae19131ede360b52d91b21619121d65bcc17201","contentHash":"fd5ab476979b49e79d3f7c14a96d26960835134cd5203a741f563450abfb8182"},"/home/nineleaps/Store_Pet/app/services/AppResponse.ts":{"path":"/home/nineleaps/Store_Pet/app/services/AppResponse.ts","statementMap":{"0":{"start":{"line":2,"column":0},"end":{"line":2,"column":62}},"1":{"start":{"line":5,"column":8},"end":{"line":5,"column":27}},"2":{"start":{"line":6,"column":8},"end":{"line":6,"column":31}},"3":{"start":{"line":7,"column":8},"end":{"line":7,"column":29}},"4":{"start":{"line":8,"column":8},"end":{"line":8,"column":40}},"5":{"start":{"line":9,"column":8},"end":{"line":9,"column":41}},"6":{"start":{"line":10,"column":8},"end":{"line":15,"column":10}},"7":{"start":{"line":11,"column":12},"end":{"line":14,"column":15}},"8":{"start":{"line":16,"column":8},"end":{"line":27,"column":10}},"9":{"start":{"line":17,"column":12},"end":{"line":26,"column":15}},"10":{"start":{"line":28,"column":8},"end":{"line":39,"column":10}},"11":{"start":{"line":29,"column":12},"end":{"line":38,"column":15}},"12":{"start":{"line":40,"column":8},"end":{"line":51,"column":10}},"13":{"start":{"line":41,"column":12},"end":{"line":50,"column":15}},"14":{"start":{"line":52,"column":8},"end":{"line":63,"column":10}},"15":{"start":{"line":53,"column":12},"end":{"line":62,"column":15}},"16":{"start":{"line":66,"column":0},"end":{"line":66,"column":34}}},"fnMap":{"0":{"name":"(anonymous_0)","decl":{"start":{"line":4,"column":4},"end":{"line":4,"column":5}},"loc":{"start":{"line":4,"column":18},"end":{"line":64,"column":5}},"line":4},"1":{"name":"(anonymous_1)","decl":{"start":{"line":10,"column":23},"end":{"line":10,"column":24}},"loc":{"start":{"line":10,"column":38},"end":{"line":15,"column":9}},"line":10},"2":{"name":"(anonymous_2)","decl":{"start":{"line":16,"column":21},"end":{"line":16,"column":22}},"loc":{"start":{"line":16,"column":63},"end":{"line":27,"column":9}},"line":16},"3":{"name":"(anonymous_3)","decl":{"start":{"line":28,"column":35},"end":{"line":28,"column":36}},"loc":{"start":{"line":28,"column":77},"end":{"line":39,"column":9}},"line":28},"4":{"name":"(anonymous_4)","decl":{"start":{"line":40,"column":26},"end":{"line":40,"column":27}},"loc":{"start":{"line":40,"column":68},"end":{"line":51,"column":9}},"line":40},"5":{"name":"(anonymous_5)","decl":{"start":{"line":52,"column":24},"end":{"line":52,"column":25}},"loc":{"start":{"line":52,"column":66},"end":{"line":63,"column":9}},"line":52}},"branchMap":{"0":{"loc":{"start":{"line":16,"column":42},"end":{"line":16,"column":58}},"type":"default-arg","locations":[{"start":{"line":16,"column":56},"end":{"line":16,"column":58}}],"line":16},"1":{"loc":{"start":{"line":28,"column":56},"end":{"line":28,"column":72}},"type":"default-arg","locations":[{"start":{"line":28,"column":70},"end":{"line":28,"column":72}}],"line":28},"2":{"loc":{"start":{"line":40,"column":47},"end":{"line":40,"column":63}},"type":"default-arg","locations":[{"start":{"line":40,"column":61},"end":{"line":40,"column":63}}],"line":40},"3":{"loc":{"start":{"line":52,"column":45},"end":{"line":52,"column":61}},"type":"default-arg","locations":[{"start":{"line":52,"column":59},"end":{"line":52,"column":61}}],"line":52}},"s":{"0":1,"1":28,"2":28,"3":28,"4":28,"5":28,"6":28,"7":1,"8":28,"9":1,"10":28,"11":1,"12":28,"13":1,"14":28,"15":1,"16":1},"f":{"0":28,"1":1,"2":1,"3":1,"4":1,"5":1},"b":{"0":[0],"1":[0],"2":[0],"3":[0]},"_coverageSchema":"43e27e138ebf9cfc5966b082cf9a028302ed4184","hash":"27de009ed6051cd8f13889005cebe9303bfdf9e0","contentHash":"5f1ea3b895e27739ecc9c3c15dd125040ea31c114cdee4ce2d646fd600e51498"},"/home/nineleaps/Store_Pet/app/test/repositories/PetRepository.test.ts":{"path":"/home/nineleaps/Store_Pet/app/test/repositories/PetRepository.test.ts","statementMap":{"0":{"start":{"line":2,"column":16},"end":{"line":9,"column":1}},"1":{"start":{"line":3,"column":4},"end":{"line":8,"column":7}},"2":{"start":{"line":4,"column":36},"end":{"line":4,"column":97}},"3":{"start":{"line":4,"column":42},"end":{"line":4,"column":70}},"4":{"start":{"line":4,"column":85},"end":{"line":4,"column":95}},"5":{"start":{"line":5,"column":35},"end":{"line":5,"column":100}},"6":{"start":{"line":5,"column":41},"end":{"line":5,"column":73}},"7":{"start":{"line":5,"column":88},"end":{"line":5,"column":98}},"8":{"start":{"line":6,"column":32},"end":{"line":6,"column":149}},"9":{"start":{"line":6,"column":97},"end":{"line":6,"column":119}},"10":{"start":{"line":7,"column":8},"end":{"line":7,"column":78}},"11":{"start":{"line":10,"column":22},"end":{"line":12,"column":1}},"12":{"start":{"line":11,"column":4},"end":{"line":11,"column":62}},"13":{"start":{"line":13,"column":0},"end":{"line":13,"column":62}},"14":{"start":{"line":14,"column":14},"end":{"line":14,"column":58}},"15":{"start":{"line":15,"column":24},"end":{"line":15,"column":67}},"16":{"start":{"line":16,"column":15},"end":{"line":16,"column":47}},"17":{"start":{"line":17,"column":16},"end":{"line":17,"column":49}},"18":{"start":{"line":18,"column":15},"end":{"line":18,"column":36}},"19":{"start":{"line":19,"column":0},"end":{"line":144,"column":4}},"20":{"start":{"line":19,"column":38},"end":{"line":144,"column":2}},"21":{"start":{"line":21,"column":4},"end":{"line":23,"column":7}},"22":{"start":{"line":22,"column":8},"end":{"line":22,"column":59}},"23":{"start":{"line":24,"column":4},"end":{"line":43,"column":8}},"24":{"start":{"line":24,"column":49},"end":{"line":43,"column":6}},"25":{"start":{"line":25,"column":21},"end":{"line":38,"column":14}},"26":{"start":{"line":39,"column":8},"end":{"line":39,"column":46}},"27":{"start":{"line":40,"column":25},"end":{"line":40,"column":79}},"28":{"start":{"line":41,"column":8},"end":{"line":41,"column":61}},"29":{"start":{"line":42,"column":8},"end":{"line":42,"column":44}},"30":{"start":{"line":44,"column":4},"end":{"line":63,"column":8}},"31":{"start":{"line":44,"column":56},"end":{"line":63,"column":6}},"32":{"start":{"line":45,"column":20},"end":{"line":58,"column":14}},"33":{"start":{"line":59,"column":8},"end":{"line":59,"column":49}},"34":{"start":{"line":60,"column":25},"end":{"line":60,"column":89}},"35":{"start":{"line":61,"column":8},"end":{"line":61,"column":65}},"36":{"start":{"line":62,"column":8},"end":{"line":62,"column":43}},"37":{"start":{"line":64,"column":4},"end":{"line":83,"column":8}},"38":{"start":{"line":64,"column":58},"end":{"line":83,"column":6}},"39":{"start":{"line":65,"column":20},"end":{"line":78,"column":14}},"40":{"start":{"line":79,"column":8},"end":{"line":79,"column":45}},"41":{"start":{"line":80,"column":25},"end":{"line":80,"column":92}},"42":{"start":{"line":81,"column":8},"end":{"line":81,"column":62}},"43":{"start":{"line":82,"column":8},"end":{"line":82,"column":43}},"44":{"start":{"line":84,"column":4},"end":{"line":103,"column":8}},"45":{"start":{"line":84,"column":48},"end":{"line":103,"column":6}},"46":{"start":{"line":85,"column":20},"end":{"line":98,"column":14}},"47":{"start":{"line":99,"column":8},"end":{"line":99,"column":47}},"48":{"start":{"line":100,"column":25},"end":{"line":100,"column":81}},"49":{"start":{"line":101,"column":8},"end":{"line":101,"column":63}},"50":{"start":{"line":102,"column":8},"end":{"line":102,"column":43}},"51":{"start":{"line":104,"column":4},"end":{"line":123,"column":8}},"52":{"start":{"line":104,"column":56},"end":{"line":123,"column":6}},"53":{"start":{"line":105,"column":20},"end":{"line":118,"column":14}},"54":{"start":{"line":119,"column":8},"end":{"line":119,"column":58}},"55":{"start":{"line":120,"column":25},"end":{"line":120,"column":88}},"56":{"start":{"line":121,"column":8},"end":{"line":121,"column":74}},"57":{"start":{"line":122,"column":8},"end":{"line":122,"column":43}},"58":{"start":{"line":124,"column":4},"end":{"line":143,"column":8}},"59":{"start":{"line":124,"column":54},"end":{"line":143,"column":6}},"60":{"start":{"line":125,"column":20},"end":{"line":138,"column":14}},"61":{"start":{"line":139,"column":8},"end":{"line":139,"column":58}},"62":{"start":{"line":140,"column":25},"end":{"line":140,"column":93}},"63":{"start":{"line":141,"column":8},"end":{"line":141,"column":74}},"64":{"start":{"line":142,"column":8},"end":{"line":142,"column":43}}},"fnMap":{"0":{"name":"(anonymous_0)","decl":{"start":{"line":2,"column":44},"end":{"line":2,"column":45}},"loc":{"start":{"line":2,"column":89},"end":{"line":9,"column":1}},"line":2},"1":{"name":"(anonymous_1)","decl":{"start":{"line":3,"column":36},"end":{"line":3,"column":37}},"loc":{"start":{"line":3,"column":63},"end":{"line":8,"column":5}},"line":3},"2":{"name":"fulfilled","decl":{"start":{"line":4,"column":17},"end":{"line":4,"column":26}},"loc":{"start":{"line":4,"column":34},"end":{"line":4,"column":99}},"line":4},"3":{"name":"rejected","decl":{"start":{"line":5,"column":17},"end":{"line":5,"column":25}},"loc":{"start":{"line":5,"column":33},"end":{"line":5,"column":102}},"line":5},"4":{"name":"step","decl":{"start":{"line":6,"column":17},"end":{"line":6,"column":21}},"loc":{"start":{"line":6,"column":30},"end":{"line":6,"column":151}},"line":6},"5":{"name":"(anonymous_5)","decl":{"start":{"line":6,"column":76},"end":{"line":6,"column":77}},"loc":{"start":{"line":6,"column":95},"end":{"line":6,"column":121}},"line":6},"6":{"name":"(anonymous_6)","decl":{"start":{"line":10,"column":56},"end":{"line":10,"column":57}},"loc":{"start":{"line":10,"column":71},"end":{"line":12,"column":1}},"line":10},"7":{"name":"(anonymous_7)","decl":{"start":{"line":19,"column":32},"end":{"line":19,"column":33}},"loc":{"start":{"line":19,"column":38},"end":{"line":144,"column":2}},"line":19},"8":{"name":"(anonymous_8)","decl":{"start":{"line":19,"column":70},"end":{"line":19,"column":71}},"loc":{"start":{"line":19,"column":83},"end":{"line":144,"column":1}},"line":19},"9":{"name":"(anonymous_9)","decl":{"start":{"line":21,"column":11},"end":{"line":21,"column":12}},"loc":{"start":{"line":21,"column":17},"end":{"line":23,"column":5}},"line":21},"10":{"name":"(anonymous_10)","decl":{"start":{"line":24,"column":43},"end":{"line":24,"column":44}},"loc":{"start":{"line":24,"column":49},"end":{"line":43,"column":6}},"line":24},"11":{"name":"(anonymous_11)","decl":{"start":{"line":24,"column":81},"end":{"line":24,"column":82}},"loc":{"start":{"line":24,"column":94},"end":{"line":43,"column":5}},"line":24},"12":{"name":"(anonymous_12)","decl":{"start":{"line":44,"column":50},"end":{"line":44,"column":51}},"loc":{"start":{"line":44,"column":56},"end":{"line":63,"column":6}},"line":44},"13":{"name":"(anonymous_13)","decl":{"start":{"line":44,"column":
[...]
:1,"28":1,"29":1,"30":1,"31":1,"32":1,"33":1,"34":1,"35":1,"36":1,"37":1,"38":1,"39":1,"40":1,"41":1,"42":1,"43":1,"44":1,"45":1,"46":1,"47":1,"48":1,"49":1,"50":1,"51":1,"52":1,"53":1,"54":1,"55":1,"56":1,"57":1,"58":1,"59":1,"60":1,"61":1,"62":1,"63":1,"64":1,"65":1,"66":1,"67":1,"68":1,"69":1,"70":1,"71":1,"72":1,"73":1,"74":1,"75":1,"76":1,"77":1,"78":1,"79":1,"80":1,"81":1,"82":1,"83":1,"84":1,"85":1,"86":1,"87":1},"f":{"0":12,"1":12,"2":10,"3":0,"4":22,"5":10,"6":3,"7":1,"8":1,"9":5,"10":5,"11":1,"12":1,"13":1,"14":1,"15":1,"16":1,"17":1,"18":1,"19":1,"20":1,"21":1,"22":1},"b":{"0":[1,1,1],"1":[12,12],"2":[12,10],"3":[12,12],"4":[1,1,1],"5":[0,3],"6":[3,3]},"_coverageSchema":"43e27e138ebf9cfc5966b082cf9a028302ed4184","hash":"ae6abb11d2e6836c5443481d96220256ef36a2f8","contentHash":"5165378ccb670e53f2d2e47e001f8ea45ef27dd6e375c592ff898bb153e81484"},"/home/nineleaps/Store_Pet/app/test/services/PetServices.test.ts":{"path":"/home/nineleaps/Store_Pet/app/test/services/PetServices.test.ts","statementMap":{"0":{"start":{"line":2,"column":16},"end":{"line":9,"column":1}},"1":{"start":{"line":3,"column":4},"end":{"line":8,"column":7}},"2":{"start":{"line":4,"column":36},"end":{"line":4,"column":97}},"3":{"start":{"line":4,"column":42},"end":{"line":4,"column":70}},"4":{"start":{"line":4,"column":85},"end":{"line":4,"column":95}},"5":{"start":{"line":5,"column":35},"end":{"line":5,"column":100}},"6":{"start":{"line":5,"column":41},"end":{"line":5,"column":73}},"7":{"start":{"line":5,"column":88},"end":{"line":5,"column":98}},"8":{"start":{"line":6,"column":32},"end":{"line":6,"column":149}},"9":{"start":{"line":6,"column":97},"end":{"line":6,"column":119}},"10":{"start":{"line":7,"column":8},"end":{"line":7,"column":78}},"11":{"start":{"line":10,"column":22},"end":{"line":12,"column":1}},"12":{"start":{"line":11,"column":4},"end":{"line":11,"column":62}},"13":{"start":{"line":13,"column":0},"end":{"line":13,"column":62}},"14":{"start":{"line":14,"column":15},"end":{"line":14,"column":47}},"15":{"start":{"line":15,"column":27},"end":{"line":15,"column":71}},"16":{"start":{"line":16,"column":16},"end":{"line":16,"column":49}},"17":{"start":{"line":17,"column":24},"end":{"line":17,"column":67}},"18":{"start":{"line":18,"column":21},"end":{"line":18,"column":74}},"19":{"start":{"line":19,"column":0},"end":{"line":19,"column":47}},"20":{"start":{"line":20,"column":15},"end":{"line":20,"column":36}},"21":{"start":{"line":21,"column":0},"end":{"line":139,"column":3}},"22":{"start":{"line":24,"column":4},"end":{"line":40,"column":7}},"23":{"start":{"line":25,"column":8},"end":{"line":25,"column":86}},"24":{"start":{"line":26,"column":8},"end":{"line":39,"column":15}},"25":{"start":{"line":41,"column":4},"end":{"line":54,"column":8}},"26":{"start":{"line":41,"column":53},"end":{"line":54,"column":6}},"27":{"start":{"line":42,"column":8},"end":{"line":47,"column":12}},"28":{"start":{"line":42,"column":55},"end":{"line":47,"column":10}},"29":{"start":{"line":43,"column":12},"end":{"line":43,"column":55}},"30":{"start":{"line":44,"column":29},"end":{"line":44,"column":91}},"31":{"start":{"line":45,"column":12},"end":{"line":45,"column":76}},"32":{"start":{"line":46,"column":12},"end":{"line":46,"column":42}},"33":{"start":{"line":48,"column":8},"end":{"line":53,"column":12}},"34":{"start":{"line":48,"column":39},"end":{"line":53,"column":10}},"35":{"start":{"line":49,"column":26},"end":{"line":49,"column":37}},"36":{"start":{"line":50,"column":12},"end":{"line":50,"column":61}},"37":{"start":{"line":51,"column":12},"end":{"line":51,"column":98}},"38":{"start":{"line":52,"column":12},"end":{"line":52,"column":76}},"39":{"start":{"line":55,"column":4},"end":{"line":68,"column":8}},"40":{"start":{"line":55,"column":61},"end":{"line":68,"column":6}},"41":{"start":{"line":56,"column":8},"end":{"line":61,"column":12}},"42":{"start":{"line":56,"column":62},"end":{"line":61,"column":10}},"43":{"start":{"line":57,"column":12},"end":{"line":57,"column":55}},"44":{"start":{"line":58,"column":29},"end":{"line":58,"column":102}},"45":{"start":{"line":59,"column":12},"end":{"line":59,"column":76}},"46":{"start":{"line":60,"column":12},"end":{"line":60,"column":42}},"47":{"start":{"line":62,"column":8},"end":{"line":67,"column":12}},"48":{"start":{"line":62,"column":39},"end":{"line":67,"column":10}},"49":{"start":{"line":63,"column":26},"end":{"line":63,"column":37}},"50":{"start":{"line":64,"column":12},"end":{"line":64,"column":61}},"51":{"start":{"line":65,"column":12},"end":{"line":65,"column":109}},"52":{"start":{"line":66,"column":12},"end":{"line":66,"column":76}},"53":{"start":{"line":69,"column":4},"end":{"line":82,"column":8}},"54":{"start":{"line":69,"column":63},"end":{"line":82,"column":6}},"55":{"start":{"line":70,"column":8},"end":{"line":75,"column":12}},"56":{"start":{"line":70,"column":64},"end":{"line":75,"column":10}},"57":{"start":{"line":71,"column":12},"end":{"line":71,"column":57}},"58":{"start":{"line":72,"column":29},"end":{"line":72,"column":105}},"59":{"start":{"line":73,"column":12},"end":{"line":73,"column":78}},"60":{"start":{"line":74,"column":12},"end":{"line":74,"column":42}},"61":{"start":{"line":76,"column":8},"end":{"line":81,"column":12}},"62":{"start":{"line":76,"column":39},"end":{"line":81,"column":10}},"63":{"start":{"line":77,"column":26},"end":{"line":77,"column":37}},"64":{"start":{"line":78,"column":12},"end":{"line":78,"column":63}},"65":{"start":{"line":79,"column":12},"end":{"line":79,"column":112}},"66":{"start":{"line":80,"column":12},"end":{"line":80,"column":78}},"67":{"start":{"line":83,"column":4},"end":{"line":96,"column":8}},"68":{"start":{"line":83,"column":54},"end":{"line":96,"column":6}},"69":{"start":{"line":84,"column":8},"end":{"line":89,"column":12}},"70":{"start":{"line":84,"column":40},"end":{"line":89,"column":10}},"71":{"start":{"line":85,"column":12},"end":{"line":85,"column":54}},"72":{"start":{"line":86,"column":29},"end":{"line":86,"column":94}},"73":{"start":{"line":87,"column":12},"end":{"line":87,"column":75}},"74":{"start":{"line":88,"column":12},"end":{"line":88,"column":42}},"75":{"start":{"line":90,"column":8},"end":{"line":95,"column":12}},"76":{"start":{"line":90,"column":39},"end":{"line":95,"column":10}},"77":{"start":{"line":91,"column":26},"end":{"line":91,"column":37}},"78":{"start":{"line":92,"column":12},"end":{"line":92,"column":60}},"79":{"start":{"line":93,"column":12},"end":{"line":93,"column":101}},"80":{"start":{"line":94,"column":12},"end":{"line":94,"column":75}},"81":{"start":{"line":97,"column":4},"end":{"line":110,"column":8}},"82":{"start":{"line":97,"column":63},"end":{"line":110,"column":6}},"83":{"start":{"line":98,"column":8},"end":{"line":103,"column":12}},"84":{"start":{"line":98,"column":64},"end":{"line":103,"column":10}},"85":{"start":{"line":99,"column":12},"end":{"line":99,"column":54}},"86":{"start":{"line":100,"column":29},"end":{"line":100,"column":101}},"87":{"start":{"line":101,"column":12},"end":{"line":101,"column":75}},"88":{"start":{"line":102,"column":12},"end":{"line":102,"column":42}},"89":{"start":{"line":104,"column":8},"end":{"line":109,"column":12}},"90":{"start":{"line":104,"column":39},"end":{"line":109,"column":10}},"91":{"start":{"line":105,"column":26},"end":{"line":105,"column":37}},"92":{"start":{"line":106,"column":12},"end":{"line":106,"column":60}},"93":{"start":{"line":107,"column":12},"end":{"line":107,"column":108}},"94":{"start":{"line":108,"column":12},"end":{"line":108,"column":75}},"95":{"start":{"line":111,"column":4},"end":{"line":138,"column":8}},"96":{"start":{"line":111,"column":63},"end":{"line":138,"column":6}},"97":{"start":{"line":112,"column":25},"end":{"line":125,"column":14}},"98":{"start":{"line":126,"column":8},"end":{"line":131,"column":12}},"99":{"start":{"line":126,"column":64},"end":{"line":131,"column":10}},"100":{"start":{"line":127,"column":12},"end":{"line":127,"column":54}},"101":{"start":{"line":128,"column":29},"end":{"line":128,"column":113}},"102":{"start":{"line":129,"column":12},"end":{"line":129,"column":75}},"103":{"start":{"line":130,"column":12},"end":{"line":130,"column":42}},"104":{"start":{"line":132,"column":8},"end":{"line":137,"column":12}},"105":{"start":{"line":132,"column":39},"end":{"line":137,"column":10}},"106":{"start":{"line":133,"column":26},"end":{"line":133,"column":37}},"107":{"start":{"line":134,"column":12},"end":{"line":134,"column":60}},"108":{"start":{"line":135,"column":12},"end":{"line":135,"column":120}},"109":{"start":{"line":136,"column":12},"end":{"line":136,"column":75}}},"fnMap":{"0":{"name":"(anonymous_0)","decl":{"start":{"line":2,"column":44},"end":{"line":2,"column":45}},"loc":{"start":{"line":2,"column":89},"end":{"line":9,"column":1}},"line":2},"1":{"name":"(anonymous_1)","decl":{"start":{"line":3,"column":36},"end":{"line":3,"column":37}},"loc":{"start":{"line":3,"column":63},"end":{"line":8,"column":5}},"line":3},"2":{"name":"fulfilled","decl":{"start":{"line":4,"column":17},"end":{"line":4,"column":26}},"loc":{"start":{"line":4,"column":34},"end":{"line":4,"column":99}},"line":4},"3":{"name":"rejected","decl":{"start":{"line":5,"column":17},"end":{"line":5,"column":25}},"loc":{"start":{"line":5,"column":33},"end":{"line":5,"column":102}},"line":5},"4":{"name":"step","decl":{"start":{"line":6,"column":17},"end":{"line":6,"column":21}},"loc":{"start":{"line":6,"column":30},"end":{"line":6,"column":151}},"line":6},"5":{"name":"(anonymous_5)","decl":{"start":{"line":6,"column":76},"end":{"line":6,"column":77}},"loc":{"start":{"line":6,"column":95},"end":{"line":6,"column":121}},"line":6},"6":{"name":"(anonymous_6)","decl":{"start":{"line":10,"column":56},"end":{"line":10,"column":57}},"loc":{"start":{"line":10,"column":71},"end":{"line":12,"column":1}},"line":10},"7":{"name":"(anonymous_7)","decl":{"start":{"line":21,"column":29},"end":{"line":21,"column":30}},"loc":{"start":{"line":21,"column":35},"end":{"line":139,"column":1}},"line":21},"8":{"name":"(anonymous_8)","decl":{"start":{"line":24,"column":15},"end":{"line":24,"column":16}},"loc":{"start":{"line":24,"column":21},"end":{"line":40,"column":5}},"line":24},"9":{"name":"(anonymous_9)","decl":{"start":{"line":41,"column":47},"end":{"line":41,"column":48}},"loc":{"start":{"line":41,"column":53},"end":{"line":54,"column":6}},"line":41},"10":{"name":"(anonymous_10)","decl":{"start":{"line":41,"column":85},"end":{"line":41,"column":86}},"loc":{"start":{"line":41,"column":98},"end":{"line":54,"column":5}},"line":41},"11":{"name":"(anonymous_11)","decl":{"start":{"line":42,"column":49},"end":{"line":42,"column":50}},"loc":{"start":{"line":42,"column":55},"end":{"line":47,"column":10}},"line":42},"12":{"name":"(anonymous_12)","decl":{"start":{"line":42,"column":87},"end":{"line":42,"column":88}},"loc":{"start":{"line":42,"column":100},"end":{"line":47,"column":9}},"line":42},"13":{"name":"(anonymous_13)","decl":{"start":{"line":48,"column":33},"end":{"line":48,"column":34}},"loc":{"start":{"line":48,"column":39},"end":{"line":53,"column":10}},"line":48},"14":{"name":"(anonymous_14)","decl":{"start":{"line":48,"column":71},"end":{"line":48,"column":72}},"loc":{"start":{"line":48,"column":84},"end":{"line":53,"column":9}},"line":48},"15":{"name":"(anonymous_15)","decl":{"start":{"line":55,"column":55},"end":{"line":55,"column":56}},"loc":{"start":{"line":55,"column":61},"end":{"line":68,"column":6}},"line":55},"16":{"name":"(anonymous_16)","decl":{"start":{"line":55,"column":93},"end":{"line":55,"column":94}},"loc":{"start":{"line":55,"column":106},"end":{"line":68,"column":5}},"line":55},"17":{"name":"(anonymous_17)","decl":{"start":{"line":56,"column":56},"end":{"line":56,"column":57}},"loc":{"start":{"line":56,"column":62},"end":{"line":61,"column":10}},"line":56},"18":{"name":"(anonymous_18)","decl":{"start":{"line":56,"column":94},"end":{"line":56,"column":95}},"loc":{"start":{"line":56,"column":107},"end":{"line":61,"column":9}},"line":56},"19":{"name":"(anonymous_19)","decl":{"start":{"line":62,"column":33},"end":{"line":62,"column":34}},"loc":{"start":{"line":62,"column":39},"end":{"line":67,"column":10}},"line":62},"20":{"name":"(anonymous_20)","decl":{"start":{"line":62,"column":71},"end":{"line":62,"column":72}},"loc":{"start":{"line":62,"column":84},"end":{"line":67,"column":9}},"line":62},"21":{"name":"(anonymous_21)","decl":{"start":{"line":69,"column":57},"end":{"line":69,"column":58}},"loc":{"start":{"line":69,"column":63},"end":{"line":82,"column":6}},"line":69},"22":{"name":"(anonymous_22)","decl":{"start":{"line":69,"column":95},"end":{"line":69,"column":96}},"loc":{"start":{"line":69,"column":108},"end":{"line":82,"column":5}},"line":69},"23":{"name":"(anonymous_23)","decl":{"start":{"line":70,"column":58},"end":{"line":70,"column":59}},"loc":{"start":{"line":70,"column":64},"end":{"line":75,"column":10}},"line":70},"24":{"name":"(anonymous_24)","decl":{"start":{"line":70,"column":96},"end":{"line":70,"column":97}},"loc":{"start":{"line":70,"column":109},"end":{"line":75,"column":9}},"line":70},"25":{"name":"(anonymous_25)","decl":{"start":{"line":76,"column":33},"end":{"line":76,"column":34}},"loc":{"start":{"line":76,"column":39},"end":{"line":81,"column":10}},"line":76},"26":{"name":"(anonymous_26)","decl":{"start":{"line":76,"column":71},"end":{"line":76,"column":72}},"loc":{"start":{"line":76,"column":84},"end":{"line":81,"column":9}},"line":76},"27":{"name":"(anonymous_27)","decl":{"start":{"line":83,"column":48},"end":{"line":83,"column":49}},"loc":{"start":{"line":83,"column":54},"end":{"line":96,"column":6}},"line":83},"28":{"name":"(anonymous_28)","decl":{"start":{"line":83,"column":86},"end":{"line":83,"column":87}},"loc":{"start":{"line":83,"column":99},"end":{"line":96,"column":5}},"line":83},"29":{"name":"(anonymous_29)","decl":{"start":{"line":84,"column":34},"end":{"line":84,"column":35}},"loc":{"start":{"line":84,"column":40},"end":{"line":89,"column":10}},"line":84},"30":{"name":"(anonymous_30)","decl":{"start":{"line":84,"column":72},"end":{"line":84,"column":73}},"loc":{"start":{"line":84,"column":85},"end":{"line":89,"column":9}},"line":84},"31":{"name":"(anonymous_31)","decl":{"start":{"line":90,"column":33},"end":{"line":90,"column":34}},"loc":{"start":{"line":90,"column":39},"end":{"line":95,"column":10}},"line":90},"32":{"name":"(anonymous_32)","decl":{"start":{"line":90,"column":71},"end":{"line":90,"column":72}},"loc":{"start":{"line":90,"column":84},"end":{"line":95,"column":9}},"line":90},"33":{"name":"(anonymous_33)","decl":{"start":{"line":97,"column":57},"end":{"line":97,"column":58}},"loc":{"start":{"line":97,"column":63},"end":{"line":110,"column":6}},"line":97},"34":{"name":"(anonymous_34)","decl":{"start":{"line":97,"column":95},"end":{"line":97,"column":96}},"loc":{"start":{"line":97,"column":108},"end":{"line":110,"column":5}},"line":97},"35":{"name":"(anonymous_35)","decl":{"start":{"line":98,"column":58},"end":{"line":98,"column":59}},"loc":{"start":{"line":98,"column":64},"end":{"line":103,"column":10}},"line":98},"36":{"name":"(anonymous_36)","decl":{"start":{"line":98,"column":96},"end":{"line":98,"column":97}},"loc":{"start":{"line":98,"column":109},"end":{"line":103,"column":9}},"line":98},"37":{"name":"(anonymous_37)","decl":{"start":{"line":104,"column":33},"end":{"line":104,"column":34}},"loc":{"start":{"line":104,"column":39},"end":{"line":109,"column":10}},"line":104},"38":{"name":"(anonymous_38)","decl":{"start":{"line":104,"column":71},"end":{"line":104,"column":72}},"loc":{"start":{"line":104,"column":84},"end":{"line":109,"column":9}},"line":104},"39":{"name":"(anonymous_39)","decl":{"start":{"line":111,"column":57},"end":{"line":111,"column":58}},"loc":{"start":{"line":111,"column":63},"end":{"line":138,"column":6}},"line":111},"40":{"name":"(anonymous_40)","decl":{"start":{"line":111,"column":95},"end":{"line":111,"column":96}},"loc":{"start":{"line":111,"column":108},"end":{"line":138,"column":5}},"line":111},"41":{"name":"(anonymous_41)","decl":{"start":{"line":126,"column":58},"end":{"line":126,"column":59}},"loc":{"start":{"line":126,"column":64},"end":{"line":131,"column":10}},"line":126},"42":{"name":"(anonymous_42)","decl":{"start":{"line":126,"column":96},"end":{"line":126,"column":97}},"loc":{"start":{"line":126,"column":109},"end":{"line":131,"column":9}},"line":126},"43":{"name":"(anonymous_43)","decl":{"start":{"line":132,"column":33},"end":{"line":132,"column":34}},"loc":{"start":{"line":132,"column":39},"end":{"line":137,"column":10}},"line":132},"44":{"name":"(anonymous_44)","decl":{"start":{"line":132,"column":71},"end":{"line":132,"column":72}},"loc":{"start":{"line":132,"column":84},"end":{"line":137,"column":9}},"line":132}},"branchMap":{"0":{"loc":{"start":{"line":2,"column":16},"end":{"line":9,"column":1}},"type":"binary-expr","locations":[{"start":{"line":2,"column":17},"end":{"line":2,"column":21}},{"start":{"line":2,"column":25},"end":{"line":2,"column":39}},{"start":{"line":2,"column":44},"end":{"line":9,"column":1}}],"line":2},"1":{"loc":{"start":{"line":3,"column":16},"end":{"line":3,"column":34}},"type":"binary-expr","locations":[{"start":{"line":3,"column":16},"end":{"line":3,"column":17}},{"start":{"line":3,"column":22},"end":{"line":3,"column":33}}],"line":3},"2":{"loc":{"start":{"line":6,"column":32},"end":{"line":6,"column":148}},"type":"cond-expr","locations":[{"start":{"line":6,"column":46},"end":{"line":6,"column":67}},{"start":{"line":6,"column":70},"end":{"line":6,"column":148}}],"line":6},"3":{"loc":{"start":{"line":7,"column":51},"end":{"line":7,"column":67}},"type":"binary-expr","locations":[{"start":{"line":7,"column":51},"end":{"line":7,"column":61}},{"start":{"line":7,"column":65},"end":{"line":7,"column":67}}],"line":7},"4":{"loc":{"start":{"line":10,"column":22},"end":{"line":12,"column":1}},"type":"binary-expr","locations":[{"start":{"line":10,"column":23},"end":{"line":10,"column":27}},{"start":{"line":10,"column":31},"end":{"line":10,"column":51}},{"start":{"line":10,"column":56},"end":{"line":12,"column":1}}],"line":10},"5":{"loc":{"start":{"line":11,"column":11},"end":{"line":11,"column":61}},"type":"cond-expr","locations":[{"start":{"line":11,"column":37},"end":{"line":11,"column":40}},{"start":{"line":11,"column":43},"end":{"line":11,"column":61}}],"line":11},"6":{"loc":{"start":{"line":11,"column":12},"end":{"line":11,"column":33}},"type":"binary-expr","locations":[{"start":{"line":11,"column":12},"end":{"line":11,"column":15}},{"start":{"line":11,"column":19},"end":{"line":11,"column":33}}],"line":11}},"s":{"0":1,"1":18,"2":18,"3":18,"4":0,"5":0,"6":0,"7":0,"8":36,"9":18,"10":18,"11":1,"12":4,"13":1,"14":1,"15":1,"16":1,"17":1,"18":1,"19":1,"20":1,"21":1,"22":1,"23":12,"24":12,"25":1,"26":1,"27":1,"28":1,"29":1,"30":1,"31":1,"32":1,"33":1,"34":1,"35":1,"36":1,"37":1,"38":1,"39":1,"40":1,"41":1,"42":1,"43":1,"44":1,"45":1,"46":1,"47":1,"48":1,"49":1,"50":1,"51":1,"52":1,"53":1,"54":1,"55":1,"56":1,"57":1,"58":1,"59":1,"60":1,"61":1,"62":1,"63":1,"64":1,"65":1,"66":1,"67":1,"68":1,"69":1,"70":1,"71":1,"72":1,"73":1,"74":1,"75":1,"76":1,"77":1,"78":1,"79":1,"80":1,"81":1,"82":1,"83":1,"84":1,"85":1,"86":1,"87":1,"88":1,"89":1,"90":1,"91":1,"92":1,"93":1,"94":1,"95":1,"96":1,"97":1,"98":1,"99":1,"100":1,"101":1,"102":1,"103":1,"104":1,"105":1,"106":1,"107":1,"108":1,"109":1},"f":{"0":18,"1":18,"2":18,"3":0,"4":36,"5":18,"6":4,"7":1,"8":12,"9":1,"10":1,"11":1,"12":1,"13":1,"14":1,"15":1,"16":1,"17":1,"18":1,"19":1,"20":1,"21":1,"22":1,"23":1,"24":1,"25":1,"26":1,"27":1,"28":1,"29":1,"30":1,"31":1,"32":1,"33":1,"34":1,"35":1,"36":1,"37":1,"38":1,"39":1,"40":1,"41":1,"42":1,"43":1,"44":1},"b":{"0":[1,1,1],"1":[18,18],"2":[18,18],"3":[18,18],"4":[1,1,1],"5":[1,3],"6":[4,4]},"_coverageSchema":"43e27e138ebf9cfc5966b082cf9a028302ed4184","hash":"766f6cbf4afbaf36e1befcce419ce2cdf561a224","contentHash":"31c1f7a592cdde300bdce4c343c153977fd4a9a24dad45fe75b4b7563e458250"}}